#
# There is insufficient memory for the Java Runtime Environment to continue.
# Native memory allocation (malloc) failed to allocate 1833456 bytes for Chunk::new
# Possible reasons:
#   The system is out of physical RAM or swap space
#   The process is running with CompressedOops enabled, and the Java Heap may be blocking the growth of the native heap
# Possible solutions:
#   Reduce memory load on the system
#   Increase physical memory or swap space
#   Check if swap backing store is full
#   Decrease Java heap size (-Xmx/-Xms)
#   Decrease number of Java threads
#   Decrease Java thread stack sizes (-Xss)
#   Set larger code cache with -XX:ReservedCodeCacheSize=
#   JVM is running with Unscaled Compressed Oops mode in which the Java heap is
#     placed in the first 4GB address space. The Java Heap base address is the
#     maximum limit for the native heap growth. Please use -XX:HeapBaseMinAddress
#     to set the Java Heap base and to place the Java Heap above 4GB virtual address.
# This output file may be truncated or incomplete.
#
#  Out of Memory Error (./src/hotspot/share/memory/arena.cpp:197), pid=2072, tid=12652
#
# JRE version: OpenJDK Runtime Environment (11.0.12+7) (build 11.0.12+7-b1504.28-7817840)
# Java VM: OpenJDK 64-Bit Server VM (11.0.12+7-b1504.28-7817840, mixed mode, tiered, compressed oops, g1 gc, windows-amd64)
# No core dump will be written. Minidumps are not enabled by default on client versions of Windows
#

---------------  S U M M A R Y ------------

Command Line: --add-opens=java.base/java.util=ALL-UNNAMED --add-opens=java.base/java.lang=ALL-UNNAMED --add-opens=java.base/java.lang.invoke=ALL-UNNAMED --add-opens=java.base/java.util=ALL-UNNAMED --add-opens=java.prefs/java.util.prefs=ALL-UNNAMED --add-opens=java.prefs/java.util.prefs=ALL-UNNAMED --add-opens=java.base/java.nio.charset=ALL-UNNAMED --add-opens=java.base/java.net=ALL-UNNAMED --add-opens=java.base/java.util.concurrent.atomic=ALL-UNNAMED -Xmx2048m -Dfile.encoding=UTF-8 -Duser.country=IN -Duser.language=en -Duser.variant org.gradle.launcher.daemon.bootstrap.GradleDaemon 7.2

Host: 11th Gen Intel(R) Core(TM) i5-1135G7 @ 2.40GHz, 8 cores, 7G,  Windows 10 , 64 bit Build 19041 (10.0.19041.2913)
Time: Sun Jun  4 15:52:25 2023 India Standard Time elapsed time: 1.893278 seconds (0d 0h 0m 1s)

---------------  T H R E A D  ---------------

Current thread (0x000001a3da4e3800):  JavaThread "C2 CompilerThread0" daemon [_thread_in_native, id=12652, stack(0x0000005223200000,0x0000005223300000)]


Current CompileTask:
C2:   1893 2180   !   4       java.net.URLClassLoader$1::run (63 bytes)

Stack: [0x0000005223200000,0x0000005223300000]
Native frames: (J=compiled Java code, j=interpreted, Vv=VM code, C=native code)
V  [jvm.dll+0x5fbcea]
V  [jvm.dll+0x731905]
V  [jvm.dll+0x732f1d]
V  [jvm.dll+0x7335d3]
V  [jvm.dll+0x247bf8]
V  [jvm.dll+0xc018c]
V  [jvm.dll+0xc06cc]
V  [jvm.dll+0x35b31d]
V  [jvm.dll+0x328803]
V  [jvm.dll+0x327cfa]
V  [jvm.dll+0x200602]
V  [jvm.dll+0x1ff794]
V  [jvm.dll+0x18868c]
V  [jvm.dll+0x20e0d7]
V  [jvm.dll+0x20c901]
V  [jvm.dll+0x6f9b7f]
V  [jvm.dll+0x6f26a5]
V  [jvm.dll+0x5fabf6]
C  [ucrtbase.dll+0x21bb2]
C  [KERNEL32.DLL+0x17614]
C  [ntdll.dll+0x526a1]


---------------  P R O C E S S  ---------------

Threads class SMR info:
_java_thread_list=0x000001a3dea0e660, length=27, elements={
0x000001a3c002e000, 0x000001a3da4c5800, 0x000001a3da4c6800, 0x000001a3da4dd800,
0x000001a3da4e0000, 0x000001a3da4e1000, 0x000001a3da4e3800, 0x000001a3da4e6000,
0x000001a3dae64000, 0x000001a3dafc3800, 0x000001a3db174000, 0x000001a3dd1d6800,
0x000001a3dcc12800, 0x000001a3dc17c800, 0x000001a3dc868000, 0x000001a3dc924000,
0x000001a3dd6c5800, 0x000001a3dd5a1800, 0x000001a3dd010800, 0x000001a3dd00d000,
0x000001a3dd00e000, 0x000001a3dd012000, 0x000001a3dd011800, 0x000001a3dd013000,
0x000001a3dd014000, 0x000001a3dd00f800, 0x000001a3dd00f000
}

Java Threads: ( => current thread )
  0x000001a3c002e000 JavaThread "main" [_thread_blocked, id=484, stack(0x0000005222600000,0x0000005222700000)]
  0x000001a3da4c5800 JavaThread "Reference Handler" daemon [_thread_blocked, id=8860, stack(0x0000005222d00000,0x0000005222e00000)]
  0x000001a3da4c6800 JavaThread "Finalizer" daemon [_thread_blocked, id=14416, stack(0x0000005222e00000,0x0000005222f00000)]
  0x000001a3da4dd800 JavaThread "Signal Dispatcher" daemon [_thread_blocked, id=4164, stack(0x0000005222f00000,0x0000005223000000)]
  0x000001a3da4e0000 JavaThread "Attach Listener" daemon [_thread_blocked, id=7396, stack(0x0000005223000000,0x0000005223100000)]
  0x000001a3da4e1000 JavaThread "Service Thread" daemon [_thread_blocked, id=17868, stack(0x0000005223100000,0x0000005223200000)]
=>0x000001a3da4e3800 JavaThread "C2 CompilerThread0" daemon [_thread_in_native, id=12652, stack(0x0000005223200000,0x0000005223300000)]
  0x000001a3da4e6000 JavaThread "C1 CompilerThread0" daemon [_thread_blocked, id=12100, stack(0x0000005223300000,0x0000005223400000)]
  0x000001a3dae64000 JavaThread "Sweeper thread" daemon [_thread_blocked, id=4072, stack(0x0000005223400000,0x0000005223500000)]
  0x000001a3dafc3800 JavaThread "Common-Cleaner" daemon [_thread_blocked, id=18092, stack(0x0000005223500000,0x0000005223600000)]
  0x000001a3db174000 JavaThread "C2 CompilerThread1" daemon [_thread_in_native, id=6876, stack(0x0000005223700000,0x0000005223800000)]
  0x000001a3dd1d6800 JavaThread "Daemon health stats" [_thread_blocked, id=9804, stack(0x0000005223900000,0x0000005223a00000)]
  0x000001a3dcc12800 JavaThread "Incoming local TCP Connector on port 53739" [_thread_in_native, id=12240, stack(0x0000005223a00000,0x0000005223b00000)]
  0x000001a3dc17c800 JavaThread "Daemon periodic checks" [_thread_blocked, id=7584, stack(0x0000005223b00000,0x0000005223c00000)]
  0x000001a3dc868000 JavaThread "Daemon" [_thread_blocked, id=18084, stack(0x0000005223c00000,0x0000005223d00000)]
  0x000001a3dc924000 JavaThread "Handler for socket connection from /127.0.0.1:53739 to /127.0.0.1:53740" [_thread_in_native, id=3248, stack(0x0000005223d00000,0x0000005223e00000)]
  0x000001a3dd6c5800 JavaThread "Cancel handler" [_thread_blocked, id=10460, stack(0x0000005223e00000,0x0000005223f00000)]
  0x000001a3dd5a1800 JavaThread "Daemon worker" [_thread_in_Java, id=16040, stack(0x0000005223f00000,0x0000005224000000)]
  0x000001a3dd010800 JavaThread "Asynchronous log dispatcher for DefaultDaemonConnection: socket connection from /127.0.0.1:53739 to /127.0.0.1:53740" [_thread_blocked, id=5000, stack(0x0000005224000000,0x0000005224100000)]
  0x000001a3dd00d000 JavaThread "Stdin handler" [_thread_blocked, id=13472, stack(0x0000005224100000,0x0000005224200000)]
  0x000001a3dd00e000 JavaThread "Daemon client event forwarder" [_thread_blocked, id=9864, stack(0x0000005224200000,0x0000005224300000)]
  0x000001a3dd012000 JavaThread "Cache worker for journal cache (C:\Users\Anchal\.gradle\caches\journal-1)" [_thread_blocked, id=17148, stack(0x0000005224900000,0x0000005224a00000)]
  0x000001a3dd011800 JavaThread "File lock request listener" [_thread_in_native, id=16780, stack(0x0000005224a00000,0x0000005224b00000)]
  0x000001a3dd013000 JavaThread "Cache worker for file hash cache (C:\Users\Anchal\.gradle\caches\7.2\fileHashes)" [_thread_blocked, id=6456, stack(0x0000005224b00000,0x0000005224c00000)]
  0x000001a3dd014000 JavaThread "Cache worker for file hash cache (C:\Users\Anchal\MyMusicPlayer\.gradle\7.2\fileHashes)" [_thread_blocked, id=16356, stack(0x0000005224d00000,0x0000005224e00000)]
  0x000001a3dd00f800 JavaThread "File watcher server" daemon [_thread_in_native, id=3988, stack(0x0000005224e00000,0x0000005224f00000)]
  0x000001a3dd00f000 JavaThread "File watcher consumer" daemon [_thread_blocked, id=16740, stack(0x0000005224f00000,0x0000005225000000)]

Other Threads:
  0x000001a3da4c1000 VMThread "VM Thread" [stack: 0x0000005222c00000,0x0000005222d00000] [id=15568]
  0x000001a3dafde800 WatcherThread [stack: 0x0000005223600000,0x0000005223700000] [id=14988]
  0x000001a3c0047800 GCTaskThread "GC Thread#0" [stack: 0x0000005222700000,0x0000005222800000] [id=6708]
  0x000001a3db94e800 GCTaskThread "GC Thread#1" [stack: 0x0000005223800000,0x0000005223900000] [id=3856]
  0x000001a3dcfd8800 GCTaskThread "GC Thread#2" [stack: 0x0000005224300000,0x0000005224400000] [id=16760]
  0x000001a3dccca800 GCTaskThread "GC Thread#3" [stack: 0x0000005224400000,0x0000005224500000] [id=12232]
  0x000001a3dcccb000 GCTaskThread "GC Thread#4" [stack: 0x0000005224500000,0x0000005224600000] [id=9956]
  0x000001a3dcd90000 GCTaskThread "GC Thread#5" [stack: 0x0000005224600000,0x0000005224700000] [id=14712]
  0x000001a3dcd91000 GCTaskThread "GC Thread#6" [stack: 0x0000005224700000,0x0000005224800000] [id=16268]
  0x000001a3dcffd800 GCTaskThread "GC Thread#7" [stack: 0x0000005224800000,0x0000005224900000] [id=11648]
  0x000001a3c0078800 ConcurrentGCThread "G1 Main Marker" [stack: 0x0000005222800000,0x0000005222900000] [id=11940]
  0x000001a3c007a000 ConcurrentGCThread "G1 Conc#0" [stack: 0x0000005222900000,0x0000005222a00000] [id=1204]
  0x000001a3dd633800 ConcurrentGCThread "G1 Conc#1" [stack: 0x0000005224c00000,0x0000005224d00000] [id=13532]
  0x000001a3c0106000 ConcurrentGCThread "G1 Refine#0" [stack: 0x0000005222a00000,0x0000005222b00000] [id=16856]
  0x000001a3da310800 ConcurrentGCThread "G1 Young RemSet Sampling" [stack: 0x0000005222b00000,0x0000005222c00000] [id=11580]

Threads with active compile tasks:
C2 CompilerThread0   1901 2180   !   4       java.net.URLClassLoader$1::run (63 bytes)
C2 CompilerThread1   1901 2179       4       java.net.URLClassLoader$1::run (5 bytes)

VM state:not at safepoint (normal execution)

VM Mutex/Monitor currently owned by a thread: None

Heap address: 0x0000000080000000, size: 2048 MB, Compressed Oops mode: 32-bit
Narrow klass base: 0x0000000000000000, Narrow klass shift: 3
Compressed class space size: 1073741824 Address: 0x0000000100000000

Heap:
 garbage-first heap   total 126976K, used 21070K [0x0000000080000000, 0x0000000100000000)
  region size 1024K, 6 young (6144K), 3 survivors (3072K)
 Metaspace       used 26391K, capacity 27026K, committed 27264K, reserved 1073152K
  class space    used 3465K, capacity 3683K, committed 3712K, reserved 1048576K
Heap Regions: E=young(eden), S=young(survivor), O=old, HS=humongous(starts), HC=humongous(continues), CS=collection set, F=free, A=archive, TAMS=top-at-mark-start (previous, next)
|   0|0x0000000080000000, 0x0000000080100000, 0x0000000080100000|100%| O|  |TAMS 0x0000000080100000, 0x0000000080000000| Untracked 
|   1|0x0000000080100000, 0x0000000080200000, 0x0000000080200000|100%| O|  |TAMS 0x0000000080200000, 0x0000000080100000| Untracked 
|   2|0x0000000080200000, 0x0000000080300000, 0x0000000080300000|100%| O|  |TAMS 0x0000000080300000, 0x0000000080200000| Untracked 
|   3|0x0000000080300000, 0x0000000080400000, 0x0000000080400000|100%|HS|  |TAMS 0x0000000080400000, 0x0000000080300000| Complete 
|   4|0x0000000080400000, 0x0000000080500000, 0x0000000080500000|100%|HC|  |TAMS 0x0000000080500000, 0x0000000080400000| Complete 
|   5|0x0000000080500000, 0x0000000080600000, 0x0000000080600000|100%|HC|  |TAMS 0x0000000080600000, 0x0000000080500000| Complete 
|   6|0x0000000080600000, 0x0000000080700000, 0x0000000080700000|100%| O|  |TAMS 0x0000000080700000, 0x0000000080600000| Untracked 
|   7|0x0000000080700000, 0x0000000080800000, 0x0000000080800000|100%| O|  |TAMS 0x0000000080800000, 0x0000000080700000| Untracked 
|   8|0x0000000080800000, 0x0000000080900000, 0x0000000080900000|100%| O|  |TAMS 0x0000000080900000, 0x0000000080800000| Untracked 
|   9|0x0000000080900000, 0x0000000080a00000, 0x0000000080a00000|100%| O|  |TAMS 0x0000000080a00000, 0x0000000080900000| Untracked 
|  10|0x0000000080a00000, 0x0000000080b00000, 0x0000000080b00000|100%| O|  |TAMS 0x0000000080b00000, 0x0000000080a00000| Untracked 
|  11|0x0000000080b00000, 0x0000000080c00000, 0x0000000080c00000|100%| O|  |TAMS 0x0000000080c00000, 0x0000000080b00000| Untracked 
|  12|0x0000000080c00000, 0x0000000080d00000, 0x0000000080d00000|100%| O|  |TAMS 0x0000000080d00000, 0x0000000080c00000| Untracked 
|  13|0x0000000080d00000, 0x0000000080e00000, 0x0000000080e00000|100%| O|  |TAMS 0x0000000080e00000, 0x0000000080d00000| Untracked 
|  14|0x0000000080e00000, 0x0000000080f00000, 0x0000000080f00000|100%| O|  |TAMS 0x0000000080f00000, 0x0000000080e00000| Untracked 
|  15|0x0000000080f00000, 0x0000000080f93e00, 0x0000000081000000| 57%| O|  |TAMS 0x0000000080f93e00, 0x0000000080f00000| Untracked 
|  16|0x0000000081000000, 0x0000000081000000, 0x0000000081100000|  0%| F|  |TAMS 0x0000000081000000, 0x0000000081000000| Untracked 
|  17|0x0000000081100000, 0x0000000081100000, 0x0000000081200000|  0%| F|  |TAMS 0x0000000081100000, 0x0000000081100000| Untracked 
|  18|0x0000000081200000, 0x0000000081200000, 0x0000000081300000|  0%| F|  |TAMS 0x0000000081200000, 0x0000000081200000| Untracked 
|  19|0x0000000081300000, 0x0000000081300000, 0x0000000081400000|  0%| F|  |TAMS 0x0000000081300000, 0x0000000081300000| Untracked 
|  20|0x0000000081400000, 0x0000000081400000, 0x0000000081500000|  0%| F|  |TAMS 0x0000000081400000, 0x0000000081400000| Untracked 
|  21|0x0000000081500000, 0x0000000081500000, 0x0000000081600000|  0%| F|  |TAMS 0x0000000081500000, 0x0000000081500000| Untracked 
|  22|0x0000000081600000, 0x0000000081600000, 0x0000000081700000|  0%| F|  |TAMS 0x0000000081600000, 0x0000000081600000| Untracked 
|  23|0x0000000081700000, 0x0000000081700000, 0x0000000081800000|  0%| F|  |TAMS 0x0000000081700000, 0x0000000081700000| Untracked 
|  24|0x0000000081800000, 0x0000000081800000, 0x0000000081900000|  0%| F|  |TAMS 0x0000000081800000, 0x0000000081800000| Untracked 
|  25|0x0000000081900000, 0x0000000081900000, 0x0000000081a00000|  0%| F|  |TAMS 0x0000000081900000, 0x0000000081900000| Untracked 
|  26|0x0000000081a00000, 0x0000000081a00000, 0x0000000081b00000|  0%| F|  |TAMS 0x0000000081a00000, 0x0000000081a00000| Untracked 
|  27|0x0000000081b00000, 0x0000000081b00000, 0x0000000081c00000|  0%| F|  |TAMS 0x0000000081b00000, 0x0000000081b00000| Untracked 
|  28|0x0000000081c00000, 0x0000000081c00000, 0x0000000081d00000|  0%| F|  |TAMS 0x0000000081c00000, 0x0000000081c00000| Untracked 
|  29|0x0000000081d00000, 0x0000000081d00000, 0x0000000081e00000|  0%| F|  |TAMS 0x0000000081d00000, 0x0000000081d00000| Untracked 
|  30|0x0000000081e00000, 0x0000000081e00000, 0x0000000081f00000|  0%| F|  |TAMS 0x0000000081e00000, 0x0000000081e00000| Untracked 
|  31|0x0000000081f00000, 0x0000000081f00000, 0x0000000082000000|  0%| F|  |TAMS 0x0000000081f00000, 0x0000000081f00000| Untracked 
|  32|0x0000000082000000, 0x0000000082000000, 0x0000000082100000|  0%| F|  |TAMS 0x0000000082000000, 0x0000000082000000| Untracked 
|  33|0x0000000082100000, 0x0000000082100000, 0x0000000082200000|  0%| F|  |TAMS 0x0000000082100000, 0x0000000082100000| Untracked 
|  34|0x0000000082200000, 0x0000000082200000, 0x0000000082300000|  0%| F|  |TAMS 0x0000000082200000, 0x0000000082200000| Untracked 
|  35|0x0000000082300000, 0x0000000082300000, 0x0000000082400000|  0%| F|  |TAMS 0x0000000082300000, 0x0000000082300000| Untracked 
|  36|0x0000000082400000, 0x0000000082400000, 0x0000000082500000|  0%| F|  |TAMS 0x0000000082400000, 0x0000000082400000| Untracked 
|  37|0x0000000082500000, 0x0000000082500000, 0x0000000082600000|  0%| F|  |TAMS 0x0000000082500000, 0x0000000082500000| Untracked 
|  38|0x0000000082600000, 0x0000000082600000, 0x0000000082700000|  0%| F|  |TAMS 0x0000000082600000, 0x0000000082600000| Untracked 
|  39|0x0000000082700000, 0x0000000082700000, 0x0000000082800000|  0%| F|  |TAMS 0x0000000082700000, 0x0000000082700000| Untracked 
|  40|0x0000000082800000, 0x0000000082800000, 0x0000000082900000|  0%| F|  |TAMS 0x0000000082800000, 0x0000000082800000| Untracked 
|  41|0x0000000082900000, 0x0000000082900000, 0x0000000082a00000|  0%| F|  |TAMS 0x0000000082900000, 0x0000000082900000| Untracked 
|  42|0x0000000082a00000, 0x0000000082a00000, 0x0000000082b00000|  0%| F|  |TAMS 0x0000000082a00000, 0x0000000082a00000| Untracked 
|  43|0x0000000082b00000, 0x0000000082b00000, 0x0000000082c00000|  0%| F|  |TAMS 0x0000000082b00000, 0x0000000082b00000| Untracked 
|  44|0x0000000082c00000, 0x0000000082c00000, 0x0000000082d00000|  0%| F|  |TAMS 0x0000000082c00000, 0x0000000082c00000| Untracked 
|  45|0x0000000082d00000, 0x0000000082d00000, 0x0000000082e00000|  0%| F|  |TAMS 0x0000000082d00000, 0x0000000082d00000| Untracked 
|  46|0x0000000082e00000, 0x0000000082e00000, 0x0000000082f00000|  0%| F|  |TAMS 0x0000000082e00000, 0x0000000082e00000| Untracked 
|  47|0x0000000082f00000, 0x0000000082f00000, 0x0000000083000000|  0%| F|  |TAMS 0x0000000082f00000, 0x0000000082f00000| Untracked 
|  48|0x0000000083000000, 0x0000000083000000, 0x0000000083100000|  0%| F|  |TAMS 0x0000000083000000, 0x0000000083000000| Untracked 
|  49|0x0000000083100000, 0x0000000083100000, 0x0000000083200000|  0%| F|  |TAMS 0x0000000083100000, 0x0000000083100000| Untracked 
|  50|0x0000000083200000, 0x0000000083200000, 0x0000000083300000|  0%| F|  |TAMS 0x0000000083200000, 0x0000000083200000| Untracked 
|  51|0x0000000083300000, 0x0000000083300000, 0x0000000083400000|  0%| F|  |TAMS 0x0000000083300000, 0x0000000083300000| Untracked 
|  52|0x0000000083400000, 0x0000000083400000, 0x0000000083500000|  0%| F|  |TAMS 0x0000000083400000, 0x0000000083400000| Untracked 
|  53|0x0000000083500000, 0x0000000083500000, 0x0000000083600000|  0%| F|  |TAMS 0x0000000083500000, 0x0000000083500000| Untracked 
|  54|0x0000000083600000, 0x0000000083600000, 0x0000000083700000|  0%| F|  |TAMS 0x0000000083600000, 0x0000000083600000| Untracked 
|  55|0x0000000083700000, 0x0000000083700000, 0x0000000083800000|  0%| F|  |TAMS 0x0000000083700000, 0x0000000083700000| Untracked 
|  56|0x0000000083800000, 0x0000000083800000, 0x0000000083900000|  0%| F|  |TAMS 0x0000000083800000, 0x0000000083800000| Untracked 
|  57|0x0000000083900000, 0x0000000083900000, 0x0000000083a00000|  0%| F|  |TAMS 0x0000000083900000, 0x0000000083900000| Untracked 
|  58|0x0000000083a00000, 0x0000000083a00000, 0x0000000083b00000|  0%| F|  |TAMS 0x0000000083a00000, 0x0000000083a00000| Untracked 
|  59|0x0000000083b00000, 0x0000000083b00000, 0x0000000083c00000|  0%| F|  |TAMS 0x0000000083b00000, 0x0000000083b00000| Untracked 
|  60|0x0000000083c00000, 0x0000000083c00000, 0x0000000083d00000|  0%| F|  |TAMS 0x0000000083c00000, 0x0000000083c00000| Untracked 
|  61|0x0000000083d00000, 0x0000000083d00000, 0x0000000083e00000|  0%| F|  |TAMS 0x0000000083d00000, 0x0000000083d00000| Untracked 
|  62|0x0000000083e00000, 0x0000000083e00000, 0x0000000083f00000|  0%| F|  |TAMS 0x0000000083e00000, 0x0000000083e00000| Untracked 
|  63|0x0000000083f00000, 0x0000000083f00000, 0x0000000084000000|  0%| F|  |TAMS 0x0000000083f00000, 0x0000000083f00000| Untracked 
|  64|0x0000000084000000, 0x0000000084000000, 0x0000000084100000|  0%| F|  |TAMS 0x0000000084000000, 0x0000000084000000| Untracked 
|  65|0x0000000084100000, 0x0000000084100000, 0x0000000084200000|  0%| F|  |TAMS 0x0000000084100000, 0x0000000084100000| Untracked 
|  66|0x0000000084200000, 0x00000000842ffb60, 0x0000000084300000| 99%| S|CS|TAMS 0x0000000084200000, 0x0000000084200000| Complete 
|  67|0x0000000084300000, 0x0000000084400000, 0x0000000084400000|100%| S|CS|TAMS 0x0000000084300000, 0x0000000084300000| Complete 
|  68|0x0000000084400000, 0x0000000084500000, 0x0000000084500000|100%| S|CS|TAMS 0x0000000084400000, 0x0000000084400000| Complete 
|  69|0x0000000084500000, 0x0000000084500000, 0x0000000084600000|  0%| F|  |TAMS 0x0000000084500000, 0x0000000084500000| Untracked 
|  70|0x0000000084600000, 0x0000000084600000, 0x0000000084700000|  0%| F|  |TAMS 0x0000000084600000, 0x0000000084600000| Untracked 
|  71|0x0000000084700000, 0x0000000084700000, 0x0000000084800000|  0%| F|  |TAMS 0x0000000084700000, 0x0000000084700000| Untracked 
|  72|0x0000000084800000, 0x0000000084800000, 0x0000000084900000|  0%| F|  |TAMS 0x0000000084800000, 0x0000000084800000| Untracked 
|  73|0x0000000084900000, 0x0000000084900000, 0x0000000084a00000|  0%| F|  |TAMS 0x0000000084900000, 0x0000000084900000| Untracked 
|  74|0x0000000084a00000, 0x0000000084a00000, 0x0000000084b00000|  0%| F|  |TAMS 0x0000000084a00000, 0x0000000084a00000| Untracked 
|  75|0x0000000084b00000, 0x0000000084b00000, 0x0000000084c00000|  0%| F|  |TAMS 0x0000000084b00000, 0x0000000084b00000| Untracked 
|  76|0x0000000084c00000, 0x0000000084c00000, 0x0000000084d00000|  0%| F|  |TAMS 0x0000000084c00000, 0x0000000084c00000| Untracked 
|  77|0x0000000084d00000, 0x0000000084d00000, 0x0000000084e00000|  0%| F|  |TAMS 0x0000000084d00000, 0x0000000084d00000| Untracked 
|  78|0x0000000084e00000, 0x0000000084e00000, 0x0000000084f00000|  0%| F|  |TAMS 0x0000000084e00000, 0x0000000084e00000| Untracked 
|  79|0x0000000084f00000, 0x0000000084f00000, 0x0000000085000000|  0%| F|  |TAMS 0x0000000084f00000, 0x0000000084f00000| Untracked 
|  80|0x0000000085000000, 0x0000000085000000, 0x0000000085100000|  0%| F|  |TAMS 0x0000000085000000, 0x0000000085000000| Untracked 
|  81|0x0000000085100000, 0x0000000085100000, 0x0000000085200000|  0%| F|  |TAMS 0x0000000085100000, 0x0000000085100000| Untracked 
|  82|0x0000000085200000, 0x0000000085200000, 0x0000000085300000|  0%| F|  |TAMS 0x0000000085200000, 0x0000000085200000| Untracked 
|  83|0x0000000085300000, 0x0000000085300000, 0x0000000085400000|  0%| F|  |TAMS 0x0000000085300000, 0x0000000085300000| Untracked 
|  84|0x0000000085400000, 0x0000000085400000, 0x0000000085500000|  0%| F|  |TAMS 0x0000000085400000, 0x0000000085400000| Untracked 
|  85|0x0000000085500000, 0x0000000085500000, 0x0000000085600000|  0%| F|  |TAMS 0x0000000085500000, 0x0000000085500000| Untracked 
|  86|0x0000000085600000, 0x0000000085600000, 0x0000000085700000|  0%| F|  |TAMS 0x0000000085600000, 0x0000000085600000| Untracked 
|  87|0x0000000085700000, 0x0000000085700000, 0x0000000085800000|  0%| F|  |TAMS 0x0000000085700000, 0x0000000085700000| Untracked 
|  88|0x0000000085800000, 0x0000000085800000, 0x0000000085900000|  0%| F|  |TAMS 0x0000000085800000, 0x0000000085800000| Untracked 
|  89|0x0000000085900000, 0x0000000085900000, 0x0000000085a00000|  0%| F|  |TAMS 0x0000000085900000, 0x0000000085900000| Untracked 
|  90|0x0000000085a00000, 0x0000000085a00000, 0x0000000085b00000|  0%| F|  |TAMS 0x0000000085a00000, 0x0000000085a00000| Untracked 
|  91|0x0000000085b00000, 0x0000000085b00000, 0x0000000085c00000|  0%| F|  |TAMS 0x0000000085b00000, 0x0000000085b00000| Untracked 
|  92|0x0000000085c00000, 0x0000000085c00000, 0x0000000085d00000|  0%| F|  |TAMS 0x0000000085c00000, 0x0000000085c00000| Untracked 
|  93|0x0000000085d00000, 0x0000000085d00000, 0x0000000085e00000|  0%| F|  |TAMS 0x0000000085d00000, 0x0000000085d00000| Untracked 
|  94|0x0000000085e00000, 0x0000000085e00000, 0x0000000085f00000|  0%| F|  |TAMS 0x0000000085e00000, 0x0000000085e00000| Untracked 
|  95|0x0000000085f00000, 0x0000000085f00000, 0x0000000086000000|  0%| F|  |TAMS 0x0000000085f00000, 0x0000000085f00000| Untracked 
|  96|0x0000000086000000, 0x0000000086000000, 0x0000000086100000|  0%| F|  |TAMS 0x0000000086000000, 0x0000000086000000| Untracked 
|  97|0x0000000086100000, 0x0000000086100000, 0x0000000086200000|  0%| F|  |TAMS 0x0000000086100000, 0x0000000086100000| Untracked 
|  98|0x0000000086200000, 0x0000000086200000, 0x0000000086300000|  0%| F|  |TAMS 0x0000000086200000, 0x0000000086200000| Untracked 
|  99|0x0000000086300000, 0x0000000086300000, 0x0000000086400000|  0%| F|  |TAMS 0x0000000086300000, 0x0000000086300000| Untracked 
| 100|0x0000000086400000, 0x0000000086400000, 0x0000000086500000|  0%| F|  |TAMS 0x0000000086400000, 0x0000000086400000| Untracked 
| 101|0x0000000086500000, 0x0000000086500000, 0x0000000086600000|  0%| F|  |TAMS 0x0000000086500000, 0x0000000086500000| Untracked 
| 102|0x0000000086600000, 0x0000000086600000, 0x0000000086700000|  0%| F|  |TAMS 0x0000000086600000, 0x0000000086600000| Untracked 
| 103|0x0000000086700000, 0x0000000086700000, 0x0000000086800000|  0%| F|  |TAMS 0x0000000086700000, 0x0000000086700000| Untracked 
| 104|0x0000000086800000, 0x0000000086800000, 0x0000000086900000|  0%| F|  |TAMS 0x0000000086800000, 0x0000000086800000| Untracked 
| 105|0x0000000086900000, 0x0000000086900000, 0x0000000086a00000|  0%| F|  |TAMS 0x0000000086900000, 0x0000000086900000| Untracked 
| 106|0x0000000086a00000, 0x0000000086a00000, 0x0000000086b00000|  0%| F|  |TAMS 0x0000000086a00000, 0x0000000086a00000| Untracked 
| 107|0x0000000086b00000, 0x0000000086b00000, 0x0000000086c00000|  0%| F|  |TAMS 0x0000000086b00000, 0x0000000086b00000| Untracked 
| 108|0x0000000086c00000, 0x0000000086c00000, 0x0000000086d00000|  0%| F|  |TAMS 0x0000000086c00000, 0x0000000086c00000| Untracked 
| 109|0x0000000086d00000, 0x0000000086d00000, 0x0000000086e00000|  0%| F|  |TAMS 0x0000000086d00000, 0x0000000086d00000| Untracked 
| 110|0x0000000086e00000, 0x0000000086e00000, 0x0000000086f00000|  0%| F|  |TAMS 0x0000000086e00000, 0x0000000086e00000| Untracked 
| 111|0x0000000086f00000, 0x0000000086f00000, 0x0000000087000000|  0%| F|  |TAMS 0x0000000086f00000, 0x0000000086f00000| Untracked 
| 112|0x0000000087000000, 0x0000000087000000, 0x0000000087100000|  0%| F|  |TAMS 0x0000000087000000, 0x0000000087000000| Untracked 
| 113|0x0000000087100000, 0x0000000087100000, 0x0000000087200000|  0%| F|  |TAMS 0x0000000087100000, 0x0000000087100000| Untracked 
| 114|0x0000000087200000, 0x0000000087200000, 0x0000000087300000|  0%| F|  |TAMS 0x0000000087200000, 0x0000000087200000| Untracked 
| 115|0x0000000087300000, 0x0000000087300000, 0x0000000087400000|  0%| F|  |TAMS 0x0000000087300000, 0x0000000087300000| Untracked 
| 116|0x0000000087400000, 0x0000000087400000, 0x0000000087500000|  0%| F|  |TAMS 0x0000000087400000, 0x0000000087400000| Untracked 
| 117|0x0000000087500000, 0x0000000087500000, 0x0000000087600000|  0%| F|  |TAMS 0x0000000087500000, 0x0000000087500000| Untracked 
| 118|0x0000000087600000, 0x0000000087600000, 0x0000000087700000|  0%| F|  |TAMS 0x0000000087600000, 0x0000000087600000| Untracked 
| 119|0x0000000087700000, 0x0000000087700000, 0x0000000087800000|  0%| F|  |TAMS 0x0000000087700000, 0x0000000087700000| Untracked 
| 120|0x0000000087800000, 0x0000000087800000, 0x0000000087900000|  0%| F|  |TAMS 0x0000000087800000, 0x0000000087800000| Untracked 
| 121|0x0000000087900000, 0x0000000087a00000, 0x0000000087a00000|100%| E|  |TAMS 0x0000000087900000, 0x0000000087900000| Complete 
| 122|0x0000000087a00000, 0x0000000087b00000, 0x0000000087b00000|100%| E|CS|TAMS 0x0000000087a00000, 0x0000000087a00000| Complete 
| 123|0x0000000087b00000, 0x0000000087c00000, 0x0000000087c00000|100%| E|CS|TAMS 0x0000000087b00000, 0x0000000087b00000| Complete 

Card table byte_map: [0x000001a3d3280000,0x000001a3d3680000] _byte_map_base: 0x000001a3d2e80000

Marking Bits (Prev, Next): (CMBitMap*) 0x000001a3c006fc30, (CMBitMap*) 0x000001a3c006fbf8
 Prev Bits: [0x000001a3d5a80000, 0x000001a3d7a80000)
 Next Bits: [0x000001a3d3a80000, 0x000001a3d5a80000)

Polling page: 0x000001a3be1e0000

Metaspace:

Usage:
  Non-class:     22.80 MB capacity,    22.40 MB ( 98%) used,   358.73 KB (  2%) free+waste,    49.13 KB ( <1%) overhead. 
      Class:      3.60 MB capacity,     3.39 MB ( 94%) used,   189.31 KB (  5%) free+waste,    24.69 KB ( <1%) overhead. 
       Both:     26.39 MB capacity,    25.79 MB ( 98%) used,   548.04 KB (  2%) free+waste,    73.81 KB ( <1%) overhead. 

Virtual space:
  Non-class space:       24.00 MB reserved,      23.00 MB ( 96%) committed 
      Class space:        1.00 GB reserved,       3.63 MB ( <1%) committed 
             Both:        1.02 GB reserved,      26.63 MB (  3%) committed 

Chunk freelists:
   Non-Class:  17.00 KB
       Class:  29.00 KB
        Both:  46.00 KB

MaxMetaspaceSize: 17179869184.00 GB
CompressedClassSpaceSize: 1.00 GB
Initial GC threshold: 20.80 MB
Current GC threshold: 35.00 MB
CDS: off

CodeHeap 'non-profiled nmethods': size=120000Kb used=1114Kb max_used=1114Kb free=118885Kb
 bounds [0x000001a3cb610000, 0x000001a3cb880000, 0x000001a3d2b40000]
CodeHeap 'profiled nmethods': size=120000Kb used=4779Kb max_used=4779Kb free=115220Kb
 bounds [0x000001a3c40e0000, 0x000001a3c4590000, 0x000001a3cb610000]
CodeHeap 'non-nmethods': size=5760Kb used=1241Kb max_used=1268Kb free=4518Kb
 bounds [0x000001a3c3b40000, 0x000001a3c3db0000, 0x000001a3c40e0000]
 total_blobs=2738 nmethods=2237 adapters=413
 compilation: enabled
              stopped_count=0, restarted_count=0
 full_count=0

Compilation events (20 events):
Event: 1.862 Thread 0x000001a3da4e6000 2226   !   3       org.gradle.internal.service.DefaultServiceRegistry$FactoryService::bind (283 bytes)
Event: 1.865 Thread 0x000001a3da4e6000 nmethod 2226 0x000001a3c4579f10 code [0x000001a3c457a620, 0x000001a3c457ec88]
Event: 1.865 Thread 0x000001a3da4e6000 2228       3       org.gradle.internal.service.DefaultServiceRegistry$FactoryService::assembleParameters (58 bytes)
Event: 1.865 Thread 0x000001a3da4e6000 nmethod 2228 0x000001a3c4580390 code [0x000001a3c4580580, 0x000001a3c4580b68]
Event: 1.865 Thread 0x000001a3da4e6000 2227       3       org.gradle.internal.service.DefaultServiceRegistry$FactoryService::createServiceInstance (18 bytes)
Event: 1.865 Thread 0x000001a3da4e6000 nmethod 2227 0x000001a3c4580d90 code [0x000001a3c4580f60, 0x000001a3c4581178]
Event: 1.872 Thread 0x000001a3da4e6000 2229       3       org.gradle.internal.service.DefaultServiceRegistry$FactoryMethodService::getParameterTypes (10 bytes)
Event: 1.872 Thread 0x000001a3da4e6000 nmethod 2229 0x000001a3c4581290 code [0x000001a3c4581440, 0x000001a3c4581618]
Event: 1.875 Thread 0x000001a3da4e6000 2230       3       java.util.Collections$EmptyMap::entrySet (4 bytes)
Event: 1.875 Thread 0x000001a3da4e6000 nmethod 2230 0x000001a3c4581710 code [0x000001a3c45818c0, 0x000001a3c4581a18]
Event: 1.881 Thread 0x000001a3da4e6000 2231   !   3       java.lang.ref.ReferenceQueue::remove (125 bytes)
Event: 1.881 Thread 0x000001a3da4e6000 nmethod 2231 0x000001a3c4581b10 code [0x000001a3c4581d40, 0x000001a3c4582578]
Event: 1.881 Thread 0x000001a3da4e6000 2232   !   3       jdk.internal.ref.PhantomCleanable::isListEmpty (34 bytes)
Event: 1.881 Thread 0x000001a3da4e6000 nmethod 2232 0x000001a3c4582890 code [0x000001a3c4582a40, 0x000001a3c4582d38]
Event: 1.881 Thread 0x000001a3da4e6000 2233       3       jdk.internal.misc.InnocuousThread::eraseThreadLocals (23 bytes)
Event: 1.882 Thread 0x000001a3da4e6000 nmethod 2233 0x000001a3c4582e90 code [0x000001a3c4583040, 0x000001a3c4583218]
Event: 1.885 Thread 0x000001a3da4e6000 2234   !   3       org.gradle.internal.service.ReflectionBasedServiceMethod::invoke (16 bytes)
Event: 1.885 Thread 0x000001a3da4e6000 nmethod 2234 0x000001a3c4583290 code [0x000001a3c4583460, 0x000001a3c45835f8]
Event: 1.885 Thread 0x000001a3da4e6000 2235   !   3       org.gradle.internal.reflect.JavaMethod::invoke (74 bytes)
Event: 1.886 Thread 0x000001a3da4e6000 nmethod 2235 0x000001a3c4583710 code [0x000001a3c4583ac0, 0x000001a3c45851c8]

GC Heap History (8 events):
Event: 0.453 GC heap before
{Heap before GC invocations=0 (full 0):
 garbage-first heap   total 126976K, used 29696K [0x0000000080000000, 0x0000000100000000)
  region size 1024K, 24 young (24576K), 0 survivors (0K)
 Metaspace       used 10252K, capacity 10491K, committed 10624K, reserved 1058816K
  class space    used 1072K, capacity 1141K, committed 1152K, reserved 1048576K
}
Event: 0.458 GC heap after
{Heap after GC invocations=1 (full 0):
 garbage-first heap   total 126976K, used 9151K [0x0000000080000000, 0x0000000100000000)
  region size 1024K, 3 young (3072K), 3 survivors (3072K)
 Metaspace       used 10252K, capacity 10491K, committed 10624K, reserved 1058816K
  class space    used 1072K, capacity 1141K, committed 1152K, reserved 1048576K
}
Event: 1.264 GC heap before
{Heap before GC invocations=1 (full 0):
 garbage-first heap   total 126976K, used 82879K [0x0000000080000000, 0x0000000100000000)
  region size 1024K, 74 young (75776K), 3 survivors (3072K)
 Metaspace       used 17545K, capacity 17928K, committed 18176K, reserved 1064960K
  class space    used 2077K, capacity 2219K, committed 2304K, reserved 1048576K
}
Event: 1.268 GC heap after
{Heap after GC invocations=2 (full 0):
 garbage-first heap   total 126976K, used 15945K [0x0000000080000000, 0x0000000100000000)
  region size 1024K, 10 young (10240K), 10 survivors (10240K)
 Metaspace       used 17545K, capacity 17928K, committed 18176K, reserved 1064960K
  class space    used 2077K, capacity 2219K, committed 2304K, reserved 1048576K
}
Event: 1.476 GC heap before
{Heap before GC invocations=2 (full 0):
 garbage-first heap   total 126976K, used 41545K [0x0000000080000000, 0x0000000100000000)
  region size 1024K, 36 young (36864K), 10 survivors (10240K)
 Metaspace       used 20663K, capacity 21081K, committed 21248K, reserved 1067008K
  class space    used 2544K, capacity 2695K, committed 2816K, reserved 1048576K
}
Event: 1.483 GC heap after
{Heap after GC invocations=3 (full 0):
 garbage-first heap   total 126976K, used 17150K [0x0000000080000000, 0x0000000100000000)
  region size 1024K, 2 young (2048K), 2 survivors (2048K)
 Metaspace       used 20663K, capacity 21081K, committed 21248K, reserved 1067008K
  class space    used 2544K, capacity 2695K, committed 2816K, reserved 1048576K
}
Event: 1.877 GC heap before
{Heap before GC invocations=4 (full 0):
 garbage-first heap   total 126976K, used 71422K [0x0000000080000000, 0x0000000100000000)
  region size 1024K, 55 young (56320K), 2 survivors (2048K)
 Metaspace       used 26209K, capacity 26802K, committed 27008K, reserved 1073152K
  class space    used 3434K, capacity 3651K, committed 3712K, reserved 1048576K
}
Event: 1.881 GC heap after
{Heap after GC invocations=5 (full 0):
 garbage-first heap   total 126976K, used 19022K [0x0000000080000000, 0x0000000100000000)
  region size 1024K, 3 young (3072K), 3 survivors (3072K)
 Metaspace       used 26209K, capacity 26802K, committed 27008K, reserved 1073152K
  class space    used 3434K, capacity 3651K, committed 3712K, reserved 1048576K
}

Deoptimization events (20 events):
Event: 1.746 Thread 0x000001a3dd5a1800 Uncommon trap: trap_request=0xffffffcc fr.pc=0x000001a3cb71ea78 relative=0x00000000000002b8
Event: 1.746 Thread 0x000001a3dd5a1800 Uncommon trap: reason=intrinsic_or_type_checked_inlining action=make_not_entrant pc=0x000001a3cb71ea78 method=java.util.Arrays.copyOf([Ljava/lang/Object;ILjava/lang/Class;)[Ljava/lang/Object; @ 35 c2
Event: 1.746 Thread 0x000001a3dd5a1800 DEOPT PACKING pc=0x000001a3cb71ea78 sp=0x0000005223ffa790
Event: 1.746 Thread 0x000001a3dd5a1800 DEOPT UNPACKING pc=0x000001a3c3b485af sp=0x0000005223ffa720 mode 2
Event: 1.810 Thread 0x000001a3dd5a1800 Uncommon trap: trap_request=0xffffff7e fr.pc=0x000001a3cb71fa1c relative=0x000000000000015c
Event: 1.810 Thread 0x000001a3dd5a1800 Uncommon trap: reason=predicate action=maybe_recompile pc=0x000001a3cb71fa1c method=com.google.common.base.CharMatcher.indexIn(Ljava/lang/CharSequence;I)I @ 19 c2
Event: 1.810 Thread 0x000001a3dd5a1800 DEOPT PACKING pc=0x000001a3cb71fa1c sp=0x0000005223ffb8b0
Event: 1.810 Thread 0x000001a3dd5a1800 DEOPT UNPACKING pc=0x000001a3c3b485af sp=0x0000005223ffb840 mode 2
Event: 1.816 Thread 0x000001a3dd5a1800 Uncommon trap: trap_request=0xffffff4d fr.pc=0x000001a3cb6bd534 relative=0x0000000000001374
Event: 1.816 Thread 0x000001a3dd5a1800 Uncommon trap: reason=unstable_if action=reinterpret pc=0x000001a3cb6bd534 method=java.util.concurrent.ConcurrentHashMap.putVal(Ljava/lang/Object;Ljava/lang/Object;Z)Ljava/lang/Object; @ 231 c2
Event: 1.816 Thread 0x000001a3dd5a1800 DEOPT PACKING pc=0x000001a3cb6bd534 sp=0x0000005223ffc990
Event: 1.816 Thread 0x000001a3dd5a1800 DEOPT UNPACKING pc=0x000001a3c3b485af sp=0x0000005223ffc910 mode 2
Event: 1.832 Thread 0x000001a3dd5a1800 Uncommon trap: trap_request=0xffffffde fr.pc=0x000001a3cb71cba4 relative=0x00000000000002e4
Event: 1.832 Thread 0x000001a3dd5a1800 Uncommon trap: reason=class_check action=maybe_recompile pc=0x000001a3cb71cba4 method=java.util.Collections$SetFromMap.remove(Ljava/lang/Object;)Z @ 5 c2
Event: 1.832 Thread 0x000001a3dd5a1800 DEOPT PACKING pc=0x000001a3cb71cba4 sp=0x0000005223ffc970
Event: 1.832 Thread 0x000001a3dd5a1800 DEOPT UNPACKING pc=0x000001a3c3b485af sp=0x0000005223ffc968 mode 2
Event: 1.832 Thread 0x000001a3dd5a1800 Uncommon trap: trap_request=0xffffffde fr.pc=0x000001a3cb71cba4 relative=0x00000000000002e4
Event: 1.832 Thread 0x000001a3dd5a1800 Uncommon trap: reason=class_check action=maybe_recompile pc=0x000001a3cb71cba4 method=java.util.Collections$SetFromMap.remove(Ljava/lang/Object;)Z @ 5 c2
Event: 1.832 Thread 0x000001a3dd5a1800 DEOPT PACKING pc=0x000001a3cb71cba4 sp=0x0000005223ffc900
Event: 1.832 Thread 0x000001a3dd5a1800 DEOPT UNPACKING pc=0x000001a3c3b485af sp=0x0000005223ffc8f8 mode 2

Classes redefined (0 events):
No events

Internal exceptions (20 events):
Event: 1.216 Thread 0x000001a3dd5a1800 Exception <a 'java/lang/NoSuchMethodError'{0x00000000837b1730}: 'void java.lang.invoke.DelegatingMethodHandle$Holder.reinvoke_L(java.lang.Object, java.lang.Object, java.lang.Object, java.lang.Object)'> (0x00000000837b1730) thrown at [./src/hotspot/share/interpreter/linkResolver.cpp, line 773]
Event: 1.220 Thread 0x000001a3dd5a1800 Exception <a 'java/lang/NoSuchMethodError'{0x00000000837e2618}: 'long java.lang.invoke.DirectMethodHandle$Holder.invokeInterface(java.lang.Object, java.lang.Object)'> (0x00000000837e2618) thrown at [./src/hotspot/share/interpreter/linkResolver.cpp, line 773]
Event: 1.222 Thread 0x000001a3dd5a1800 Exception <a 'java/lang/NoSuchMethodError'{0x0000000083606160}: 'void java.lang.invoke.DelegatingMethodHandle$Holder.reinvoke_L(java.lang.Object, java.lang.Object, java.lang.Object, java.lang.Object, java.lang.Object, java.lang.Object, java.lang.Object)'> (0x0000000083606160) thrown at [./src/hotspot/share/interpreter/linkResolver.cpp, line 773]
Event: 1.404 Thread 0x000001a3dd5a1800 Exception <a 'java/lang/NoSuchMethodError'{0x0000000086726c18}: 'void java.lang.invoke.DirectMethodHandle$Holder.invokeStaticInit(java.lang.Object)'> (0x0000000086726c18) thrown at [./src/hotspot/share/interpreter/linkResolver.cpp, line 773]
Event: 1.434 Thread 0x000001a3dd5a1800 Exception <a 'java/lang/NoSuchMethodError'{0x0000000086546c58}: 'java.lang.Object java.lang.invoke.DirectMethodHandle$Holder.invokeStatic(java.lang.Object, java.lang.Object, java.lang.Object, int)'> (0x0000000086546c58) thrown at [./src/hotspot/share/interpreter/linkResolver.cpp, line 773]
Event: 1.434 Thread 0x000001a3dd5a1800 Exception <a 'java/lang/NoSuchMethodError'{0x0000000086579460}: 'java.lang.Object java.lang.invoke.DirectMethodHandle$Holder.invokeSpecial(java.lang.Object, java.lang.Object, java.lang.Object, java.lang.Object, int)'> (0x0000000086579460) thrown at [./src/hotspot/share/interpreter/linkResolver.cpp, line 773]
Event: 1.434 Thread 0x000001a3dd5a1800 Exception <a 'java/lang/NoSuchMethodError'{0x000000008657d0f0}: 'java.lang.Object java.lang.invoke.Invokers$Holder.linkToTargetMethod(java.lang.Object, java.lang.Object, int, java.lang.Object)'> (0x000000008657d0f0) thrown at [./src/hotspot/share/interpreter/linkResolver.cpp, line 773]
Event: 1.496 Thread 0x000001a3dd5a1800 Exception <a 'java/lang/NoSuchMethodError'{0x0000000087bf90f8}: 'int java.lang.invoke.DirectMethodHandle$Holder.invokeSpecialIFC(java.lang.Object, java.lang.Object, java.lang.Object, java.lang.Object)'> (0x0000000087bf90f8) thrown at [./src/hotspot/share/interpreter/linkResolver.cpp, line 773]
Event: 1.497 Thread 0x000001a3dd5a1800 Exception <a 'java/lang/NoSuchMethodError'{0x0000000087a07af8}: 'java.lang.Object java.lang.invoke.DirectMethodHandle$Holder.invokeInterface(java.lang.Object, java.lang.Object, java.lang.Object)'> (0x0000000087a07af8) thrown at [./src/hotspot/share/interpreter/linkResolver.cpp, line 773]
Event: 1.497 Thread 0x000001a3dd5a1800 Exception <a 'java/lang/IncompatibleClassChangeError'{0x0000000087a0afd0}: Found class java.lang.Object, but interface was expected> (0x0000000087a0afd0) thrown at [./src/hotspot/share/interpreter/linkResolver.cpp, line 839]
Event: 1.513 Thread 0x000001a3dd5a1800 Exception <a 'java/lang/NoSuchMethodError'{0x0000000087807d50}: 'void java.lang.invoke.DirectMethodHandle$Holder.invokeStatic(java.lang.Object, java.lang.Object, java.lang.Object, java.lang.Object, java.lang.Object)'> (0x0000000087807d50) thrown at [./src/hotspot/share/interpreter/linkResolver.cpp, line 773]
Event: 1.560 Thread 0x000001a3dd5a1800 Exception <a 'java/lang/NoSuchMethodError'{0x00000000872d71f0}: 'java.lang.Object java.lang.invoke.DirectMethodHandle$Holder.invokeSpecial(java.lang.Object, java.lang.Object, java.lang.Object, java.lang.Object, java.lang.Object, java.lang.Object, java.lang.Object, java.lang.Object, java.lang.Object)'> (0x00000000872d71f0) thrown at [./src/hotspot/share/interpreter/linkResolver.cpp, line 773]
Event: 1.600 Thread 0x000001a3dd5a1800 Exception <a 'java/lang/NoSuchMethodError'{0x000000008689ee40}: 'java.lang.Object java.lang.invoke.DirectMethodHandle$Holder.invokeVirtual(java.lang.Object, java.lang.Object, java.lang.Object, java.lang.Object)'> (0x000000008689ee40) thrown at [./src/hotspot/share/interpreter/linkResolver.cpp, line 773]
Event: 1.655 Thread 0x000001a3dd5a1800 Exception <a 'java/lang/NoSuchMethodError'{0x0000000085f42a10}: 'void java.lang.invoke.DirectMethodHandle$Holder.invokeSpecial(java.lang.Object, java.lang.Object, java.lang.Object, java.lang.Object, java.lang.Object, java.lang.Object)'> (0x0000000085f42a10) thrown at [./src/hotspot/share/interpreter/linkResolver.cpp, line 773]
Event: 1.664 Thread 0x000001a3dd5a1800 Exception <a 'java/lang/NoSuchMethodError'{0x0000000085fb1a98}: 'void java.lang.invoke.DirectMethodHandle$Holder.invokeSpecial(java.lang.Object, java.lang.Object, java.lang.Object, java.lang.Object, java.lang.Object, java.lang.Object, java.lang.Object)'> (0x0000000085fb1a98) thrown at [./src/hotspot/share/interpreter/linkResolver.cpp, line 773]
Event: 1.664 Thread 0x000001a3dd5a1800 Exception <a 'java/lang/NoSuchMethodError'{0x0000000085fb9f88}: 'java.lang.Object java.lang.invoke.Invokers$Holder.linkToTargetMethod(java.lang.Object, java.lang.Object, java.lang.Object, java.lang.Object, java.lang.Object, java.lang.Object)'> (0x0000000085fb9f88) thrown at [./src/hotspot/share/interpreter/linkResolver.cpp, line 773]
Event: 1.715 Thread 0x000001a3dd5a1800 Exception <a 'java/lang/NoSuchMethodError'{0x00000000856e5948}: 'int java.lang.invoke.DirectMethodHandle$Holder.invokeStaticInit(java.lang.Object, java.lang.Object, java.lang.Object)'> (0x00000000856e5948) thrown at [./src/hotspot/share/interpreter/linkResolver.cpp, line 773]
Event: 1.764 Thread 0x000001a3dd5a1800 Exception <a 'java/lang/NoSuchMethodError'{0x00000000850148e8}: 'void java.lang.invoke.DirectMethodHandle$Holder.invokeStaticInit(java.lang.Object, java.lang.Object)'> (0x00000000850148e8) thrown at [./src/hotspot/share/interpreter/linkResolver.cpp, line 773]
Event: 1.825 Thread 0x000001a3dd5a1800 Exception <a 'java/lang/NoSuchMethodError'{0x0000000084b436b0}: 'void java.lang.invoke.DirectMethodHandle$Holder.invokeStatic(java.lang.Object, java.lang.Object, java.lang.Object, java.lang.Object)'> (0x0000000084b436b0) thrown at [./src/hotspot/share/interpreter/linkResolver.cpp, line 773]
Event: 1.827 Thread 0x000001a3dd5a1800 Exception <a 'java/lang/NoSuchMethodError'{0x0000000084b570f0}: 'int java.lang.invoke.DirectMethodHandle$Holder.invokeInterface(java.lang.Object, java.lang.Object)'> (0x0000000084b570f0) thrown at [./src/hotspot/share/interpreter/linkResolver.cpp, line 773]

Events (20 events):
Event: 1.887 loading class org/gradle/internal/resource/local/ModificationTimeFileAccessTimeJournal
Event: 1.887 loading class org/gradle/internal/resource/local/ModificationTimeFileAccessTimeJournal done
Event: 1.887 loading class org/gradle/cache/internal/CleanupActionFactory$BuildOperationCacheCleanupDecorator
Event: 1.887 loading class org/gradle/cache/internal/CleanupActionFactory$BuildOperationCacheCleanupDecorator done
Event: 1.888 loading class org/gradle/vcs/internal/resolver/PersistentVcsMetadataCache$VersionRefSerializer
Event: 1.888 loading class org/gradle/vcs/internal/resolver/PersistentVcsMetadataCache$VersionRefSerializer done
Event: 1.889 loading class org/gradle/vcs/internal/VersionRef
Event: 1.889 loading class org/gradle/vcs/internal/VersionRef done
Event: 1.890 loading class org/gradle/vcs/internal/resolver/DefaultVcsVersionWorkingDirResolver
Event: 1.890 loading class org/gradle/vcs/internal/resolver/DefaultVcsVersionWorkingDirResolver done
Event: 1.891 loading class org/gradle/vcs/internal/resolver/OncePerBuildInvocationVcsVersionWorkingDirResolver
Event: 1.891 loading class org/gradle/vcs/internal/resolver/OncePerBuildInvocationVcsVersionWorkingDirResolver done
Event: 1.891 loading class org/gradle/cache/internal/ProducerGuard$AdaptiveProducerGuard
Event: 1.891 loading class org/gradle/cache/internal/ProducerGuard$AdaptiveProducerGuard done
Event: 1.891 loading class org/gradle/cache/internal/ProducerGuard$StripedProducerGuard
Event: 1.891 loading class org/gradle/cache/internal/ProducerGuard$StripedProducerGuard done
Event: 1.892 loading class org/gradle/cache/internal/ProducerGuard$SerialProducerGuard
Event: 1.892 loading class org/gradle/cache/internal/ProducerGuard$SerialProducerGuard done
Event: 1.892 loading class org/gradle/internal/resolve/ModuleVersionResolveException
Event: 1.892 loading class org/gradle/internal/resolve/ModuleVersionResolveException done


Dynamic libraries:
0x00007ff6f7a00000 - 0x00007ff6f7a0a000 	C:\Program Files\Android\Android Studio\jre\bin\java.exe
0x00007ff991e30000 - 0x00007ff992028000 	C:\windows\SYSTEM32\ntdll.dll
0x00007ff991d30000 - 0x00007ff991def000 	C:\windows\System32\KERNEL32.DLL
0x00007ff98f9c0000 - 0x00007ff98fcb6000 	C:\windows\System32\KERNELBASE.dll
0x00007ff98f8c0000 - 0x00007ff98f9c0000 	C:\windows\System32\ucrtbase.dll
0x00007ff98c750000 - 0x00007ff98c769000 	C:\Program Files\Android\Android Studio\jre\bin\jli.dll
0x00007ff95d730000 - 0x00007ff95d747000 	C:\Program Files\Android\Android Studio\jre\bin\VCRUNTIME140.dll
0x00007ff990aa0000 - 0x00007ff990c3d000 	C:\windows\System32\USER32.dll
0x00007ff973ba0000 - 0x00007ff973e3a000 	C:\windows\WinSxS\amd64_microsoft.windows.common-controls_6595b64144ccf1df_6.0.19041.1110_none_60b5254171f9507e\COMCTL32.dll
0x00007ff98f750000 - 0x00007ff98f772000 	C:\windows\System32\win32u.dll
0x00007ff990950000 - 0x00007ff9909ee000 	C:\windows\System32\msvcrt.dll
0x00007ff991af0000 - 0x00007ff991b1c000 	C:\windows\System32\GDI32.dll
0x00007ff98fcc0000 - 0x00007ff98fdd5000 	C:\windows\System32\gdi32full.dll
0x00007ff98f820000 - 0x00007ff98f8bd000 	C:\windows\System32\msvcp_win.dll
0x00007ff990ea0000 - 0x00007ff990ed0000 	C:\windows\System32\IMM32.DLL
0x00007ff9557c0000 - 0x00007ff95585d000 	C:\Program Files\Android\Android Studio\jre\bin\msvcp140.dll
0x00007ff92de20000 - 0x00007ff92e905000 	C:\Program Files\Android\Android Studio\jre\bin\server\jvm.dll
0x00007ff9909f0000 - 0x00007ff990a9f000 	C:\windows\System32\ADVAPI32.dll
0x00007ff9903e0000 - 0x00007ff99047c000 	C:\windows\System32\sechost.dll
0x00007ff991010000 - 0x00007ff991136000 	C:\windows\System32\RPCRT4.dll
0x00007ff990010000 - 0x00007ff990018000 	C:\windows\System32\PSAPI.DLL
0x00007ff989100000 - 0x00007ff989109000 	C:\windows\SYSTEM32\WSOCK32.dll
0x00007ff988680000 - 0x00007ff98868a000 	C:\windows\SYSTEM32\VERSION.dll
0x00007ff96e4b0000 - 0x00007ff96e4d7000 	C:\windows\SYSTEM32\WINMM.dll
0x00007ff991a80000 - 0x00007ff991aeb000 	C:\windows\System32\WS2_32.dll
0x00007ff98dd20000 - 0x00007ff98dd32000 	C:\windows\SYSTEM32\kernel.appcore.dll
0x00007ff973770000 - 0x00007ff973781000 	C:\Program Files\Android\Android Studio\jre\bin\verify.dll
0x00007ff98d250000 - 0x00007ff98d434000 	C:\windows\SYSTEM32\DBGHELP.DLL
0x00007ff970560000 - 0x00007ff970594000 	C:\windows\SYSTEM32\dbgcore.DLL
0x00007ff98f560000 - 0x00007ff98f5e2000 	C:\windows\System32\bcryptPrimitives.dll
0x00007ff9599f0000 - 0x00007ff959a19000 	C:\Program Files\Android\Android Studio\jre\bin\java.dll
0x00007ff97bde0000 - 0x00007ff97bdeb000 	C:\Program Files\Android\Android Studio\jre\bin\jimage.dll
0x00007ff9599d0000 - 0x00007ff9599e8000 	C:\Program Files\Android\Android Studio\jre\bin\zip.dll
0x00007ff991210000 - 0x00007ff991954000 	C:\windows\System32\SHELL32.dll
0x00007ff98d570000 - 0x00007ff98dd03000 	C:\windows\SYSTEM32\windows.storage.dll
0x00007ff990080000 - 0x00007ff9903d4000 	C:\windows\System32\combase.dll
0x00007ff98ef00000 - 0x00007ff98ef2e000 	C:\windows\SYSTEM32\Wldp.dll
0x00007ff990f60000 - 0x00007ff99100d000 	C:\windows\System32\SHCORE.dll
0x00007ff9908f0000 - 0x00007ff990945000 	C:\windows\System32\shlwapi.dll
0x00007ff98f450000 - 0x00007ff98f46f000 	C:\windows\SYSTEM32\profapi.dll
0x00007ff9599b0000 - 0x00007ff9599ca000 	C:\Program Files\Android\Android Studio\jre\bin\net.dll
0x00007ff98a4b0000 - 0x00007ff98a5ba000 	C:\windows\SYSTEM32\WINHTTP.dll
0x00007ff98ebd0000 - 0x00007ff98ec3a000 	C:\windows\system32\mswsock.dll
0x00007ff959990000 - 0x00007ff9599a4000 	C:\Program Files\Android\Android Studio\jre\bin\nio.dll
0x00007ff988f10000 - 0x00007ff988f37000 	C:\Users\Anchal\.gradle\native\e1d6ef7f7dcc3fd88c89a11ec53ec762bb8ba0a96d01ffa2cd45eb1d1d8dd5c5\windows-amd64\native-platform.dll
0x00007ff954cf0000 - 0x00007ff954e34000 	C:\Users\Anchal\.gradle\native\5664cfc778a61ccfe75a443a1ab52a65af34e5dc3c78e0209fed803814484fcb\windows-amd64\native-platform-file-events.dll
0x00007ff96fa00000 - 0x00007ff96fa0a000 	C:\Program Files\Android\Android Studio\jre\bin\management.dll
0x00007ff96f980000 - 0x00007ff96f98d000 	C:\Program Files\Android\Android Studio\jre\bin\management_ext.dll
0x00007ff98ede0000 - 0x00007ff98edf8000 	C:\windows\SYSTEM32\CRYPTSP.dll
0x00007ff98e4d0000 - 0x00007ff98e504000 	C:\windows\system32\rsaenh.dll
0x00007ff98f7f0000 - 0x00007ff98f817000 	C:\windows\System32\bcrypt.dll
0x00007ff98f3d0000 - 0x00007ff98f3fe000 	C:\windows\SYSTEM32\USERENV.dll
0x00007ff98ee00000 - 0x00007ff98ee0c000 	C:\windows\SYSTEM32\CRYPTBASE.dll
0x00007ff98e8b0000 - 0x00007ff98e8ec000 	C:\windows\SYSTEM32\IPHLPAPI.DLL
0x00007ff991a70000 - 0x00007ff991a78000 	C:\windows\System32\NSI.dll
0x00007ff988560000 - 0x00007ff988577000 	C:\windows\SYSTEM32\dhcpcsvc6.DLL
0x00007ff988540000 - 0x00007ff98855d000 	C:\windows\SYSTEM32\dhcpcsvc.DLL
0x00007ff98e8f0000 - 0x00007ff98e9bb000 	C:\windows\SYSTEM32\DNSAPI.dll

dbghelp: loaded successfully - version: 4.0.5 - missing functions: none
symbol engine: initialized successfully - sym options: 0x614 - pdb path: .;C:\Program Files\Android\Android Studio\jre\bin;C:\windows\SYSTEM32;C:\windows\WinSxS\amd64_microsoft.windows.common-controls_6595b64144ccf1df_6.0.19041.1110_none_60b5254171f9507e;C:\Program Files\Android\Android Studio\jre\bin\server;C:\Users\Anchal\.gradle\native\e1d6ef7f7dcc3fd88c89a11ec53ec762bb8ba0a96d01ffa2cd45eb1d1d8dd5c5\windows-amd64;C:\Users\Anchal\.gradle\native\5664cfc778a61ccfe75a443a1ab52a65af34e5dc3c78e0209fed803814484fcb\windows-amd64

VM Arguments:
jvm_args: --add-opens=java.base/java.util=ALL-UNNAMED --add-opens=java.base/java.lang=ALL-UNNAMED --add-opens=java.base/java.lang.invoke=ALL-UNNAMED --add-opens=java.base/java.util=ALL-UNNAMED --add-opens=java.prefs/java.util.prefs=ALL-UNNAMED --add-opens=java.prefs/java.util.prefs=ALL-UNNAMED --add-opens=java.base/java.nio.charset=ALL-UNNAMED --add-opens=java.base/java.net=ALL-UNNAMED --add-opens=java.base/java.util.concurrent.atomic=ALL-UNNAMED -Xmx2048m -Dfile.encoding=UTF-8 -Duser.country=IN -Duser.language=en -Duser.variant 
java_command: org.gradle.launcher.daemon.bootstrap.GradleDaemon 7.2
java_class_path (initial): C:\Users\Anchal\.gradle\wrapper\dists\gradle-7.2-bin\2dnblmf4td7x66yl1d74lt32g\gradle-7.2\lib\gradle-launcher-7.2.jar
Launcher Type: SUN_STANDARD

[Global flags]
     intx CICompilerCount                          = 4                                         {product} {ergonomic}
     uint ConcGCThreads                            = 2                                         {product} {ergonomic}
     uint G1ConcRefinementThreads                  = 8                                         {product} {ergonomic}
   size_t G1HeapRegionSize                         = 1048576                                   {product} {ergonomic}
    uintx GCDrainStackTargetSize                   = 64                                        {product} {ergonomic}
   size_t InitialHeapSize                          = 130023424                                 {product} {ergonomic}
   size_t MarkStackSize                            = 4194304                                   {product} {ergonomic}
   size_t MaxHeapSize                              = 2147483648                                {product} {command line}
   size_t MaxNewSize                               = 1287651328                                {product} {ergonomic}
   size_t MinHeapDeltaBytes                        = 1048576                                   {product} {ergonomic}
    uintx NonNMethodCodeHeapSize                   = 5836300                                {pd product} {ergonomic}
    uintx NonProfiledCodeHeapSize                  = 122910970                              {pd product} {ergonomic}
    uintx ProfiledCodeHeapSize                     = 122910970                              {pd product} {ergonomic}
    uintx ReservedCodeCacheSize                    = 251658240                              {pd product} {ergonomic}
     bool SegmentedCodeCache                       = true                                      {product} {ergonomic}
     bool UseCompressedClassPointers               = true                                 {lp64_product} {ergonomic}
     bool UseCompressedOops                        = true                                 {lp64_product} {ergonomic}
     bool UseG1GC                                  = true                                      {product} {ergonomic}
     bool UseLargePagesIndividualAllocation        = false                                  {pd product} {ergonomic}

Logging:
Log output configuration:
 #0: stdout all=warning uptime,level,tags
 #1: stderr all=off uptime,level,tags

Environment Variables:
JAVA_HOME=C:\Program Files\Java\jdk-20
PATH=C:\Program Files\Python311\Scripts\;C:\Program Files\Python311\;C:\Program Files\Common Files\Oracle\Java\javapath;C:\Python39\Scripts\;C:\Python39\;C:\windows\system32;C:\windows;C:\windows\System32\Wbem;C:\windows\System32\WindowsPowerShell\v1.0\;C:\windows\System32\OpenSSH\;C:\Program Files\Android\Android Studio\gradle-7.1-bin\gradle-7.1\bin\;C:\MinGW\bin\;C:\ProgramData\chocolatey\bin;C:\Program Files\nodejs\;C:\Users\Anchal\Documents\mysql\mysql-5.7.38-winx64\bin;C:\Program Files\Java\jdk-20\bin;C:\Program Files\Git\cmd;C:\Users\Anchal\anaconda3;C:\Users\Anchal\anaconda3\Library\mingw-w64\bin;C:\Users\Anchal\anaconda3\Library\usr\bin;C:\Users\Anchal\anaconda3\Library\bin;C:\Users\Anchal\anaconda3\Scripts;C:\Users\Anchal\AppData\Local\Microsoft\WindowsApps;C:\Users\Anchal\AppData\Local\Programs\Microsoft VS Code\bin;C:\Users\Anchal\AppData\Local\atom\bin;C:\Program Files\JetBrains\IntelliJ IDEA Community Edition 2021.1.2\bin;;C:\Users\Anchal\AppData\Roaming\npm;C:\Program Files\MongoDB\Server\4.4\bin
USERNAME=Anchal
OS=Windows_NT
PROCESSOR_IDENTIFIER=Intel64 Family 6 Model 140 Stepping 1, GenuineIntel



---------------  S Y S T E M  ---------------

OS: Windows 10 , 64 bit Build 19041 (10.0.19041.2913)
OS uptime: 6 days 19:46 hours
Hyper-V role detected

CPU:total 8 (initial active 8) (4 cores per cpu, 2 threads per core) family 6 model 140 stepping 1 microcode 0x8a, cmov, cx8, fxsr, mmx, sse, sse2, sse3, ssse3, sse4.1, sse4.2, popcnt, avx, avx2, aes, clmul, erms, 3dnowpref, lzcnt, ht, tsc, tscinvbit, bmi1, bmi2, adx, evex, sha, fma

Memory: 4k page, system-wide physical 7834M (425M free)
TotalPageFile size 12834M (AvailPageFile size 5M)
current process WorkingSet (physical memory assigned to process): 218M, peak: 218M
current process commit charge ("private bytes"): 285M, peak: 287M

vm_info: OpenJDK 64-Bit Server VM (11.0.12+7-b1504.28-7817840) for windows-amd64 JRE (11.0.12+7-b1504.28-7817840), built on Oct 13 2021 22:12:33 by "builder" with MS VC++ 14.0 (VS2015)

END.
