#
# There is insufficient memory for the Java Runtime Environment to continue.
# Native memory allocation (malloc) failed to allocate 2040496 bytes for Chunk::new
# Possible reasons:
#   The system is out of physical RAM or swap space
#   The process is running with CompressedOops enabled, and the Java Heap may be blocking the growth of the native heap
# Possible solutions:
#   Reduce memory load on the system
#   Increase physical memory or swap space
#   Check if swap backing store is full
#   Decrease Java heap size (-Xmx/-Xms)
#   Decrease number of Java threads
#   Decrease Java thread stack sizes (-Xss)
#   Set larger code cache with -XX:ReservedCodeCacheSize=
#   JVM is running with Unscaled Compressed Oops mode in which the Java heap is
#     placed in the first 4GB address space. The Java Heap base address is the
#     maximum limit for the native heap growth. Please use -XX:HeapBaseMinAddress
#     to set the Java Heap base and to place the Java Heap above 4GB virtual address.
# This output file may be truncated or incomplete.
#
#  Out of Memory Error (./src/hotspot/share/memory/arena.cpp:197), pid=11236, tid=2224
#
# JRE version: OpenJDK Runtime Environment (11.0.12+7) (build 11.0.12+7-b1504.28-7817840)
# Java VM: OpenJDK 64-Bit Server VM (11.0.12+7-b1504.28-7817840, mixed mode, tiered, compressed oops, g1 gc, windows-amd64)
# No core dump will be written. Minidumps are not enabled by default on client versions of Windows
#

---------------  S U M M A R Y ------------

Command Line: --add-opens=java.base/java.util=ALL-UNNAMED --add-opens=java.base/java.lang=ALL-UNNAMED --add-opens=java.base/java.lang.invoke=ALL-UNNAMED --add-opens=java.base/java.util=ALL-UNNAMED --add-opens=java.prefs/java.util.prefs=ALL-UNNAMED --add-opens=java.prefs/java.util.prefs=ALL-UNNAMED --add-opens=java.base/java.nio.charset=ALL-UNNAMED --add-opens=java.base/java.net=ALL-UNNAMED --add-opens=java.base/java.util.concurrent.atomic=ALL-UNNAMED -Xmx2048m -Dfile.encoding=UTF-8 -Duser.country=IN -Duser.language=en -Duser.variant org.gradle.launcher.daemon.bootstrap.GradleDaemon 7.2

Host: 11th Gen Intel(R) Core(TM) i5-1135G7 @ 2.40GHz, 8 cores, 7G,  Windows 10 , 64 bit Build 19041 (10.0.19041.2913)
Time: Sun Jun  4 15:45:19 2023 India Standard Time elapsed time: 7.456743 seconds (0d 0h 0m 7s)

---------------  T H R E A D  ---------------

Current thread (0x0000024a1f7ec800):  JavaThread "C2 CompilerThread0" daemon [_thread_in_native, id=2224, stack(0x000000ef8ed00000,0x000000ef8ee00000)]


Current CompileTask:
C2:   7456 3733       4       org.objectweb.asm.Frame::execute (2318 bytes)

Stack: [0x000000ef8ed00000,0x000000ef8ee00000]
Native frames: (J=compiled Java code, j=interpreted, Vv=VM code, C=native code)
V  [jvm.dll+0x5fbcea]
V  [jvm.dll+0x731905]
V  [jvm.dll+0x732f1d]
V  [jvm.dll+0x7335d3]
V  [jvm.dll+0x247bf8]
V  [jvm.dll+0xc018c]
V  [jvm.dll+0xc06cc]
V  [jvm.dll+0x35b31d]
V  [jvm.dll+0x328803]
V  [jvm.dll+0x327cfa]
V  [jvm.dll+0x200602]
V  [jvm.dll+0x1ff794]
V  [jvm.dll+0x18868c]
V  [jvm.dll+0x20e0d7]
V  [jvm.dll+0x20c901]
V  [jvm.dll+0x6f9b7f]
V  [jvm.dll+0x6f26a5]
V  [jvm.dll+0x5fabf6]
C  [ucrtbase.dll+0x21bb2]
C  [KERNEL32.DLL+0x17614]
C  [ntdll.dll+0x526a1]


---------------  P R O C E S S  ---------------

Threads class SMR info:
_java_thread_list=0x0000024a217f99a0, length=36, elements={
0x0000024a049d2000, 0x0000024a1ee64800, 0x0000024a1ee67800, 0x0000024a1f7e5800,
0x0000024a1f7e9000, 0x0000024a1f7ea000, 0x0000024a1f7ec800, 0x0000024a1f7ed800,
0x0000024a1f7f1800, 0x0000024a1f936000, 0x0000024a20a83800, 0x0000024a20d87000,
0x0000024a20d87800, 0x0000024a21873800, 0x0000024a20eca800, 0x0000024a212a6800,
0x0000024a210f3800, 0x0000024a217b5000, 0x0000024a2186e800, 0x0000024a21164000,
0x0000024a21161000, 0x0000024a21165000, 0x0000024a21165800, 0x0000024a21163000,
0x0000024a21162800, 0x0000024a21166800, 0x0000024a21167800, 0x0000024a21161800,
0x0000024a23b82000, 0x0000024a23b82800, 0x0000024a23b86800, 0x0000024a23b87800,
0x0000024a23b83800, 0x0000024a23b8b000, 0x0000024a23b8c800, 0x0000024a23b8f800
}

Java Threads: ( => current thread )
  0x0000024a049d2000 JavaThread "main" [_thread_blocked, id=10348, stack(0x000000ef8e100000,0x000000ef8e200000)]
  0x0000024a1ee64800 JavaThread "Reference Handler" daemon [_thread_blocked, id=3756, stack(0x000000ef8e800000,0x000000ef8e900000)]
  0x0000024a1ee67800 JavaThread "Finalizer" daemon [_thread_blocked, id=17704, stack(0x000000ef8e900000,0x000000ef8ea00000)]
  0x0000024a1f7e5800 JavaThread "Signal Dispatcher" daemon [_thread_blocked, id=3136, stack(0x000000ef8ea00000,0x000000ef8eb00000)]
  0x0000024a1f7e9000 JavaThread "Attach Listener" daemon [_thread_blocked, id=10332, stack(0x000000ef8eb00000,0x000000ef8ec00000)]
  0x0000024a1f7ea000 JavaThread "Service Thread" daemon [_thread_blocked, id=8352, stack(0x000000ef8ec00000,0x000000ef8ed00000)]
=>0x0000024a1f7ec800 JavaThread "C2 CompilerThread0" daemon [_thread_in_native, id=2224, stack(0x000000ef8ed00000,0x000000ef8ee00000)]
  0x0000024a1f7ed800 JavaThread "C1 CompilerThread0" daemon [_thread_blocked, id=18212, stack(0x000000ef8ee00000,0x000000ef8ef00000)]
  0x0000024a1f7f1800 JavaThread "Sweeper thread" daemon [_thread_blocked, id=13644, stack(0x000000ef8ef00000,0x000000ef8f000000)]
  0x0000024a1f936000 JavaThread "Common-Cleaner" daemon [_thread_blocked, id=14748, stack(0x000000ef8f000000,0x000000ef8f100000)]
  0x0000024a20a83800 JavaThread "Daemon health stats" [_thread_blocked, id=10584, stack(0x000000ef8f300000,0x000000ef8f400000)]
  0x0000024a20d87000 JavaThread "Incoming local TCP Connector on port 53400" [_thread_in_native, id=10140, stack(0x000000ef8f400000,0x000000ef8f500000)]
  0x0000024a20d87800 JavaThread "Daemon periodic checks" [_thread_blocked, id=3420, stack(0x000000ef8f500000,0x000000ef8f600000)]
  0x0000024a21873800 JavaThread "Daemon" [_thread_blocked, id=2084, stack(0x000000ef8f600000,0x000000ef8f700000)]
  0x0000024a20eca800 JavaThread "Handler for socket connection from /127.0.0.1:53400 to /127.0.0.1:53401" [_thread_in_native, id=4756, stack(0x000000ef8f700000,0x000000ef8f800000)]
  0x0000024a212a6800 JavaThread "Cancel handler" [_thread_blocked, id=4880, stack(0x000000ef8f800000,0x000000ef8f900000)]
  0x0000024a210f3800 JavaThread "Daemon worker" [_thread_blocked, id=7388, stack(0x000000ef8f900000,0x000000ef8fa00000)]
  0x0000024a217b5000 JavaThread "Asynchronous log dispatcher for DefaultDaemonConnection: socket connection from /127.0.0.1:53400 to /127.0.0.1:53401" [_thread_blocked, id=1872, stack(0x000000ef8fa00000,0x000000ef8fb00000)]
  0x0000024a2186e800 JavaThread "Stdin handler" [_thread_blocked, id=2624, stack(0x000000ef8fb00000,0x000000ef8fc00000)]
  0x0000024a21164000 JavaThread "Daemon client event forwarder" [_thread_blocked, id=15380, stack(0x000000ef8fc00000,0x000000ef8fd00000)]
  0x0000024a21161000 JavaThread "Cache worker for journal cache (C:\Users\Anchal\.gradle\caches\journal-1)" [_thread_blocked, id=16644, stack(0x000000ef90300000,0x000000ef90400000)]
  0x0000024a21165000 JavaThread "File lock request listener" [_thread_in_native, id=16844, stack(0x000000ef90400000,0x000000ef90500000)]
  0x0000024a21165800 JavaThread "Cache worker for file hash cache (C:\Users\Anchal\.gradle\caches\7.2\fileHashes)" [_thread_blocked, id=15908, stack(0x000000ef90500000,0x000000ef90600000)]
  0x0000024a21163000 JavaThread "Cache worker for file hash cache (C:\Users\Anchal\MyMusicPlayer\.gradle\7.2\fileHashes)" [_thread_blocked, id=13632, stack(0x000000ef90700000,0x000000ef90800000)]
  0x0000024a21162800 JavaThread "File watcher server" daemon [_thread_in_native, id=15204, stack(0x000000ef90800000,0x000000ef90900000)]
  0x0000024a21166800 JavaThread "File watcher consumer" daemon [_thread_blocked, id=4308, stack(0x000000ef90900000,0x000000ef90a00000)]
  0x0000024a21167800 JavaThread "Cache worker for checksums cache (C:\Users\Anchal\MyMusicPlayer\.gradle\checksums)" [_thread_blocked, id=1576, stack(0x000000ef90a00000,0x000000ef90b00000)]
  0x0000024a21161800 JavaThread "Cache worker for cache directory md-supplier (C:\Users\Anchal\.gradle\caches\7.2\md-supplier)" [_thread_blocked, id=6040, stack(0x000000ef90b00000,0x000000ef90c00000)]
  0x0000024a23b82000 JavaThread "Cache worker for cache directory md-rule (C:\Users\Anchal\.gradle\caches\7.2\md-rule)" [_thread_blocked, id=12732, stack(0x000000ef90c00000,0x000000ef90d00000)]
  0x0000024a23b82800 JavaThread "Cache worker for execution history cache (C:\Users\Anchal\.gradle\caches\7.2\executionHistory)" [_thread_blocked, id=16260, stack(0x000000ef90d00000,0x000000ef90e00000)]
  0x0000024a23b86800 JavaThread "jar transforms" [_thread_blocked, id=11272, stack(0x000000ef90e00000,0x000000ef90f00000)]
  0x0000024a23b87800 JavaThread "Cache worker for file content cache (C:\Users\Anchal\.gradle\caches\7.2\fileContent)" [_thread_blocked, id=13092, stack(0x000000ef90f00000,0x000000ef91000000)]
  0x0000024a23b83800 JavaThread "jar transforms Thread 2" [_thread_blocked, id=600, stack(0x000000ef91000000,0x000000ef91100000)]
  0x0000024a23b8b000 JavaThread "Cache worker for dependencies-accessors (C:\Users\Anchal\MyMusicPlayer\.gradle\7.2\dependencies-accessors)" [_thread_blocked, id=17476, stack(0x000000ef91200000,0x000000ef91300000)]
  0x0000024a23b8c800 JavaThread "C2 CompilerThread1" daemon [_thread_in_native, id=1408, stack(0x000000ef91100000,0x000000ef91200000)]
  0x0000024a23b8f800 JavaThread "jar transforms Thread 3" [_thread_blocked, id=14076, stack(0x000000ef91300000,0x000000ef91400000)]

Other Threads:
  0x0000024a1ee5f000 VMThread "VM Thread" [stack: 0x000000ef8e700000,0x000000ef8e800000] [id=3596]
  0x0000024a1f964800 WatcherThread [stack: 0x000000ef8f100000,0x000000ef8f200000] [id=17320]
  0x0000024a028ad000 GCTaskThread "GC Thread#0" [stack: 0x000000ef8e200000,0x000000ef8e300000] [id=16108]
  0x0000024a202a3000 GCTaskThread "GC Thread#1" [stack: 0x000000ef8f200000,0x000000ef8f300000] [id=16520]
  0x0000024a21b58800 GCTaskThread "GC Thread#2" [stack: 0x000000ef8fd00000,0x000000ef8fe00000] [id=9128]
  0x0000024a217b0000 GCTaskThread "GC Thread#3" [stack: 0x000000ef8fe00000,0x000000ef8ff00000] [id=16980]
  0x0000024a217b0800 GCTaskThread "GC Thread#4" [stack: 0x000000ef8ff00000,0x000000ef90000000] [id=10136]
  0x0000024a211c7000 GCTaskThread "GC Thread#5" [stack: 0x000000ef90000000,0x000000ef90100000] [id=13904]
  0x0000024a211c7800 GCTaskThread "GC Thread#6" [stack: 0x000000ef90100000,0x000000ef90200000] [id=15564]
  0x0000024a21795800 GCTaskThread "GC Thread#7" [stack: 0x000000ef90200000,0x000000ef90300000] [id=12976]
  0x0000024a04a17800 ConcurrentGCThread "G1 Main Marker" [stack: 0x000000ef8e300000,0x000000ef8e400000] [id=17364]
  0x0000024a04a18800 ConcurrentGCThread "G1 Conc#0" [stack: 0x000000ef8e400000,0x000000ef8e500000] [id=9952]
  0x0000024a217a8800 ConcurrentGCThread "G1 Conc#1" [stack: 0x000000ef90600000,0x000000ef90700000] [id=9996]
  0x0000024a1ecb0800 ConcurrentGCThread "G1 Refine#0" [stack: 0x000000ef8e500000,0x000000ef8e600000] [id=8024]
  0x0000024a1ecb1000 ConcurrentGCThread "G1 Young RemSet Sampling" [stack: 0x000000ef8e600000,0x000000ef8e700000] [id=16284]

Threads with active compile tasks:
C2 CompilerThread0   7504 3733       4       org.objectweb.asm.Frame::execute (2318 bytes)
C2 CompilerThread1   7504 3779       4       java.lang.invoke.MethodType::makeImpl (108 bytes)

VM state:at safepoint (normal execution)

VM Mutex/Monitor currently owned by a thread:  ([mutex/lock_event])
[0x0000024a049cdf60] Threads_lock - owner thread: 0x0000024a1ee5f000
[0x0000024a049ce6b0] Heap_lock - owner thread: 0x0000024a210f3800

Heap address: 0x0000000080000000, size: 2048 MB, Compressed Oops mode: 32-bit
Narrow klass base: 0x0000000000000000, Narrow klass shift: 3
Compressed class space size: 1073741824 Address: 0x0000000100000000

Heap:
 garbage-first heap   total 126976K, used 86522K [0x0000000080000000, 0x0000000100000000)
  region size 1024K, 64 young (65536K), 7 survivors (7168K)
 Metaspace       used 44853K, capacity 45924K, committed 46156K, reserved 1089536K
  class space    used 5763K, capacity 6160K, committed 6220K, reserved 1048576K
Heap Regions: E=young(eden), S=young(survivor), O=old, HS=humongous(starts), HC=humongous(continues), CS=collection set, F=free, A=archive, TAMS=top-at-mark-start (previous, next)
|   0|0x0000000080000000, 0x0000000080100000, 0x0000000080100000|100%| O|  |TAMS 0x0000000080100000, 0x0000000080000000| Untracked 
|   1|0x0000000080100000, 0x0000000080200000, 0x0000000080200000|100%| O|  |TAMS 0x0000000080200000, 0x0000000080100000| Untracked 
|   2|0x0000000080200000, 0x0000000080300000, 0x0000000080300000|100%| O|  |TAMS 0x0000000080300000, 0x0000000080200000| Untracked 
|   3|0x0000000080300000, 0x0000000080400000, 0x0000000080400000|100%|HS|  |TAMS 0x0000000080400000, 0x0000000080300000| Complete 
|   4|0x0000000080400000, 0x0000000080500000, 0x0000000080500000|100%|HC|  |TAMS 0x0000000080500000, 0x0000000080400000| Complete 
|   5|0x0000000080500000, 0x0000000080600000, 0x0000000080600000|100%|HC|  |TAMS 0x0000000080600000, 0x0000000080500000| Complete 
|   6|0x0000000080600000, 0x0000000080700000, 0x0000000080700000|100%| O|  |TAMS 0x0000000080700000, 0x0000000080600000| Untracked 
|   7|0x0000000080700000, 0x0000000080800000, 0x0000000080800000|100%| O|  |TAMS 0x0000000080800000, 0x0000000080700000| Untracked 
|   8|0x0000000080800000, 0x0000000080900000, 0x0000000080900000|100%| O|  |TAMS 0x0000000080900000, 0x0000000080800000| Untracked 
|   9|0x0000000080900000, 0x0000000080a00000, 0x0000000080a00000|100%| O|  |TAMS 0x0000000080a00000, 0x0000000080900000| Untracked 
|  10|0x0000000080a00000, 0x0000000080b00000, 0x0000000080b00000|100%| O|  |TAMS 0x0000000080b00000, 0x0000000080a00000| Untracked 
|  11|0x0000000080b00000, 0x0000000080c00000, 0x0000000080c00000|100%| O|  |TAMS 0x0000000080c00000, 0x0000000080b00000| Untracked 
|  12|0x0000000080c00000, 0x0000000080d00000, 0x0000000080d00000|100%| O|  |TAMS 0x0000000080d00000, 0x0000000080c00000| Untracked 
|  13|0x0000000080d00000, 0x0000000080e00000, 0x0000000080e00000|100%| O|  |TAMS 0x0000000080e00000, 0x0000000080d00000| Untracked 
|  14|0x0000000080e00000, 0x0000000080f00000, 0x0000000080f00000|100%| O|  |TAMS 0x0000000080f00000, 0x0000000080e00000| Untracked 
|  15|0x0000000080f00000, 0x0000000081000000, 0x0000000081000000|100%| O|  |TAMS 0x0000000081000000, 0x0000000080f00000| Untracked 
|  16|0x0000000081000000, 0x0000000081100000, 0x0000000081100000|100%| O|  |TAMS 0x0000000081100000, 0x0000000081000000| Untracked 
|  17|0x0000000081100000, 0x0000000081200000, 0x0000000081200000|100%| O|  |TAMS 0x0000000081200000, 0x0000000081100000| Untracked 
|  18|0x0000000081200000, 0x0000000081300000, 0x0000000081300000|100%| O|  |TAMS 0x0000000081208c00, 0x0000000081200000| Untracked 
|  19|0x0000000081300000, 0x0000000081300000, 0x0000000081400000|  0%| F|  |TAMS 0x0000000081300000, 0x0000000081300000| Untracked 
|  20|0x0000000081400000, 0x0000000081500000, 0x0000000081500000|100%| O|  |TAMS 0x0000000081400000, 0x0000000081400000| Untracked 
|  21|0x0000000081500000, 0x0000000081600000, 0x0000000081600000|100%| O|  |TAMS 0x0000000081500000, 0x0000000081500000| Untracked 
|  22|0x0000000081600000, 0x0000000081700000, 0x0000000081700000|100%| O|  |TAMS 0x0000000081600000, 0x0000000081600000| Untracked 
|  23|0x0000000081700000, 0x0000000081700000, 0x0000000081800000|  0%| F|  |TAMS 0x0000000081700000, 0x0000000081700000| Untracked 
|  24|0x0000000081800000, 0x0000000081800000, 0x0000000081900000|  0%| F|  |TAMS 0x0000000081800000, 0x0000000081800000| Untracked 
|  25|0x0000000081900000, 0x0000000081900000, 0x0000000081a00000|  0%| F|  |TAMS 0x0000000081900000, 0x0000000081900000| Untracked 
|  26|0x0000000081a00000, 0x0000000081a00000, 0x0000000081b00000|  0%| F|  |TAMS 0x0000000081a00000, 0x0000000081a00000| Untracked 
|  27|0x0000000081b00000, 0x0000000081b00000, 0x0000000081c00000|  0%| F|  |TAMS 0x0000000081b00000, 0x0000000081b00000| Untracked 
|  28|0x0000000081c00000, 0x0000000081c00000, 0x0000000081d00000|  0%| F|  |TAMS 0x0000000081c00000, 0x0000000081c00000| Untracked 
|  29|0x0000000081d00000, 0x0000000081d00000, 0x0000000081e00000|  0%| F|  |TAMS 0x0000000081d00000, 0x0000000081d00000| Untracked 
|  30|0x0000000081e00000, 0x0000000081e00000, 0x0000000081f00000|  0%| F|  |TAMS 0x0000000081e00000, 0x0000000081e00000| Untracked 
|  31|0x0000000081f00000, 0x0000000081f00000, 0x0000000082000000|  0%| F|  |TAMS 0x0000000081f00000, 0x0000000081f00000| Untracked 
|  32|0x0000000082000000, 0x0000000082000000, 0x0000000082100000|  0%| F|  |TAMS 0x0000000082000000, 0x0000000082000000| Untracked 
|  33|0x0000000082100000, 0x0000000082100000, 0x0000000082200000|  0%| F|  |TAMS 0x0000000082100000, 0x0000000082100000| Untracked 
|  34|0x0000000082200000, 0x0000000082200000, 0x0000000082300000|  0%| F|  |TAMS 0x0000000082200000, 0x0000000082200000| Untracked 
|  35|0x0000000082300000, 0x0000000082300000, 0x0000000082400000|  0%| F|  |TAMS 0x0000000082300000, 0x0000000082300000| Untracked 
|  36|0x0000000082400000, 0x0000000082400000, 0x0000000082500000|  0%| F|  |TAMS 0x0000000082400000, 0x0000000082400000| Untracked 
|  37|0x0000000082500000, 0x0000000082500000, 0x0000000082600000|  0%| F|  |TAMS 0x0000000082500000, 0x0000000082500000| Untracked 
|  38|0x0000000082600000, 0x0000000082600000, 0x0000000082700000|  0%| F|  |TAMS 0x0000000082600000, 0x0000000082600000| Untracked 
|  39|0x0000000082700000, 0x0000000082700000, 0x0000000082800000|  0%| F|  |TAMS 0x0000000082700000, 0x0000000082700000| Untracked 
|  40|0x0000000082800000, 0x0000000082800000, 0x0000000082900000|  0%| F|  |TAMS 0x0000000082800000, 0x0000000082800000| Untracked 
|  41|0x0000000082900000, 0x0000000082900000, 0x0000000082a00000|  0%| F|  |TAMS 0x0000000082900000, 0x0000000082900000| Untracked 
|  42|0x0000000082a00000, 0x0000000082a00000, 0x0000000082b00000|  0%| F|  |TAMS 0x0000000082a00000, 0x0000000082a00000| Untracked 
|  43|0x0000000082b00000, 0x0000000082b00000, 0x0000000082c00000|  0%| F|  |TAMS 0x0000000082b00000, 0x0000000082b00000| Untracked 
|  44|0x0000000082c00000, 0x0000000082c00000, 0x0000000082d00000|  0%| F|  |TAMS 0x0000000082c00000, 0x0000000082c00000| Untracked 
|  45|0x0000000082d00000, 0x0000000082d00000, 0x0000000082e00000|  0%| F|  |TAMS 0x0000000082d00000, 0x0000000082d00000| Untracked 
|  46|0x0000000082e00000, 0x0000000082e00000, 0x0000000082f00000|  0%| F|  |TAMS 0x0000000082e00000, 0x0000000082e00000| Untracked 
|  47|0x0000000082f00000, 0x0000000082f00000, 0x0000000083000000|  0%| F|  |TAMS 0x0000000082f00000, 0x0000000082f00000| Untracked 
|  48|0x0000000083000000, 0x0000000083000000, 0x0000000083100000|  0%| F|  |TAMS 0x0000000083000000, 0x0000000083000000| Untracked 
|  49|0x0000000083100000, 0x0000000083100000, 0x0000000083200000|  0%| F|  |TAMS 0x0000000083100000, 0x0000000083100000| Untracked 
|  50|0x0000000083200000, 0x0000000083200000, 0x0000000083300000|  0%| F|  |TAMS 0x0000000083200000, 0x0000000083200000| Untracked 
|  51|0x0000000083300000, 0x0000000083300000, 0x0000000083400000|  0%| F|  |TAMS 0x0000000083300000, 0x0000000083300000| Untracked 
|  52|0x0000000083400000, 0x00000000834a6740, 0x0000000083500000| 65%| S|CS|TAMS 0x0000000083400000, 0x0000000083400000| Complete 
|  53|0x0000000083500000, 0x0000000083600000, 0x0000000083600000|100%| S|CS|TAMS 0x0000000083500000, 0x0000000083500000| Complete 
|  54|0x0000000083600000, 0x0000000083600000, 0x0000000083700000|  0%| F|  |TAMS 0x0000000083600000, 0x0000000083600000| Untracked 
|  55|0x0000000083700000, 0x0000000083700000, 0x0000000083800000|  0%| F|  |TAMS 0x0000000083700000, 0x0000000083700000| Untracked 
|  56|0x0000000083800000, 0x0000000083800000, 0x0000000083900000|  0%| F|  |TAMS 0x0000000083800000, 0x0000000083800000| Untracked 
|  57|0x0000000083900000, 0x0000000083900000, 0x0000000083a00000|  0%| F|  |TAMS 0x0000000083900000, 0x0000000083900000| Untracked 
|  58|0x0000000083a00000, 0x0000000083a00000, 0x0000000083b00000|  0%| F|  |TAMS 0x0000000083a00000, 0x0000000083a00000| Untracked 
|  59|0x0000000083b00000, 0x0000000083b00000, 0x0000000083c00000|  0%| F|  |TAMS 0x0000000083b00000, 0x0000000083b00000| Untracked 
|  60|0x0000000083c00000, 0x0000000083c00000, 0x0000000083d00000|  0%| F|  |TAMS 0x0000000083c00000, 0x0000000083c00000| Untracked 
|  61|0x0000000083d00000, 0x0000000083d00000, 0x0000000083e00000|  0%| F|  |TAMS 0x0000000083d00000, 0x0000000083d00000| Untracked 
|  62|0x0000000083e00000, 0x0000000083f00000, 0x0000000083f00000|100%| S|CS|TAMS 0x0000000083e00000, 0x0000000083e00000| Complete 
|  63|0x0000000083f00000, 0x0000000084000000, 0x0000000084000000|100%| S|CS|TAMS 0x0000000083f00000, 0x0000000083f00000| Complete 
|  64|0x0000000084000000, 0x0000000084100000, 0x0000000084100000|100%| S|CS|TAMS 0x0000000084000000, 0x0000000084000000| Complete 
|  65|0x0000000084100000, 0x0000000084200000, 0x0000000084200000|100%| S|CS|TAMS 0x0000000084100000, 0x0000000084100000| Complete 
|  66|0x0000000084200000, 0x0000000084300000, 0x0000000084300000|100%| S|CS|TAMS 0x0000000084200000, 0x0000000084200000| Complete 
|  67|0x0000000084300000, 0x0000000084300000, 0x0000000084400000|  0%| F|  |TAMS 0x0000000084300000, 0x0000000084300000| Untracked 
|  68|0x0000000084400000, 0x0000000084400000, 0x0000000084500000|  0%| F|  |TAMS 0x0000000084400000, 0x0000000084400000| Untracked 
|  69|0x0000000084500000, 0x0000000084500000, 0x0000000084600000|  0%| F|  |TAMS 0x0000000084500000, 0x0000000084500000| Untracked 
|  70|0x0000000084600000, 0x0000000084600000, 0x0000000084700000|  0%| F|  |TAMS 0x0000000084600000, 0x0000000084600000| Untracked 
|  71|0x0000000084700000, 0x0000000084700000, 0x0000000084800000|  0%| F|  |TAMS 0x0000000084700000, 0x0000000084700000| Untracked 
|  72|0x0000000084800000, 0x0000000084800000, 0x0000000084900000|  0%| F|  |TAMS 0x0000000084800000, 0x0000000084800000| Untracked 
|  73|0x0000000084900000, 0x0000000084900000, 0x0000000084a00000|  0%| F|  |TAMS 0x0000000084900000, 0x0000000084900000| Untracked 
|  74|0x0000000084a00000, 0x0000000084a00000, 0x0000000084b00000|  0%| F|  |TAMS 0x0000000084a00000, 0x0000000084a00000| Untracked 
|  75|0x0000000084b00000, 0x0000000084b00000, 0x0000000084c00000|  0%| F|  |TAMS 0x0000000084b00000, 0x0000000084b00000| Untracked 
|  76|0x0000000084c00000, 0x0000000084c00000, 0x0000000084d00000|  0%| F|  |TAMS 0x0000000084c00000, 0x0000000084c00000| Untracked 
|  77|0x0000000084d00000, 0x0000000084d00000, 0x0000000084e00000|  0%| F|  |TAMS 0x0000000084d00000, 0x0000000084d00000| Untracked 
|  78|0x0000000084e00000, 0x0000000084e00000, 0x0000000084f00000|  0%| F|  |TAMS 0x0000000084e00000, 0x0000000084e00000| Untracked 
|  79|0x0000000084f00000, 0x0000000084f00000, 0x0000000085000000|  0%| F|  |TAMS 0x0000000084f00000, 0x0000000084f00000| Untracked 
|  80|0x0000000085000000, 0x0000000085000000, 0x0000000085100000|  0%| F|  |TAMS 0x0000000085000000, 0x0000000085000000| Untracked 
|  81|0x0000000085100000, 0x0000000085100000, 0x0000000085200000|  0%| F|  |TAMS 0x0000000085100000, 0x0000000085100000| Untracked 
|  82|0x0000000085200000, 0x0000000085200000, 0x0000000085300000|  0%| F|  |TAMS 0x0000000085200000, 0x0000000085200000| Untracked 
|  83|0x0000000085300000, 0x0000000085300000, 0x0000000085400000|  0%| F|  |TAMS 0x0000000085300000, 0x0000000085300000| Untracked 
|  84|0x0000000085400000, 0x0000000085400000, 0x0000000085500000|  0%| F|  |TAMS 0x0000000085400000, 0x0000000085400000| Untracked 
|  85|0x0000000085500000, 0x0000000085500000, 0x0000000085600000|  0%| F|  |TAMS 0x0000000085500000, 0x0000000085500000| Untracked 
|  86|0x0000000085600000, 0x0000000085600000, 0x0000000085700000|  0%| F|  |TAMS 0x0000000085600000, 0x0000000085600000| Untracked 
|  87|0x0000000085700000, 0x0000000085700000, 0x0000000085800000|  0%| F|  |TAMS 0x0000000085700000, 0x0000000085700000| Untracked 
|  88|0x0000000085800000, 0x0000000085800000, 0x0000000085900000|  0%| F|  |TAMS 0x0000000085800000, 0x0000000085800000| Untracked 
|  89|0x0000000085900000, 0x0000000085900000, 0x0000000085a00000|  0%| F|  |TAMS 0x0000000085900000, 0x0000000085900000| Untracked 
|  90|0x0000000085a00000, 0x0000000085a00000, 0x0000000085b00000|  0%| F|  |TAMS 0x0000000085a00000, 0x0000000085a00000| Untracked 
|  91|0x0000000085b00000, 0x0000000085b00000, 0x0000000085c00000|  0%| F|  |TAMS 0x0000000085b00000, 0x0000000085b00000| Untracked 
|  92|0x0000000085c00000, 0x0000000085c00000, 0x0000000085d00000|  0%| F|  |TAMS 0x0000000085c00000, 0x0000000085c00000| Untracked 
|  93|0x0000000085d00000, 0x0000000085d00000, 0x0000000085e00000|  0%| F|  |TAMS 0x0000000085d00000, 0x0000000085d00000| Untracked 
|  94|0x0000000085e00000, 0x0000000085e00000, 0x0000000085f00000|  0%| F|  |TAMS 0x0000000085e00000, 0x0000000085e00000| Untracked 
|  95|0x0000000085f00000, 0x0000000085f00000, 0x0000000086000000|  0%| F|  |TAMS 0x0000000085f00000, 0x0000000085f00000| Untracked 
|  96|0x0000000086000000, 0x0000000086000000, 0x0000000086100000|  0%| F|  |TAMS 0x0000000086000000, 0x0000000086000000| Untracked 
|  97|0x0000000086100000, 0x0000000086100000, 0x0000000086200000|  0%| F|  |TAMS 0x0000000086100000, 0x0000000086100000| Untracked 
|  98|0x0000000086200000, 0x0000000086200000, 0x0000000086300000|  0%| F|  |TAMS 0x0000000086200000, 0x0000000086200000| Untracked 
|  99|0x0000000086300000, 0x0000000086300000, 0x0000000086400000|  0%| F|  |TAMS 0x0000000086300000, 0x0000000086300000| Untracked 
| 100|0x0000000086400000, 0x0000000086400000, 0x0000000086500000|  0%| F|  |TAMS 0x0000000086400000, 0x0000000086400000| Untracked 
| 101|0x0000000086500000, 0x0000000086500000, 0x0000000086600000|  0%| F|  |TAMS 0x0000000086500000, 0x0000000086500000| Untracked 
| 102|0x0000000086600000, 0x0000000086600000, 0x0000000086700000|  0%| F|  |TAMS 0x0000000086600000, 0x0000000086600000| Untracked 
| 103|0x0000000086700000, 0x0000000086700000, 0x0000000086800000|  0%| F|  |TAMS 0x0000000086700000, 0x0000000086700000| Untracked 
| 104|0x0000000086800000, 0x0000000086800000, 0x0000000086900000|  0%| F|  |TAMS 0x0000000086800000, 0x0000000086800000| Untracked 
| 105|0x0000000086900000, 0x0000000086900000, 0x0000000086a00000|  0%| F|  |TAMS 0x0000000086900000, 0x0000000086900000| Untracked 
| 106|0x0000000086a00000, 0x0000000086a00000, 0x0000000086b00000|  0%| F|  |TAMS 0x0000000086a00000, 0x0000000086a00000| Untracked 
| 107|0x0000000086b00000, 0x0000000086b00000, 0x0000000086c00000|  0%| F|  |TAMS 0x0000000086b00000, 0x0000000086b00000| Untracked 
| 108|0x0000000086c00000, 0x0000000086c00000, 0x0000000086d00000|  0%| F|  |TAMS 0x0000000086c00000, 0x0000000086c00000| Untracked 
| 109|0x0000000086d00000, 0x0000000086d00000, 0x0000000086e00000|  0%| F|  |TAMS 0x0000000086d00000, 0x0000000086d00000| Untracked 
| 110|0x0000000086e00000, 0x0000000086e00000, 0x0000000086f00000|  0%| F|  |TAMS 0x0000000086e00000, 0x0000000086e00000| Untracked 
| 111|0x0000000086f00000, 0x0000000086f00000, 0x0000000087000000|  0%| F|  |TAMS 0x0000000086f00000, 0x0000000086f00000| Untracked 
| 112|0x0000000087000000, 0x0000000087000000, 0x0000000087100000|  0%| F|  |TAMS 0x0000000087000000, 0x0000000087000000| Untracked 
| 113|0x0000000087100000, 0x0000000087100000, 0x0000000087200000|  0%| F|  |TAMS 0x0000000087100000, 0x0000000087100000| Untracked 
| 114|0x0000000087200000, 0x0000000087200000, 0x0000000087300000|  0%| F|  |TAMS 0x0000000087200000, 0x0000000087200000| Untracked 
| 115|0x0000000087300000, 0x0000000087300000, 0x0000000087400000|  0%| F|  |TAMS 0x0000000087300000, 0x0000000087300000| Untracked 
| 116|0x0000000087400000, 0x0000000087400000, 0x0000000087500000|  0%| F|  |TAMS 0x0000000087400000, 0x0000000087400000| Untracked 
| 117|0x0000000087500000, 0x0000000087500000, 0x0000000087600000|  0%| F|  |TAMS 0x0000000087500000, 0x0000000087500000| Untracked 
| 118|0x0000000087600000, 0x0000000087600000, 0x0000000087700000|  0%| F|  |TAMS 0x0000000087600000, 0x0000000087600000| Untracked 
| 119|0x0000000087700000, 0x0000000087700000, 0x0000000087800000|  0%| F|  |TAMS 0x0000000087700000, 0x0000000087700000| Untracked 
| 120|0x0000000087800000, 0x0000000087800000, 0x0000000087900000|  0%| F|  |TAMS 0x0000000087800000, 0x0000000087800000| Untracked 
| 121|0x0000000087900000, 0x0000000087900000, 0x0000000087a00000|  0%| F|  |TAMS 0x0000000087900000, 0x0000000087900000| Untracked 
| 122|0x0000000087a00000, 0x0000000087a00000, 0x0000000087b00000|  0%| F|  |TAMS 0x0000000087a00000, 0x0000000087a00000| Untracked 
| 123|0x0000000087b00000, 0x0000000087b00000, 0x0000000087c00000|  0%| F|  |TAMS 0x0000000087b00000, 0x0000000087b00000| Untracked 

Card table byte_map: [0x0000024a17c10000,0x0000024a18010000] _byte_map_base: 0x0000024a17810000

Marking Bits (Prev, Next): (CMBitMap*) 0x0000024a04a0e8f8, (CMBitMap*) 0x0000024a04a0e930
 Prev Bits: [0x0000024a18410000, 0x0000024a1a410000)
 Next Bits: [0x0000024a1a410000, 0x0000024a1c410000)

Polling page: 0x0000024a02940000

Metaspace:

Usage:
  Non-class:     38.83 MB capacity,    38.17 MB ( 98%) used,   567.95 KB (  1%) free+waste,   105.69 KB ( <1%) overhead. 
      Class:      6.02 MB capacity,     5.63 MB ( 94%) used,   345.74 KB (  6%) free+waste,    50.75 KB ( <1%) overhead. 
       Both:     44.85 MB capacity,    43.80 MB ( 98%) used,   913.70 KB (  2%) free+waste,   156.44 KB ( <1%) overhead. 

Virtual space:
  Non-class space:       40.00 MB reserved,      39.00 MB ( 98%) committed 
      Class space:        1.00 GB reserved,       6.07 MB ( <1%) committed 
             Both:        1.04 GB reserved,      45.07 MB (  4%) committed 

Chunk freelists:
   Non-Class:  44.00 KB
       Class:  16.00 KB
        Both:  60.00 KB

MaxMetaspaceSize: 17179869184.00 GB
CompressedClassSpaceSize: 1.00 GB
Initial GC threshold: 20.80 MB
Current GC threshold: 58.88 MB
CDS: off

CodeHeap 'non-profiled nmethods': size=120000Kb used=1808Kb max_used=1808Kb free=118191Kb
 bounds [0x0000024a0ffb0000, 0x0000024a10220000, 0x0000024a174e0000]
CodeHeap 'profiled nmethods': size=120000Kb used=7984Kb max_used=7984Kb free=112015Kb
 bounds [0x0000024a08a80000, 0x0000024a09250000, 0x0000024a0ffb0000]
CodeHeap 'non-nmethods': size=5760Kb used=2289Kb max_used=2329Kb free=3470Kb
 bounds [0x0000024a084e0000, 0x0000024a08750000, 0x0000024a08a80000]
 total_blobs=4502 nmethods=3734 adapters=680
 compilation: enabled
              stopped_count=0, restarted_count=0
 full_count=0

Compilation events (20 events):
Event: 7.368 Thread 0x0000024a23b8c800 nmethod 3771 0x0000024a10171610 code [0x0000024a101717c0, 0x0000024a101719c8]
Event: 7.368 Thread 0x0000024a23b8c800 3754       4       java.lang.invoke.Invokers$Holder::linkToTargetMethod (8 bytes)
Event: 7.369 Thread 0x0000024a23b8c800 nmethod 3754 0x0000024a10171b10 code [0x0000024a10171cc0, 0x0000024a10171d58]
Event: 7.369 Thread 0x0000024a23b8c800 3755       4       java.lang.invoke.LambdaForm$MH/0x0000000100060440::invoke (8 bytes)
Event: 7.369 Thread 0x0000024a23b8c800 nmethod 3755 0x0000024a10171e90 code [0x0000024a10172020, 0x0000024a10172098]
Event: 7.369 Thread 0x0000024a23b8c800 3736       4       org.gradle.internal.instantiation.generator.AbstractClassGenerator$ClassGenerationHandler::visitProperty (1 bytes)
Event: 7.369 Thread 0x0000024a23b8c800 nmethod 3736 0x0000024a10172190 code [0x0000024a10172320, 0x0000024a10172378]
Event: 7.372 Thread 0x0000024a23b8c800 3772       4       java.util.ArrayDeque::add (7 bytes)
Event: 7.372 Thread 0x0000024a1f7ed800 3773       3       java.lang.invoke.MethodHandles$Lookup::resolveOrFail (39 bytes)
Event: 7.373 Thread 0x0000024a1f7ed800 nmethod 3773 0x0000024a09245010 code [0x0000024a092452e0, 0x0000024a09245f88]
Event: 7.374 Thread 0x0000024a23b8c800 nmethod 3772 0x0000024a10172490 code [0x0000024a10172640, 0x0000024a10172848]
Event: 7.415 Thread 0x0000024a23b8c800 3774   !   4       java.util.zip.Inflater::reset (64 bytes)
Event: 7.420 Thread 0x0000024a23b8c800 nmethod 3774 0x0000024a10172990 code [0x0000024a10172b40, 0x0000024a10172fe8]
Event: 7.435 Thread 0x0000024a1f7ed800 3775   !   3       java.lang.invoke.MethodHandles$Lookup::canBeCached (150 bytes)
Event: 7.438 Thread 0x0000024a1f7ed800 nmethod 3775 0x0000024a09246410 code [0x0000024a09246840, 0x0000024a09248928]
Event: 7.440 Thread 0x0000024a23b8c800 3776       4       java.util.HashSet::contains (9 bytes)
Event: 7.448 Thread 0x0000024a1f7ed800 3777       3       java.net.URI$Parser::scan (41 bytes)
Event: 7.448 Thread 0x0000024a23b8c800 nmethod 3776 0x0000024a10173190 code [0x0000024a10173360, 0x0000024a10173838]
Event: 7.449 Thread 0x0000024a1f7ed800 nmethod 3777 0x0000024a09249490 code [0x0000024a09249700, 0x0000024a0924a058]
Event: 7.452 Thread 0x0000024a23b8c800 3778       4       java.util.jar.JarFile$1::apply (9 bytes)

GC Heap History (14 events):
Event: 1.058 GC heap before
{Heap before GC invocations=0 (full 0):
 garbage-first heap   total 126976K, used 29696K [0x0000000080000000, 0x0000000100000000)
  region size 1024K, 24 young (24576K), 0 survivors (0K)
 Metaspace       used 10229K, capacity 10427K, committed 10624K, reserved 1058816K
  class space    used 1072K, capacity 1141K, committed 1152K, reserved 1048576K
}
Event: 1.069 GC heap after
{Heap after GC invocations=1 (full 0):
 garbage-first heap   total 126976K, used 9674K [0x0000000080000000, 0x0000000100000000)
  region size 1024K, 3 young (3072K), 3 survivors (3072K)
 Metaspace       used 10229K, capacity 10427K, committed 10624K, reserved 1058816K
  class space    used 1072K, capacity 1141K, committed 1152K, reserved 1048576K
}
Event: 2.821 GC heap before
{Heap before GC invocations=1 (full 0):
 garbage-first heap   total 126976K, used 82378K [0x0000000080000000, 0x0000000100000000)
  region size 1024K, 74 young (75776K), 3 survivors (3072K)
 Metaspace       used 17573K, capacity 17928K, committed 18176K, reserved 1064960K
  class space    used 2077K, capacity 2219K, committed 2304K, reserved 1048576K
}
Event: 2.827 GC heap after
{Heap after GC invocations=2 (full 0):
 garbage-first heap   total 126976K, used 15818K [0x0000000080000000, 0x0000000100000000)
  region size 1024K, 9 young (9216K), 9 survivors (9216K)
 Metaspace       used 17573K, capacity 17928K, committed 18176K, reserved 1064960K
  class space    used 2077K, capacity 2219K, committed 2304K, reserved 1048576K
}
Event: 3.248 GC heap before
{Heap before GC invocations=2 (full 0):
 garbage-first heap   total 126976K, used 41418K [0x0000000080000000, 0x0000000100000000)
  region size 1024K, 36 young (36864K), 9 survivors (9216K)
 Metaspace       used 20699K, capacity 21075K, committed 21248K, reserved 1067008K
  class space    used 2543K, capacity 2693K, committed 2816K, reserved 1048576K
}
Event: 3.260 GC heap after
{Heap after GC invocations=3 (full 0):
 garbage-first heap   total 126976K, used 16795K [0x0000000080000000, 0x0000000100000000)
  region size 1024K, 2 young (2048K), 2 survivors (2048K)
 Metaspace       used 20699K, capacity 21075K, committed 21248K, reserved 1067008K
  class space    used 2543K, capacity 2693K, committed 2816K, reserved 1048576K
}
Event: 4.130 GC heap before
{Heap before GC invocations=4 (full 0):
 garbage-first heap   total 126976K, used 65947K [0x0000000080000000, 0x0000000100000000)
  region size 1024K, 50 young (51200K), 2 survivors (2048K)
 Metaspace       used 25808K, capacity 26397K, committed 26624K, reserved 1073152K
  class space    used 3369K, capacity 3580K, committed 3584K, reserved 1048576K
}
Event: 4.137 GC heap after
{Heap after GC invocations=5 (full 0):
 garbage-first heap   total 126976K, used 18624K [0x0000000080000000, 0x0000000100000000)
  region size 1024K, 3 young (3072K), 3 survivors (3072K)
 Metaspace       used 25808K, capacity 26397K, committed 26624K, reserved 1073152K
  class space    used 3369K, capacity 3580K, committed 3584K, reserved 1048576K
}
Event: 5.001 GC heap before
{Heap before GC invocations=5 (full 0):
 garbage-first heap   total 126976K, used 74944K [0x0000000080000000, 0x0000000100000000)
  region size 1024K, 58 young (59392K), 3 survivors (3072K)
 Metaspace       used 32337K, capacity 33026K, committed 33280K, reserved 1077248K
  class space    used 4266K, capacity 4538K, committed 4608K, reserved 1048576K
}
Event: 5.006 GC heap after
{Heap after GC invocations=6 (full 0):
 garbage-first heap   total 126976K, used 21159K [0x0000000080000000, 0x0000000100000000)
  region size 1024K, 6 young (6144K), 6 survivors (6144K)
 Metaspace       used 32337K, capacity 33026K, committed 33280K, reserved 1077248K
  class space    used 4266K, capacity 4538K, committed 4608K, reserved 1048576K
}
Event: 5.229 GC heap before
{Heap before GC invocations=6 (full 0):
 garbage-first heap   total 126976K, used 27303K [0x0000000080000000, 0x0000000100000000)
  region size 1024K, 13 young (13312K), 6 survivors (6144K)
 Metaspace       used 35068K, capacity 35786K, committed 35840K, reserved 1081344K
  class space    used 4562K, capacity 4863K, committed 4864K, reserved 1048576K
}
Event: 5.242 GC heap after
{Heap after GC invocations=7 (full 0):
 garbage-first heap   total 126976K, used 22563K [0x0000000080000000, 0x0000000100000000)
  region size 1024K, 4 young (4096K), 4 survivors (4096K)
 Metaspace       used 35068K, capacity 35786K, committed 35840K, reserved 1081344K
  class space    used 4562K, capacity 4863K, committed 4864K, reserved 1048576K
}
Event: 6.147 GC heap before
{Heap before GC invocations=8 (full 0):
 garbage-first heap   total 126976K, used 84003K [0x0000000080000000, 0x0000000100000000)
  region size 1024K, 62 young (63488K), 4 survivors (4096K)
 Metaspace       used 39286K, capacity 40303K, committed 40524K, reserved 1085440K
  class space    used 5046K, capacity 5425K, committed 5452K, reserved 1048576K
}
Event: 6.156 GC heap after
{Heap after GC invocations=9 (full 0):
 garbage-first heap   total 126976K, used 27130K [0x0000000080000000, 0x0000000100000000)
  region size 1024K, 8 young (8192K), 8 survivors (8192K)
 Metaspace       used 39286K, capacity 40303K, committed 40524K, reserved 1085440K
  class space    used 5046K, capacity 5425K, committed 5452K, reserved 1048576K
}

Deoptimization events (20 events):
Event: 7.189 Thread 0x0000024a210f3800 Uncommon trap: trap_request=0xffffffc6 fr.pc=0x0000024a100adaa8 relative=0x0000000000000248
Event: 7.189 Thread 0x0000024a210f3800 Uncommon trap: reason=bimorphic_or_optimized_type_check action=maybe_recompile pc=0x0000024a100adaa8 method=com.google.common.base.CharMatcher.indexIn(Ljava/lang/CharSequence;I)I @ 31 c2
Event: 7.189 Thread 0x0000024a210f3800 DEOPT PACKING pc=0x0000024a100adaa8 sp=0x000000ef8f9f9cc0
Event: 7.189 Thread 0x0000024a210f3800 DEOPT UNPACKING pc=0x0000024a084e85af sp=0x000000ef8f9f9c68 mode 2
Event: 7.313 Thread 0x0000024a210f3800 Uncommon trap: trap_request=0xffffff4d fr.pc=0x0000024a1002d010 relative=0x00000000000001d0
Event: 7.313 Thread 0x0000024a210f3800 Uncommon trap: reason=unstable_if action=reinterpret pc=0x0000024a1002d010 method=java.net.URI$Parser.scan(IILjava/lang/String;)I @ 26 c2
Event: 7.313 Thread 0x0000024a210f3800 DEOPT PACKING pc=0x0000024a1002d010 sp=0x000000ef8f9f9030
Event: 7.313 Thread 0x0000024a210f3800 DEOPT UNPACKING pc=0x0000024a084e85af sp=0x000000ef8f9f8fc0 mode 2
Event: 7.313 Thread 0x0000024a210f3800 Uncommon trap: trap_request=0xffffff4d fr.pc=0x0000024a10000ddc relative=0x000000000000011c
Event: 7.313 Thread 0x0000024a210f3800 Uncommon trap: reason=unstable_if action=reinterpret pc=0x0000024a10000ddc method=java.net.URI.match(CJJ)Z @ 45 c2
Event: 7.313 Thread 0x0000024a210f3800 DEOPT PACKING pc=0x0000024a10000ddc sp=0x000000ef8f9f8da0
Event: 7.313 Thread 0x0000024a210f3800 DEOPT UNPACKING pc=0x0000024a084e85af sp=0x000000ef8f9f8cd8 mode 2
Event: 7.313 Thread 0x0000024a210f3800 Uncommon trap: trap_request=0xffffff4d fr.pc=0x0000024a0ffd1668 relative=0x0000000000000048
Event: 7.313 Thread 0x0000024a210f3800 Uncommon trap: reason=unstable_if action=reinterpret pc=0x0000024a0ffd1668 method=java.net.URI.match(CJJ)Z @ 19 c2
Event: 7.313 Thread 0x0000024a210f3800 DEOPT PACKING pc=0x0000024a0ffd1668 sp=0x000000ef8f9f8db0
Event: 7.314 Thread 0x0000024a210f3800 DEOPT UNPACKING pc=0x0000024a084e85af sp=0x000000ef8f9f8d60 mode 2
Event: 7.448 Thread 0x0000024a210f3800 Uncommon trap: trap_request=0xffffff4d fr.pc=0x0000024a10022a34 relative=0x00000000000001f4
Event: 7.448 Thread 0x0000024a210f3800 Uncommon trap: reason=unstable_if action=reinterpret pc=0x0000024a10022a34 method=java.net.URI$Parser.scan(IILjava/lang/String;)I @ 26 c2
Event: 7.448 Thread 0x0000024a210f3800 DEOPT PACKING pc=0x0000024a10022a34 sp=0x000000ef8f9f8ae0
Event: 7.448 Thread 0x0000024a210f3800 DEOPT UNPACKING pc=0x0000024a084e85af sp=0x000000ef8f9f8a90 mode 2

Classes redefined (0 events):
No events

Internal exceptions (20 events):
Event: 6.163 Thread 0x0000024a210f3800 Exception <a 'java/lang/ClassNotFoundException'{0x0000000087a2ce58}: org/gradle/api/internal/provider/AbstractMinimalProviderCustomizer> (0x0000000087a2ce58) thrown at [./src/hotspot/share/classfile/systemDictionary.cpp, line 231]
Event: 6.165 Thread 0x0000024a210f3800 Exception <a 'java/lang/ClassNotFoundException'{0x0000000087aa7718}: org/gradle/api/internal/provider/AbstractPropertyCustomizer> (0x0000000087aa7718) thrown at [./src/hotspot/share/classfile/systemDictionary.cpp, line 231]
Event: 6.166 Thread 0x0000024a210f3800 Exception <a 'java/lang/ClassNotFoundException'{0x0000000087ada020}: org/gradle/api/internal/provider/DefaultPropertyCustomizer> (0x0000000087ada020) thrown at [./src/hotspot/share/classfile/systemDictionary.cpp, line 231]
Event: 6.236 Thread 0x0000024a210f3800 Exception <a 'java/lang/ClassNotFoundException'{0x00000000878cec78}: org/gradle/initialization/DefaultProjectDescriptorBeanInfo> (0x00000000878cec78) thrown at [./src/hotspot/share/classfile/systemDictionary.cpp, line 231]
Event: 6.237 Thread 0x0000024a210f3800 Exception <a 'java/lang/ClassNotFoundException'{0x00000000878f4c78}: org/gradle/initialization/DefaultProjectDescriptorCustomizer> (0x00000000878f4c78) thrown at [./src/hotspot/share/classfile/systemDictionary.cpp, line 231]
Event: 6.240 Thread 0x0000024a210f3800 Implicit null exception at 0x0000024a1011716f to 0x0000024a10117218
Event: 6.695 Thread 0x0000024a21164000 Exception <a 'java/lang/NoSuchMethodError'{0x0000000086d81178}: <clinit>> (0x0000000086d81178) thrown at [./src/hotspot/share/prims/jni.cpp, line 1365]
Event: 6.696 Thread 0x0000024a21164000 Exception <a 'java/lang/NoSuchMethodError'{0x0000000086d82868}: <clinit>> (0x0000000086d82868) thrown at [./src/hotspot/share/prims/jni.cpp, line 1365]
Event: 6.698 Thread 0x0000024a21164000 Exception <a 'java/lang/NoSuchMethodError'{0x0000000086d916c8}: <clinit>> (0x0000000086d916c8) thrown at [./src/hotspot/share/prims/jni.cpp, line 1365]
Event: 6.698 Thread 0x0000024a21164000 Exception <a 'java/lang/NoSuchMethodError'{0x0000000086d93518}: <clinit>> (0x0000000086d93518) thrown at [./src/hotspot/share/prims/jni.cpp, line 1365]
Event: 6.701 Thread 0x0000024a21164000 Exception <a 'java/lang/NoSuchMethodError'{0x0000000086da2998}: <clinit>> (0x0000000086da2998) thrown at [./src/hotspot/share/prims/jni.cpp, line 1365]
Event: 6.957 Thread 0x0000024a210f3800 Implicit null exception at 0x0000024a10080674 to 0x0000024a10080884
Event: 7.168 Thread 0x0000024a210f3800 Exception <a 'java/lang/ClassNotFoundException'{0x0000000085a897d8}: build_5z22omfulg5zwqoyraov9pox7BeanInfo> (0x0000000085a897d8) thrown at [./src/hotspot/share/classfile/systemDictionary.cpp, line 231]
Event: 7.168 Thread 0x0000024a210f3800 Exception <a 'java/lang/ClassNotFoundException'{0x0000000085a9fcd0}: org/gradle/api/internal/project/ProjectScriptBeanInfo> (0x0000000085a9fcd0) thrown at [./src/hotspot/share/classfile/systemDictionary.cpp, line 231]
Event: 7.168 Thread 0x0000024a210f3800 Exception <a 'java/lang/ClassNotFoundException'{0x0000000085ab6098}: org/gradle/api/internal/project/ProjectScriptCustomizer> (0x0000000085ab6098) thrown at [./src/hotspot/share/classfile/systemDictionary.cpp, line 231]
Event: 7.169 Thread 0x0000024a210f3800 Exception <a 'java/lang/ClassNotFoundException'{0x0000000085ad1348}: build_5z22omfulg5zwqoyraov9pox7Customizer> (0x0000000085ad1348) thrown at [./src/hotspot/share/classfile/systemDictionary.cpp, line 231]
Event: 7.178 Thread 0x0000024a210f3800 Exception <a 'java/lang/ClassNotFoundException'{0x000000008595b430}: org/gradle/plugin/use/internal/PluginRequestCollector$PluginDependenciesSpecImplBeanInfo> (0x000000008595b430) thrown at [./src/hotspot/share/classfile/systemDictionary.cpp, line 231]
Event: 7.179 Thread 0x0000024a210f3800 Exception <a 'java/lang/ClassNotFoundException'{0x000000008598a4f8}: org/gradle/plugin/use/internal/PluginRequestCollector$PluginDependenciesSpecImplCustomizer> (0x000000008598a4f8) thrown at [./src/hotspot/share/classfile/systemDictionary.cpp, line 231]
Event: 7.183 Thread 0x0000024a210f3800 Exception <a 'java/lang/ClassNotFoundException'{0x00000000859f01c0}: org/gradle/plugin/use/internal/PluginRequestCollector$PluginDependencySpecImplBeanInfo> (0x00000000859f01c0) thrown at [./src/hotspot/share/classfile/systemDictionary.cpp, line 231]
Event: 7.184 Thread 0x0000024a210f3800 Exception <a 'java/lang/ClassNotFoundException'{0x000000008581e7b0}: org/gradle/plugin/use/internal/PluginRequestCollector$PluginDependencySpecImplCustomizer> (0x000000008581e7b0) thrown at [./src/hotspot/share/classfile/systemDictionary.cpp, line 231]

Events (20 events):
Event: 7.450 loading class org/gradle/api/internal/artifacts/ivyservice/resolveengine/VirtualComponentMetadataResolver
Event: 7.450 loading class org/gradle/api/internal/artifacts/ivyservice/resolveengine/VirtualComponentMetadataResolver done
Event: 7.450 loading class org/gradle/api/internal/artifacts/ivyservice/resolveengine/ComponentResolversChain$DependencyToComponentIdResolverChain
Event: 7.450 loading class org/gradle/api/internal/artifacts/ivyservice/resolveengine/ComponentResolversChain$DependencyToComponentIdResolverChain done
Event: 7.451 loading class org/gradle/api/internal/artifacts/ivyservice/resolveengine/ComponentResolversChain$ComponentMetaDataResolverChain
Event: 7.451 loading class org/gradle/api/internal/artifacts/ivyservice/resolveengine/ComponentResolversChain$ComponentMetaDataResolverChain done
Event: 7.451 loading class org/gradle/api/internal/artifacts/ivyservice/ivyresolve/ErrorHandlingArtifactResolver
Event: 7.451 loading class org/gradle/api/internal/artifacts/ivyservice/ivyresolve/ErrorHandlingArtifactResolver done
Event: 7.452 loading class org/gradle/api/internal/artifacts/ivyservice/resolveengine/ComponentResolversChain$ArtifactResolverChain
Event: 7.452 loading class org/gradle/api/internal/artifacts/ivyservice/resolveengine/ComponentResolversChain$ArtifactResolverChain done
Event: 7.452 loading class org/gradle/internal/resolve/resolver/DefaultArtifactSelector
Event: 7.452 loading class org/gradle/internal/resolve/resolver/DefaultArtifactSelector done
Event: 7.453 loading class org/gradle/api/internal/artifacts/ivyservice/clientmodule/ClientModuleResolver
Event: 7.453 loading class org/gradle/api/internal/artifacts/ivyservice/clientmodule/ClientModuleResolver done
Event: 7.453 loading class org/gradle/api/internal/artifacts/ivyservice/resolveengine/DefaultArtifactDependencyResolver$DefaultResolveContextToComponentResolver
Event: 7.453 loading class org/gradle/api/internal/artifacts/ivyservice/resolveengine/DefaultArtifactDependencyResolver$DefaultResolveContextToComponentResolver done
Event: 7.454 loading class org/gradle/api/internal/artifacts/ivyservice/resolveengine/ConflictResolverFactory
Event: 7.454 loading class org/gradle/api/internal/artifacts/ivyservice/resolveengine/ConflictResolverFactory done
Event: 7.454 loading class org/gradle/api/internal/artifacts/ivyservice/resolveengine/ModuleConflictResolver
Event: 7.454 loading class org/gradle/api/internal/artifacts/ivyservice/resolveengine/ModuleConflictResolver done


Dynamic libraries:
0x00007ff6f7a00000 - 0x00007ff6f7a0a000 	C:\Program Files\Android\Android Studio\jre\bin\java.exe
0x00007ff991e30000 - 0x00007ff992028000 	C:\windows\SYSTEM32\ntdll.dll
0x00007ff991d30000 - 0x00007ff991def000 	C:\windows\System32\KERNEL32.DLL
0x00007ff98f9c0000 - 0x00007ff98fcb6000 	C:\windows\System32\KERNELBASE.dll
0x00007ff98f8c0000 - 0x00007ff98f9c0000 	C:\windows\System32\ucrtbase.dll
0x00007ff95d730000 - 0x00007ff95d747000 	C:\Program Files\Android\Android Studio\jre\bin\VCRUNTIME140.dll
0x00007ff98c750000 - 0x00007ff98c769000 	C:\Program Files\Android\Android Studio\jre\bin\jli.dll
0x00007ff990aa0000 - 0x00007ff990c3d000 	C:\windows\System32\USER32.dll
0x00007ff98f750000 - 0x00007ff98f772000 	C:\windows\System32\win32u.dll
0x00007ff973ba0000 - 0x00007ff973e3a000 	C:\windows\WinSxS\amd64_microsoft.windows.common-controls_6595b64144ccf1df_6.0.19041.1110_none_60b5254171f9507e\COMCTL32.dll
0x00007ff991af0000 - 0x00007ff991b1c000 	C:\windows\System32\GDI32.dll
0x00007ff990950000 - 0x00007ff9909ee000 	C:\windows\System32\msvcrt.dll
0x00007ff98fcc0000 - 0x00007ff98fdd5000 	C:\windows\System32\gdi32full.dll
0x00007ff98f820000 - 0x00007ff98f8bd000 	C:\windows\System32\msvcp_win.dll
0x00007ff990ea0000 - 0x00007ff990ed0000 	C:\windows\System32\IMM32.DLL
0x00007ff9557c0000 - 0x00007ff95585d000 	C:\Program Files\Android\Android Studio\jre\bin\msvcp140.dll
0x00007ff92de20000 - 0x00007ff92e905000 	C:\Program Files\Android\Android Studio\jre\bin\server\jvm.dll
0x00007ff9909f0000 - 0x00007ff990a9f000 	C:\windows\System32\ADVAPI32.dll
0x00007ff9903e0000 - 0x00007ff99047c000 	C:\windows\System32\sechost.dll
0x00007ff991010000 - 0x00007ff991136000 	C:\windows\System32\RPCRT4.dll
0x00007ff990010000 - 0x00007ff990018000 	C:\windows\System32\PSAPI.DLL
0x00007ff989100000 - 0x00007ff989109000 	C:\windows\SYSTEM32\WSOCK32.dll
0x00007ff96e4b0000 - 0x00007ff96e4d7000 	C:\windows\SYSTEM32\WINMM.dll
0x00007ff988680000 - 0x00007ff98868a000 	C:\windows\SYSTEM32\VERSION.dll
0x00007ff991a80000 - 0x00007ff991aeb000 	C:\windows\System32\WS2_32.dll
0x00007ff98dd20000 - 0x00007ff98dd32000 	C:\windows\SYSTEM32\kernel.appcore.dll
0x00007ff973770000 - 0x00007ff973781000 	C:\Program Files\Android\Android Studio\jre\bin\verify.dll
0x00007ff98d250000 - 0x00007ff98d434000 	C:\windows\SYSTEM32\DBGHELP.DLL
0x00007ff970560000 - 0x00007ff970594000 	C:\windows\SYSTEM32\dbgcore.DLL
0x00007ff98f560000 - 0x00007ff98f5e2000 	C:\windows\System32\bcryptPrimitives.dll
0x00007ff9599f0000 - 0x00007ff959a19000 	C:\Program Files\Android\Android Studio\jre\bin\java.dll
0x00007ff97bde0000 - 0x00007ff97bdeb000 	C:\Program Files\Android\Android Studio\jre\bin\jimage.dll
0x00007ff9599d0000 - 0x00007ff9599e8000 	C:\Program Files\Android\Android Studio\jre\bin\zip.dll
0x00007ff991210000 - 0x00007ff991954000 	C:\windows\System32\SHELL32.dll
0x00007ff98d570000 - 0x00007ff98dd03000 	C:\windows\SYSTEM32\windows.storage.dll
0x00007ff990080000 - 0x00007ff9903d4000 	C:\windows\System32\combase.dll
0x00007ff98ef00000 - 0x00007ff98ef2e000 	C:\windows\SYSTEM32\Wldp.dll
0x00007ff990f60000 - 0x00007ff99100d000 	C:\windows\System32\SHCORE.dll
0x00007ff9908f0000 - 0x00007ff990945000 	C:\windows\System32\shlwapi.dll
0x00007ff98f450000 - 0x00007ff98f46f000 	C:\windows\SYSTEM32\profapi.dll
0x00007ff9599b0000 - 0x00007ff9599ca000 	C:\Program Files\Android\Android Studio\jre\bin\net.dll
0x00007ff98a4b0000 - 0x00007ff98a5ba000 	C:\windows\SYSTEM32\WINHTTP.dll
0x00007ff98ebd0000 - 0x00007ff98ec3a000 	C:\windows\system32\mswsock.dll
0x00007ff959990000 - 0x00007ff9599a4000 	C:\Program Files\Android\Android Studio\jre\bin\nio.dll
0x00007ff988f10000 - 0x00007ff988f37000 	C:\Users\Anchal\.gradle\native\e1d6ef7f7dcc3fd88c89a11ec53ec762bb8ba0a96d01ffa2cd45eb1d1d8dd5c5\windows-amd64\native-platform.dll
0x00007ff945a40000 - 0x00007ff945b84000 	C:\Users\Anchal\.gradle\native\5664cfc778a61ccfe75a443a1ab52a65af34e5dc3c78e0209fed803814484fcb\windows-amd64\native-platform-file-events.dll
0x00007ff96fa00000 - 0x00007ff96fa0a000 	C:\Program Files\Android\Android Studio\jre\bin\management.dll
0x00007ff96f980000 - 0x00007ff96f98d000 	C:\Program Files\Android\Android Studio\jre\bin\management_ext.dll
0x00007ff98ede0000 - 0x00007ff98edf8000 	C:\windows\SYSTEM32\CRYPTSP.dll
0x00007ff98e4d0000 - 0x00007ff98e504000 	C:\windows\system32\rsaenh.dll
0x00007ff98f7f0000 - 0x00007ff98f817000 	C:\windows\System32\bcrypt.dll
0x00007ff98f3d0000 - 0x00007ff98f3fe000 	C:\windows\SYSTEM32\USERENV.dll
0x00007ff98ee00000 - 0x00007ff98ee0c000 	C:\windows\SYSTEM32\CRYPTBASE.dll
0x00007ff98e8b0000 - 0x00007ff98e8ec000 	C:\windows\SYSTEM32\IPHLPAPI.DLL
0x00007ff991a70000 - 0x00007ff991a78000 	C:\windows\System32\NSI.dll
0x00007ff988560000 - 0x00007ff988577000 	C:\windows\SYSTEM32\dhcpcsvc6.DLL
0x00007ff988540000 - 0x00007ff98855d000 	C:\windows\SYSTEM32\dhcpcsvc.DLL
0x00007ff98e8f0000 - 0x00007ff98e9bb000 	C:\windows\SYSTEM32\DNSAPI.dll

dbghelp: loaded successfully - version: 4.0.5 - missing functions: none
symbol engine: initialized successfully - sym options: 0x614 - pdb path: .;C:\Program Files\Android\Android Studio\jre\bin;C:\windows\SYSTEM32;C:\windows\WinSxS\amd64_microsoft.windows.common-controls_6595b64144ccf1df_6.0.19041.1110_none_60b5254171f9507e;C:\Program Files\Android\Android Studio\jre\bin\server;C:\Users\Anchal\.gradle\native\e1d6ef7f7dcc3fd88c89a11ec53ec762bb8ba0a96d01ffa2cd45eb1d1d8dd5c5\windows-amd64;C:\Users\Anchal\.gradle\native\5664cfc778a61ccfe75a443a1ab52a65af34e5dc3c78e0209fed803814484fcb\windows-amd64

VM Arguments:
jvm_args: --add-opens=java.base/java.util=ALL-UNNAMED --add-opens=java.base/java.lang=ALL-UNNAMED --add-opens=java.base/java.lang.invoke=ALL-UNNAMED --add-opens=java.base/java.util=ALL-UNNAMED --add-opens=java.prefs/java.util.prefs=ALL-UNNAMED --add-opens=java.prefs/java.util.prefs=ALL-UNNAMED --add-opens=java.base/java.nio.charset=ALL-UNNAMED --add-opens=java.base/java.net=ALL-UNNAMED --add-opens=java.base/java.util.concurrent.atomic=ALL-UNNAMED -Xmx2048m -Dfile.encoding=UTF-8 -Duser.country=IN -Duser.language=en -Duser.variant 
java_command: org.gradle.launcher.daemon.bootstrap.GradleDaemon 7.2
java_class_path (initial): C:\Users\Anchal\.gradle\wrapper\dists\gradle-7.2-bin\2dnblmf4td7x66yl1d74lt32g\gradle-7.2\lib\gradle-launcher-7.2.jar
Launcher Type: SUN_STANDARD

[Global flags]
     intx CICompilerCount                          = 4                                         {product} {ergonomic}
     uint ConcGCThreads                            = 2                                         {product} {ergonomic}
     uint G1ConcRefinementThreads                  = 8                                         {product} {ergonomic}
   size_t G1HeapRegionSize                         = 1048576                                   {product} {ergonomic}
    uintx GCDrainStackTargetSize                   = 64                                        {product} {ergonomic}
   size_t InitialHeapSize                          = 130023424                                 {product} {ergonomic}
   size_t MarkStackSize                            = 4194304                                   {product} {ergonomic}
   size_t MaxHeapSize                              = 2147483648                                {product} {command line}
   size_t MaxNewSize                               = 1287651328                                {product} {ergonomic}
   size_t MinHeapDeltaBytes                        = 1048576                                   {product} {ergonomic}
    uintx NonNMethodCodeHeapSize                   = 5836300                                {pd product} {ergonomic}
    uintx NonProfiledCodeHeapSize                  = 122910970                              {pd product} {ergonomic}
    uintx ProfiledCodeHeapSize                     = 122910970                              {pd product} {ergonomic}
    uintx ReservedCodeCacheSize                    = 251658240                              {pd product} {ergonomic}
     bool SegmentedCodeCache                       = true                                      {product} {ergonomic}
     bool UseCompressedClassPointers               = true                                 {lp64_product} {ergonomic}
     bool UseCompressedOops                        = true                                 {lp64_product} {ergonomic}
     bool UseG1GC                                  = true                                      {product} {ergonomic}
     bool UseLargePagesIndividualAllocation        = false                                  {pd product} {ergonomic}

Logging:
Log output configuration:
 #0: stdout all=warning uptime,level,tags
 #1: stderr all=off uptime,level,tags

Environment Variables:
JAVA_HOME=C:\Program Files\Java\jdk-20
PATH=C:\Program Files\Python311\Scripts\;C:\Program Files\Python311\;C:\Program Files\Common Files\Oracle\Java\javapath;C:\Python39\Scripts\;C:\Python39\;C:\windows\system32;C:\windows;C:\windows\System32\Wbem;C:\windows\System32\WindowsPowerShell\v1.0\;C:\windows\System32\OpenSSH\;C:\Program Files\Android\Android Studio\gradle-7.1-bin\gradle-7.1\bin\;C:\MinGW\bin\;C:\ProgramData\chocolatey\bin;C:\Program Files\nodejs\;C:\Users\Anchal\Documents\mysql\mysql-5.7.38-winx64\bin;C:\Program Files\Java\jdk-20\bin;C:\Program Files\Git\cmd;C:\Users\Anchal\anaconda3;C:\Users\Anchal\anaconda3\Library\mingw-w64\bin;C:\Users\Anchal\anaconda3\Library\usr\bin;C:\Users\Anchal\anaconda3\Library\bin;C:\Users\Anchal\anaconda3\Scripts;C:\Users\Anchal\AppData\Local\Microsoft\WindowsApps;C:\Users\Anchal\AppData\Local\Programs\Microsoft VS Code\bin;C:\Users\Anchal\AppData\Local\atom\bin;C:\Program Files\JetBrains\IntelliJ IDEA Community Edition 2021.1.2\bin;;C:\Users\Anchal\AppData\Roaming\npm;C:\Program Files\MongoDB\Server\4.4\bin
USERNAME=Anchal
OS=Windows_NT
PROCESSOR_IDENTIFIER=Intel64 Family 6 Model 140 Stepping 1, GenuineIntel



---------------  S Y S T E M  ---------------

OS: Windows 10 , 64 bit Build 19041 (10.0.19041.2913)
OS uptime: 6 days 19:38 hours
Hyper-V role detected

CPU:total 8 (initial active 8) (4 cores per cpu, 2 threads per core) family 6 model 140 stepping 1 microcode 0x8a, cmov, cx8, fxsr, mmx, sse, sse2, sse3, ssse3, sse4.1, sse4.2, popcnt, avx, avx2, aes, clmul, erms, 3dnowpref, lzcnt, ht, tsc, tscinvbit, bmi1, bmi2, adx, evex, sha, fma

Memory: 4k page, system-wide physical 7834M (545M free)
TotalPageFile size 12834M (AvailPageFile size 5M)
current process WorkingSet (physical memory assigned to process): 261M, peak: 261M
current process commit charge ("private bytes"): 314M, peak: 339M

vm_info: OpenJDK 64-Bit Server VM (11.0.12+7-b1504.28-7817840) for windows-amd64 JRE (11.0.12+7-b1504.28-7817840), built on Oct 13 2021 22:12:33 by "builder" with MS VC++ 14.0 (VS2015)

END.
