#
# There is insufficient memory for the Java Runtime Environment to continue.
# Native memory allocation (malloc) failed to allocate 1306416 bytes for Chunk::new
# Possible reasons:
#   The system is out of physical RAM or swap space
#   The process is running with CompressedOops enabled, and the Java Heap may be blocking the growth of the native heap
# Possible solutions:
#   Reduce memory load on the system
#   Increase physical memory or swap space
#   Check if swap backing store is full
#   Decrease Java heap size (-Xmx/-Xms)
#   Decrease number of Java threads
#   Decrease Java thread stack sizes (-Xss)
#   Set larger code cache with -XX:ReservedCodeCacheSize=
#   JVM is running with Unscaled Compressed Oops mode in which the Java heap is
#     placed in the first 4GB address space. The Java Heap base address is the
#     maximum limit for the native heap growth. Please use -XX:HeapBaseMinAddress
#     to set the Java Heap base and to place the Java Heap above 4GB virtual address.
# This output file may be truncated or incomplete.
#
#  Out of Memory Error (./src/hotspot/share/memory/arena.cpp:197), pid=10624, tid=18028
#
# JRE version: OpenJDK Runtime Environment (11.0.12+7) (build 11.0.12+7-b1504.28-7817840)
# Java VM: OpenJDK 64-Bit Server VM (11.0.12+7-b1504.28-7817840, mixed mode, tiered, compressed oops, g1 gc, windows-amd64)
# No core dump will be written. Minidumps are not enabled by default on client versions of Windows
#

---------------  S U M M A R Y ------------

Command Line: --add-opens=java.base/java.util=ALL-UNNAMED --add-opens=java.base/java.lang=ALL-UNNAMED --add-opens=java.base/java.lang.invoke=ALL-UNNAMED --add-opens=java.base/java.util=ALL-UNNAMED --add-opens=java.prefs/java.util.prefs=ALL-UNNAMED --add-opens=java.prefs/java.util.prefs=ALL-UNNAMED --add-opens=java.base/java.nio.charset=ALL-UNNAMED --add-opens=java.base/java.net=ALL-UNNAMED --add-opens=java.base/java.util.concurrent.atomic=ALL-UNNAMED -Xmx2048m -Dfile.encoding=UTF-8 -Duser.country=IN -Duser.language=en -Duser.variant org.gradle.launcher.daemon.bootstrap.GradleDaemon 7.2

Host: 11th Gen Intel(R) Core(TM) i5-1135G7 @ 2.40GHz, 8 cores, 7G,  Windows 10 , 64 bit Build 19041 (10.0.19041.2913)
Time: Sun Jun  4 15:52:59 2023 India Standard Time elapsed time: 1.477280 seconds (0d 0h 0m 1s)

---------------  T H R E A D  ---------------

Current thread (0x0000018fb9c9c800):  JavaThread "C2 CompilerThread0" daemon [_thread_in_native, id=18028, stack(0x00000075ccf00000,0x00000075cd000000)]


Current CompileTask:
C2:   1477 1876   !   4       java.lang.ClassLoader::loadClass (122 bytes)

Stack: [0x00000075ccf00000,0x00000075cd000000]
Native frames: (J=compiled Java code, j=interpreted, Vv=VM code, C=native code)
V  [jvm.dll+0x5fbcea]
V  [jvm.dll+0x731905]
V  [jvm.dll+0x732f1d]
V  [jvm.dll+0x7335d3]
V  [jvm.dll+0x247bf8]
V  [jvm.dll+0xc018c]
V  [jvm.dll+0xc06cc]
V  [jvm.dll+0x35b31d]
V  [jvm.dll+0x328803]
V  [jvm.dll+0x327cfa]
V  [jvm.dll+0x200602]
V  [jvm.dll+0x1ff794]
V  [jvm.dll+0x18868c]
V  [jvm.dll+0x20e0d7]
V  [jvm.dll+0x20c901]
V  [jvm.dll+0x6f9b7f]
V  [jvm.dll+0x6f26a5]
V  [jvm.dll+0x5fabf6]
C  [ucrtbase.dll+0x21bb2]
C  [KERNEL32.DLL+0x17614]
C  [ntdll.dll+0x526a1]


---------------  P R O C E S S  ---------------

Threads class SMR info:
_java_thread_list=0x0000018fbbf49e50, length=24, elements={
0x0000018f9ee7d000, 0x0000018fb9314800, 0x0000018fb9317800, 0x0000018fb9c96000,
0x0000018fb9c99000, 0x0000018fb9c9a000, 0x0000018fb9c9c800, 0x0000018fb9c9d800,
0x0000018fb9c9e800, 0x0000018fb9dee000, 0x0000018fba04d000, 0x0000018fbb4bd000,
0x0000018fbbc48800, 0x0000018fbc5e4000, 0x0000018fbc1fb800, 0x0000018fbc3b6800,
0x0000018fbb372000, 0x0000018fbb372800, 0x0000018fbcf42000, 0x0000018fbc0f0000,
0x0000018fbc103000, 0x0000018fbc104000, 0x0000018fbc106800, 0x0000018fbc105000
}

Java Threads: ( => current thread )
  0x0000018f9ee7d000 JavaThread "main" [_thread_blocked, id=15120, stack(0x00000075cc300000,0x00000075cc400000)]
  0x0000018fb9314800 JavaThread "Reference Handler" daemon [_thread_blocked, id=928, stack(0x00000075cca00000,0x00000075ccb00000)]
  0x0000018fb9317800 JavaThread "Finalizer" daemon [_thread_blocked, id=16252, stack(0x00000075ccb00000,0x00000075ccc00000)]
  0x0000018fb9c96000 JavaThread "Signal Dispatcher" daemon [_thread_blocked, id=4412, stack(0x00000075ccc00000,0x00000075ccd00000)]
  0x0000018fb9c99000 JavaThread "Attach Listener" daemon [_thread_blocked, id=2564, stack(0x00000075ccd00000,0x00000075cce00000)]
  0x0000018fb9c9a000 JavaThread "Service Thread" daemon [_thread_blocked, id=13228, stack(0x00000075cce00000,0x00000075ccf00000)]
=>0x0000018fb9c9c800 JavaThread "C2 CompilerThread0" daemon [_thread_in_native, id=18028, stack(0x00000075ccf00000,0x00000075cd000000)]
  0x0000018fb9c9d800 JavaThread "C1 CompilerThread0" daemon [_thread_blocked, id=17500, stack(0x00000075cd000000,0x00000075cd100000)]
  0x0000018fb9c9e800 JavaThread "Sweeper thread" daemon [_thread_blocked, id=15612, stack(0x00000075cd100000,0x00000075cd200000)]
  0x0000018fb9dee000 JavaThread "Common-Cleaner" daemon [_thread_blocked, id=9272, stack(0x00000075cd200000,0x00000075cd300000)]
  0x0000018fba04d000 JavaThread "C2 CompilerThread1" daemon [_thread_blocked, id=17512, stack(0x00000075cd400000,0x00000075cd500000)]
  0x0000018fbb4bd000 JavaThread "Daemon health stats" [_thread_blocked, id=5388, stack(0x00000075cd600000,0x00000075cd700000)]
  0x0000018fbbc48800 JavaThread "Incoming local TCP Connector on port 53771" [_thread_in_native, id=3104, stack(0x00000075cd700000,0x00000075cd800000)]
  0x0000018fbc5e4000 JavaThread "Daemon periodic checks" [_thread_blocked, id=6160, stack(0x00000075cd800000,0x00000075cd900000)]
  0x0000018fbc1fb800 JavaThread "Daemon" [_thread_blocked, id=14356, stack(0x00000075cd900000,0x00000075cda00000)]
  0x0000018fbc3b6800 JavaThread "Handler for socket connection from /127.0.0.1:53771 to /127.0.0.1:53772" [_thread_in_native, id=10492, stack(0x00000075cda00000,0x00000075cdb00000)]
  0x0000018fbb372000 JavaThread "Cancel handler" [_thread_blocked, id=6096, stack(0x00000075cdb00000,0x00000075cdc00000)]
  0x0000018fbb372800 JavaThread "Daemon worker" [_thread_in_native, id=5704, stack(0x00000075cdc00000,0x00000075cdd00000)]
  0x0000018fbcf42000 JavaThread "Asynchronous log dispatcher for DefaultDaemonConnection: socket connection from /127.0.0.1:53771 to /127.0.0.1:53772" [_thread_blocked, id=10076, stack(0x00000075cdd00000,0x00000075cde00000)]
  0x0000018fbc0f0000 JavaThread "Stdin handler" [_thread_blocked, id=9872, stack(0x00000075cde00000,0x00000075cdf00000)]
  0x0000018fbc103000 JavaThread "Daemon client event forwarder" [_thread_blocked, id=7728, stack(0x00000075cdf00000,0x00000075ce000000)]
  0x0000018fbc104000 JavaThread "Cache worker for journal cache (C:\Users\Anchal\.gradle\caches\journal-1)" [_thread_blocked, id=16948, stack(0x00000075ce600000,0x00000075ce700000)]
  0x0000018fbc106800 JavaThread "File lock request listener" [_thread_in_native, id=8292, stack(0x00000075ce700000,0x00000075ce800000)]
  0x0000018fbc105000 JavaThread "Cache worker for file hash cache (C:\Users\Anchal\.gradle\caches\7.2\fileHashes)" [_thread_blocked, id=2376, stack(0x00000075ce800000,0x00000075ce900000)]

Other Threads:
  0x0000018fb9310800 VMThread "VM Thread" [stack: 0x00000075cc900000,0x00000075cca00000] [id=15472]
  0x0000018fb9dfc800 WatcherThread [stack: 0x00000075cd300000,0x00000075cd400000] [id=12508]
  0x0000018f9ee98000 GCTaskThread "GC Thread#0" [stack: 0x00000075cc400000,0x00000075cc500000] [id=16200]
  0x0000018fba71a000 GCTaskThread "GC Thread#1" [stack: 0x00000075cd500000,0x00000075cd600000] [id=8556]
  0x0000018fbcd72800 GCTaskThread "GC Thread#2" [stack: 0x00000075ce000000,0x00000075ce100000] [id=9508]
  0x0000018fbcd9e000 GCTaskThread "GC Thread#3" [stack: 0x00000075ce100000,0x00000075ce200000] [id=14892]
  0x0000018fbc0b7000 GCTaskThread "GC Thread#4" [stack: 0x00000075ce200000,0x00000075ce300000] [id=16088]
  0x0000018fbbf64000 GCTaskThread "GC Thread#5" [stack: 0x00000075ce300000,0x00000075ce400000] [id=2016]
  0x0000018fba963000 GCTaskThread "GC Thread#6" [stack: 0x00000075ce400000,0x00000075ce500000] [id=2028]
  0x0000018fbc54e000 GCTaskThread "GC Thread#7" [stack: 0x00000075ce500000,0x00000075ce600000] [id=11500]
  0x0000018f9eec9000 ConcurrentGCThread "G1 Main Marker" [stack: 0x00000075cc500000,0x00000075cc600000] [id=8436]
  0x0000018f9eeca000 ConcurrentGCThread "G1 Conc#0" [stack: 0x00000075cc600000,0x00000075cc700000] [id=17268]
  0x0000018fbd1d8800 ConcurrentGCThread "G1 Conc#1" [stack: 0x00000075ce900000,0x00000075cea00000] [id=13080]
  0x0000018fb9160800 ConcurrentGCThread "G1 Refine#0" [stack: 0x00000075cc700000,0x00000075cc800000] [id=424]
  0x0000018fb9161800 ConcurrentGCThread "G1 Young RemSet Sampling" [stack: 0x00000075cc800000,0x00000075cc900000] [id=3244]

Threads with active compile tasks:
C2 CompilerThread0   1483 1876   !   4       java.lang.ClassLoader::loadClass (122 bytes)

VM state:not at safepoint (normal execution)

VM Mutex/Monitor currently owned by a thread: None

Heap address: 0x0000000080000000, size: 2048 MB, Compressed Oops mode: 32-bit
Narrow klass base: 0x0000000000000000, Narrow klass shift: 3
Compressed class space size: 1073741824 Address: 0x0000000100000000

Heap:
 garbage-first heap   total 126976K, used 25380K [0x0000000080000000, 0x0000000100000000)
  region size 1024K, 11 young (11264K), 2 survivors (2048K)
 Metaspace       used 21828K, capacity 22326K, committed 22528K, reserved 1069056K
  class space    used 2749K, capacity 2945K, committed 3072K, reserved 1048576K
Heap Regions: E=young(eden), S=young(survivor), O=old, HS=humongous(starts), HC=humongous(continues), CS=collection set, F=free, A=archive, TAMS=top-at-mark-start (previous, next)
|   0|0x0000000080000000, 0x0000000080100000, 0x0000000080100000|100%| O|  |TAMS 0x0000000080100000, 0x0000000080000000| Untracked 
|   1|0x0000000080100000, 0x0000000080200000, 0x0000000080200000|100%| O|  |TAMS 0x0000000080200000, 0x0000000080100000| Untracked 
|   2|0x0000000080200000, 0x0000000080300000, 0x0000000080300000|100%| O|  |TAMS 0x0000000080300000, 0x0000000080200000| Untracked 
|   3|0x0000000080300000, 0x0000000080400000, 0x0000000080400000|100%|HS|  |TAMS 0x0000000080400000, 0x0000000080300000| Complete 
|   4|0x0000000080400000, 0x0000000080500000, 0x0000000080500000|100%|HC|  |TAMS 0x0000000080500000, 0x0000000080400000| Complete 
|   5|0x0000000080500000, 0x0000000080600000, 0x0000000080600000|100%|HC|  |TAMS 0x0000000080600000, 0x0000000080500000| Complete 
|   6|0x0000000080600000, 0x0000000080700000, 0x0000000080700000|100%| O|  |TAMS 0x0000000080700000, 0x0000000080600000| Untracked 
|   7|0x0000000080700000, 0x0000000080800000, 0x0000000080800000|100%| O|  |TAMS 0x0000000080800000, 0x0000000080700000| Untracked 
|   8|0x0000000080800000, 0x0000000080900000, 0x0000000080900000|100%| O|  |TAMS 0x0000000080900000, 0x0000000080800000| Untracked 
|   9|0x0000000080900000, 0x0000000080a00000, 0x0000000080a00000|100%| O|  |TAMS 0x0000000080a00000, 0x0000000080900000| Untracked 
|  10|0x0000000080a00000, 0x0000000080b00000, 0x0000000080b00000|100%| O|  |TAMS 0x0000000080b00000, 0x0000000080a00000| Untracked 
|  11|0x0000000080b00000, 0x0000000080c00000, 0x0000000080c00000|100%| O|  |TAMS 0x0000000080c00000, 0x0000000080b00000| Untracked 
|  12|0x0000000080c00000, 0x0000000080d00000, 0x0000000080d00000|100%| O|  |TAMS 0x0000000080d00000, 0x0000000080c00000| Untracked 
|  13|0x0000000080d00000, 0x0000000080e00000, 0x0000000080e00000|100%| O|  |TAMS 0x0000000080e00000, 0x0000000080d00000| Untracked 
|  14|0x0000000080e00000, 0x0000000080f00000, 0x0000000080f00000|100%| O|  |TAMS 0x0000000080f00000, 0x0000000080e00000| Untracked 
|  15|0x0000000080f00000, 0x0000000080f87c00, 0x0000000081000000| 53%| O|  |TAMS 0x0000000080f87c00, 0x0000000080f00000| Untracked 
|  16|0x0000000081000000, 0x0000000081000000, 0x0000000081100000|  0%| F|  |TAMS 0x0000000081000000, 0x0000000081000000| Untracked 
|  17|0x0000000081100000, 0x0000000081100000, 0x0000000081200000|  0%| F|  |TAMS 0x0000000081100000, 0x0000000081100000| Untracked 
|  18|0x0000000081200000, 0x0000000081200000, 0x0000000081300000|  0%| F|  |TAMS 0x0000000081200000, 0x0000000081200000| Untracked 
|  19|0x0000000081300000, 0x0000000081300000, 0x0000000081400000|  0%| F|  |TAMS 0x0000000081300000, 0x0000000081300000| Untracked 
|  20|0x0000000081400000, 0x0000000081400000, 0x0000000081500000|  0%| F|  |TAMS 0x0000000081400000, 0x0000000081400000| Untracked 
|  21|0x0000000081500000, 0x0000000081500000, 0x0000000081600000|  0%| F|  |TAMS 0x0000000081500000, 0x0000000081500000| Untracked 
|  22|0x0000000081600000, 0x0000000081600000, 0x0000000081700000|  0%| F|  |TAMS 0x0000000081600000, 0x0000000081600000| Untracked 
|  23|0x0000000081700000, 0x0000000081700000, 0x0000000081800000|  0%| F|  |TAMS 0x0000000081700000, 0x0000000081700000| Untracked 
|  24|0x0000000081800000, 0x0000000081800000, 0x0000000081900000|  0%| F|  |TAMS 0x0000000081800000, 0x0000000081800000| Untracked 
|  25|0x0000000081900000, 0x0000000081900000, 0x0000000081a00000|  0%| F|  |TAMS 0x0000000081900000, 0x0000000081900000| Untracked 
|  26|0x0000000081a00000, 0x0000000081a00000, 0x0000000081b00000|  0%| F|  |TAMS 0x0000000081a00000, 0x0000000081a00000| Untracked 
|  27|0x0000000081b00000, 0x0000000081b00000, 0x0000000081c00000|  0%| F|  |TAMS 0x0000000081b00000, 0x0000000081b00000| Untracked 
|  28|0x0000000081c00000, 0x0000000081c00000, 0x0000000081d00000|  0%| F|  |TAMS 0x0000000081c00000, 0x0000000081c00000| Untracked 
|  29|0x0000000081d00000, 0x0000000081d00000, 0x0000000081e00000|  0%| F|  |TAMS 0x0000000081d00000, 0x0000000081d00000| Untracked 
|  30|0x0000000081e00000, 0x0000000081e00000, 0x0000000081f00000|  0%| F|  |TAMS 0x0000000081e00000, 0x0000000081e00000| Untracked 
|  31|0x0000000081f00000, 0x0000000081f00000, 0x0000000082000000|  0%| F|  |TAMS 0x0000000081f00000, 0x0000000081f00000| Untracked 
|  32|0x0000000082000000, 0x0000000082000000, 0x0000000082100000|  0%| F|  |TAMS 0x0000000082000000, 0x0000000082000000| Untracked 
|  33|0x0000000082100000, 0x0000000082100000, 0x0000000082200000|  0%| F|  |TAMS 0x0000000082100000, 0x0000000082100000| Untracked 
|  34|0x0000000082200000, 0x0000000082200000, 0x0000000082300000|  0%| F|  |TAMS 0x0000000082200000, 0x0000000082200000| Untracked 
|  35|0x0000000082300000, 0x0000000082300000, 0x0000000082400000|  0%| F|  |TAMS 0x0000000082300000, 0x0000000082300000| Untracked 
|  36|0x0000000082400000, 0x0000000082400000, 0x0000000082500000|  0%| F|  |TAMS 0x0000000082400000, 0x0000000082400000| Untracked 
|  37|0x0000000082500000, 0x0000000082500000, 0x0000000082600000|  0%| F|  |TAMS 0x0000000082500000, 0x0000000082500000| Untracked 
|  38|0x0000000082600000, 0x0000000082600000, 0x0000000082700000|  0%| F|  |TAMS 0x0000000082600000, 0x0000000082600000| Untracked 
|  39|0x0000000082700000, 0x0000000082700000, 0x0000000082800000|  0%| F|  |TAMS 0x0000000082700000, 0x0000000082700000| Untracked 
|  40|0x0000000082800000, 0x0000000082800000, 0x0000000082900000|  0%| F|  |TAMS 0x0000000082800000, 0x0000000082800000| Untracked 
|  41|0x0000000082900000, 0x0000000082900000, 0x0000000082a00000|  0%| F|  |TAMS 0x0000000082900000, 0x0000000082900000| Untracked 
|  42|0x0000000082a00000, 0x0000000082a00000, 0x0000000082b00000|  0%| F|  |TAMS 0x0000000082a00000, 0x0000000082a00000| Untracked 
|  43|0x0000000082b00000, 0x0000000082b00000, 0x0000000082c00000|  0%| F|  |TAMS 0x0000000082b00000, 0x0000000082b00000| Untracked 
|  44|0x0000000082c00000, 0x0000000082c00000, 0x0000000082d00000|  0%| F|  |TAMS 0x0000000082c00000, 0x0000000082c00000| Untracked 
|  45|0x0000000082d00000, 0x0000000082d00000, 0x0000000082e00000|  0%| F|  |TAMS 0x0000000082d00000, 0x0000000082d00000| Untracked 
|  46|0x0000000082e00000, 0x0000000082e00000, 0x0000000082f00000|  0%| F|  |TAMS 0x0000000082e00000, 0x0000000082e00000| Untracked 
|  47|0x0000000082f00000, 0x0000000082f00000, 0x0000000083000000|  0%| F|  |TAMS 0x0000000082f00000, 0x0000000082f00000| Untracked 
|  48|0x0000000083000000, 0x0000000083000000, 0x0000000083100000|  0%| F|  |TAMS 0x0000000083000000, 0x0000000083000000| Untracked 
|  49|0x0000000083100000, 0x0000000083100000, 0x0000000083200000|  0%| F|  |TAMS 0x0000000083100000, 0x0000000083100000| Untracked 
|  50|0x0000000083200000, 0x0000000083200000, 0x0000000083300000|  0%| F|  |TAMS 0x0000000083200000, 0x0000000083200000| Untracked 
|  51|0x0000000083300000, 0x0000000083300000, 0x0000000083400000|  0%| F|  |TAMS 0x0000000083300000, 0x0000000083300000| Untracked 
|  52|0x0000000083400000, 0x0000000083400000, 0x0000000083500000|  0%| F|  |TAMS 0x0000000083400000, 0x0000000083400000| Untracked 
|  53|0x0000000083500000, 0x0000000083500000, 0x0000000083600000|  0%| F|  |TAMS 0x0000000083500000, 0x0000000083500000| Untracked 
|  54|0x0000000083600000, 0x0000000083600000, 0x0000000083700000|  0%| F|  |TAMS 0x0000000083600000, 0x0000000083600000| Untracked 
|  55|0x0000000083700000, 0x0000000083700000, 0x0000000083800000|  0%| F|  |TAMS 0x0000000083700000, 0x0000000083700000| Untracked 
|  56|0x0000000083800000, 0x0000000083800000, 0x0000000083900000|  0%| F|  |TAMS 0x0000000083800000, 0x0000000083800000| Untracked 
|  57|0x0000000083900000, 0x0000000083900000, 0x0000000083a00000|  0%| F|  |TAMS 0x0000000083900000, 0x0000000083900000| Untracked 
|  58|0x0000000083a00000, 0x0000000083a00000, 0x0000000083b00000|  0%| F|  |TAMS 0x0000000083a00000, 0x0000000083a00000| Untracked 
|  59|0x0000000083b00000, 0x0000000083b00000, 0x0000000083c00000|  0%| F|  |TAMS 0x0000000083b00000, 0x0000000083b00000| Untracked 
|  60|0x0000000083c00000, 0x0000000083c00000, 0x0000000083d00000|  0%| F|  |TAMS 0x0000000083c00000, 0x0000000083c00000| Untracked 
|  61|0x0000000083d00000, 0x0000000083d00000, 0x0000000083e00000|  0%| F|  |TAMS 0x0000000083d00000, 0x0000000083d00000| Untracked 
|  62|0x0000000083e00000, 0x0000000083e00000, 0x0000000083f00000|  0%| F|  |TAMS 0x0000000083e00000, 0x0000000083e00000| Untracked 
|  63|0x0000000083f00000, 0x0000000083f00000, 0x0000000084000000|  0%| F|  |TAMS 0x0000000083f00000, 0x0000000083f00000| Untracked 
|  64|0x0000000084000000, 0x0000000084000000, 0x0000000084100000|  0%| F|  |TAMS 0x0000000084000000, 0x0000000084000000| Untracked 
|  65|0x0000000084100000, 0x0000000084100000, 0x0000000084200000|  0%| F|  |TAMS 0x0000000084100000, 0x0000000084100000| Untracked 
|  66|0x0000000084200000, 0x0000000084200000, 0x0000000084300000|  0%| F|  |TAMS 0x0000000084200000, 0x0000000084200000| Untracked 
|  67|0x0000000084300000, 0x0000000084300000, 0x0000000084400000|  0%| F|  |TAMS 0x0000000084300000, 0x0000000084300000| Untracked 
|  68|0x0000000084400000, 0x0000000084400000, 0x0000000084500000|  0%| F|  |TAMS 0x0000000084400000, 0x0000000084400000| Untracked 
|  69|0x0000000084500000, 0x0000000084500000, 0x0000000084600000|  0%| F|  |TAMS 0x0000000084500000, 0x0000000084500000| Untracked 
|  70|0x0000000084600000, 0x0000000084600000, 0x0000000084700000|  0%| F|  |TAMS 0x0000000084600000, 0x0000000084600000| Untracked 
|  71|0x0000000084700000, 0x0000000084700000, 0x0000000084800000|  0%| F|  |TAMS 0x0000000084700000, 0x0000000084700000| Untracked 
|  72|0x0000000084800000, 0x0000000084800000, 0x0000000084900000|  0%| F|  |TAMS 0x0000000084800000, 0x0000000084800000| Untracked 
|  73|0x0000000084900000, 0x0000000084900000, 0x0000000084a00000|  0%| F|  |TAMS 0x0000000084900000, 0x0000000084900000| Untracked 
|  74|0x0000000084a00000, 0x0000000084a00000, 0x0000000084b00000|  0%| F|  |TAMS 0x0000000084a00000, 0x0000000084a00000| Untracked 
|  75|0x0000000084b00000, 0x0000000084b00000, 0x0000000084c00000|  0%| F|  |TAMS 0x0000000084b00000, 0x0000000084b00000| Untracked 
|  76|0x0000000084c00000, 0x0000000084c00000, 0x0000000084d00000|  0%| F|  |TAMS 0x0000000084c00000, 0x0000000084c00000| Untracked 
|  77|0x0000000084d00000, 0x0000000084d00000, 0x0000000084e00000|  0%| F|  |TAMS 0x0000000084d00000, 0x0000000084d00000| Untracked 
|  78|0x0000000084e00000, 0x0000000084e00000, 0x0000000084f00000|  0%| F|  |TAMS 0x0000000084e00000, 0x0000000084e00000| Untracked 
|  79|0x0000000084f00000, 0x0000000084f00000, 0x0000000085000000|  0%| F|  |TAMS 0x0000000084f00000, 0x0000000084f00000| Untracked 
|  80|0x0000000085000000, 0x0000000085000000, 0x0000000085100000|  0%| F|  |TAMS 0x0000000085000000, 0x0000000085000000| Untracked 
|  81|0x0000000085100000, 0x0000000085100000, 0x0000000085200000|  0%| F|  |TAMS 0x0000000085100000, 0x0000000085100000| Untracked 
|  82|0x0000000085200000, 0x0000000085200000, 0x0000000085300000|  0%| F|  |TAMS 0x0000000085200000, 0x0000000085200000| Untracked 
|  83|0x0000000085300000, 0x0000000085300000, 0x0000000085400000|  0%| F|  |TAMS 0x0000000085300000, 0x0000000085300000| Untracked 
|  84|0x0000000085400000, 0x0000000085400000, 0x0000000085500000|  0%| F|  |TAMS 0x0000000085400000, 0x0000000085400000| Untracked 
|  85|0x0000000085500000, 0x0000000085500000, 0x0000000085600000|  0%| F|  |TAMS 0x0000000085500000, 0x0000000085500000| Untracked 
|  86|0x0000000085600000, 0x0000000085600000, 0x0000000085700000|  0%| F|  |TAMS 0x0000000085600000, 0x0000000085600000| Untracked 
|  87|0x0000000085700000, 0x0000000085700000, 0x0000000085800000|  0%| F|  |TAMS 0x0000000085700000, 0x0000000085700000| Untracked 
|  88|0x0000000085800000, 0x0000000085800000, 0x0000000085900000|  0%| F|  |TAMS 0x0000000085800000, 0x0000000085800000| Untracked 
|  89|0x0000000085900000, 0x0000000085900000, 0x0000000085a00000|  0%| F|  |TAMS 0x0000000085900000, 0x0000000085900000| Untracked 
|  90|0x0000000085a00000, 0x0000000085a00000, 0x0000000085b00000|  0%| F|  |TAMS 0x0000000085a00000, 0x0000000085a00000| Untracked 
|  91|0x0000000085b00000, 0x0000000085b00000, 0x0000000085c00000|  0%| F|  |TAMS 0x0000000085b00000, 0x0000000085b00000| Untracked 
|  92|0x0000000085c00000, 0x0000000085c00000, 0x0000000085d00000|  0%| F|  |TAMS 0x0000000085c00000, 0x0000000085c00000| Untracked 
|  93|0x0000000085d00000, 0x0000000085d00000, 0x0000000085e00000|  0%| F|  |TAMS 0x0000000085d00000, 0x0000000085d00000| Untracked 
|  94|0x0000000085e00000, 0x0000000085e00000, 0x0000000085f00000|  0%| F|  |TAMS 0x0000000085e00000, 0x0000000085e00000| Untracked 
|  95|0x0000000085f00000, 0x0000000085f00000, 0x0000000086000000|  0%| F|  |TAMS 0x0000000085f00000, 0x0000000085f00000| Untracked 
|  96|0x0000000086000000, 0x00000000860415f8, 0x0000000086100000| 25%| S|CS|TAMS 0x0000000086000000, 0x0000000086000000| Complete 
|  97|0x0000000086100000, 0x0000000086200000, 0x0000000086200000|100%| S|CS|TAMS 0x0000000086100000, 0x0000000086100000| Complete 
|  98|0x0000000086200000, 0x0000000086200000, 0x0000000086300000|  0%| F|  |TAMS 0x0000000086200000, 0x0000000086200000| Untracked 
|  99|0x0000000086300000, 0x0000000086300000, 0x0000000086400000|  0%| F|  |TAMS 0x0000000086300000, 0x0000000086300000| Untracked 
| 100|0x0000000086400000, 0x0000000086400000, 0x0000000086500000|  0%| F|  |TAMS 0x0000000086400000, 0x0000000086400000| Untracked 
| 101|0x0000000086500000, 0x0000000086500000, 0x0000000086600000|  0%| F|  |TAMS 0x0000000086500000, 0x0000000086500000| Untracked 
| 102|0x0000000086600000, 0x0000000086600000, 0x0000000086700000|  0%| F|  |TAMS 0x0000000086600000, 0x0000000086600000| Untracked 
| 103|0x0000000086700000, 0x0000000086700000, 0x0000000086800000|  0%| F|  |TAMS 0x0000000086700000, 0x0000000086700000| Untracked 
| 104|0x0000000086800000, 0x0000000086800000, 0x0000000086900000|  0%| F|  |TAMS 0x0000000086800000, 0x0000000086800000| Untracked 
| 105|0x0000000086900000, 0x0000000086900000, 0x0000000086a00000|  0%| F|  |TAMS 0x0000000086900000, 0x0000000086900000| Untracked 
| 106|0x0000000086a00000, 0x0000000086a00000, 0x0000000086b00000|  0%| F|  |TAMS 0x0000000086a00000, 0x0000000086a00000| Untracked 
| 107|0x0000000086b00000, 0x0000000086b00000, 0x0000000086c00000|  0%| F|  |TAMS 0x0000000086b00000, 0x0000000086b00000| Untracked 
| 108|0x0000000086c00000, 0x0000000086c00000, 0x0000000086d00000|  0%| F|  |TAMS 0x0000000086c00000, 0x0000000086c00000| Untracked 
| 109|0x0000000086d00000, 0x0000000086d00000, 0x0000000086e00000|  0%| F|  |TAMS 0x0000000086d00000, 0x0000000086d00000| Untracked 
| 110|0x0000000086e00000, 0x0000000086e00000, 0x0000000086f00000|  0%| F|  |TAMS 0x0000000086e00000, 0x0000000086e00000| Untracked 
| 111|0x0000000086f00000, 0x0000000086f00000, 0x0000000087000000|  0%| F|  |TAMS 0x0000000086f00000, 0x0000000086f00000| Untracked 
| 112|0x0000000087000000, 0x0000000087000000, 0x0000000087100000|  0%| F|  |TAMS 0x0000000087000000, 0x0000000087000000| Untracked 
| 113|0x0000000087100000, 0x0000000087100000, 0x0000000087200000|  0%| F|  |TAMS 0x0000000087100000, 0x0000000087100000| Untracked 
| 114|0x0000000087200000, 0x0000000087242880, 0x0000000087300000| 25%| E|  |TAMS 0x0000000087200000, 0x0000000087200000| Complete 
| 115|0x0000000087300000, 0x0000000087400000, 0x0000000087400000|100%| E|CS|TAMS 0x0000000087300000, 0x0000000087300000| Complete 
| 116|0x0000000087400000, 0x0000000087500000, 0x0000000087500000|100%| E|CS|TAMS 0x0000000087400000, 0x0000000087400000| Complete 
| 117|0x0000000087500000, 0x0000000087600000, 0x0000000087600000|100%| E|CS|TAMS 0x0000000087500000, 0x0000000087500000| Complete 
| 118|0x0000000087600000, 0x0000000087700000, 0x0000000087700000|100%| E|CS|TAMS 0x0000000087600000, 0x0000000087600000| Complete 
| 119|0x0000000087700000, 0x0000000087800000, 0x0000000087800000|100%| E|CS|TAMS 0x0000000087700000, 0x0000000087700000| Complete 
| 120|0x0000000087800000, 0x0000000087900000, 0x0000000087900000|100%| E|CS|TAMS 0x0000000087800000, 0x0000000087800000| Complete 
| 121|0x0000000087900000, 0x0000000087a00000, 0x0000000087a00000|100%| E|CS|TAMS 0x0000000087900000, 0x0000000087900000| Complete 
| 122|0x0000000087a00000, 0x0000000087b00000, 0x0000000087b00000|100%| E|CS|TAMS 0x0000000087a00000, 0x0000000087a00000| Complete 
| 123|0x0000000087b00000, 0x0000000087c00000, 0x0000000087c00000|100%| E|CS|TAMS 0x0000000087b00000, 0x0000000087b00000| Complete 

Card table byte_map: [0x0000018fb20c0000,0x0000018fb24c0000] _byte_map_base: 0x0000018fb1cc0000

Marking Bits (Prev, Next): (CMBitMap*) 0x0000018f9eebffc0, (CMBitMap*) 0x0000018f9eebff88
 Prev Bits: [0x0000018fb48c0000, 0x0000018fb68c0000)
 Next Bits: [0x0000018fb28c0000, 0x0000018fb48c0000)

Polling page: 0x0000018f9ce90000

Metaspace:

Usage:
  Non-class:     18.99 MB capacity,    18.68 MB ( 98%) used,   276.74 KB (  1%) free+waste,    38.38 KB ( <1%) overhead. 
      Class:      2.88 MB capacity,     2.69 MB ( 94%) used,   171.80 KB (  6%) free+waste,    19.25 KB ( <1%) overhead. 
       Both:     21.87 MB capacity,    21.37 MB ( 98%) used,   448.55 KB (  2%) free+waste,    57.63 KB ( <1%) overhead. 

Virtual space:
  Non-class space:       20.00 MB reserved,      19.00 MB ( 95%) committed 
      Class space:        1.00 GB reserved,       3.00 MB ( <1%) committed 
             Both:        1.02 GB reserved,      22.00 MB (  2%) committed 

Chunk freelists:
   Non-Class:  11.00 KB
       Class:  31.00 KB
        Both:  42.00 KB

MaxMetaspaceSize: 17179869184.00 GB
CompressedClassSpaceSize: 1.00 GB
Initial GC threshold: 20.80 MB
Current GC threshold: 35.00 MB
CDS: off

CodeHeap 'non-profiled nmethods': size=120000Kb used=978Kb max_used=978Kb free=119021Kb
 bounds [0x0000018faa460000, 0x0000018faa6d0000, 0x0000018fb1990000]
CodeHeap 'profiled nmethods': size=120000Kb used=3987Kb max_used=3987Kb free=116012Kb
 bounds [0x0000018fa2f30000, 0x0000018fa3320000, 0x0000018faa460000]
CodeHeap 'non-nmethods': size=5760Kb used=1218Kb max_used=1238Kb free=4541Kb
 bounds [0x0000018fa2990000, 0x0000018fa2c00000, 0x0000018fa2f30000]
 total_blobs=2383 nmethods=1906 adapters=390
 compilation: enabled
              stopped_count=0, restarted_count=0
 full_count=0

Compilation events (20 events):
Event: 1.452 Thread 0x0000018fb9c9d800 nmethod 1898 0x0000018fa330f110 code [0x0000018fa330f2c0, 0x0000018fa330f3d8]
Event: 1.452 Thread 0x0000018fb9c9d800 1899       3       sun.security.provider.MD5::II (31 bytes)
Event: 1.452 Thread 0x0000018fb9c9d800 nmethod 1899 0x0000018fa330f490 code [0x0000018fa330f640, 0x0000018fa330f758]
Event: 1.452 Thread 0x0000018fb9c9d800 1896       3       sun.security.provider.MD5::FF (33 bytes)
Event: 1.452 Thread 0x0000018fb9c9d800 nmethod 1896 0x0000018fa330f810 code [0x0000018fa330f9c0, 0x0000018fa330fad8]
Event: 1.452 Thread 0x0000018fb9c9d800 1897       3       sun.security.provider.MD5::GG (33 bytes)
Event: 1.452 Thread 0x0000018fb9c9d800 nmethod 1897 0x0000018fa330fb90 code [0x0000018fa330fd40, 0x0000018fa330fe58]
Event: 1.452 Thread 0x0000018fb9c9d800 1900       3       java.util.ArrayList::toArray (57 bytes)
Event: 1.452 Thread 0x0000018fb9c9d800 nmethod 1900 0x0000018fa330ff10 code [0x0000018fa3310100, 0x0000018fa3310618]
Event: 1.453 Thread 0x0000018fb9c9d800 1901       3       java.lang.reflect.ProxyGenerator$ConstantPool::getMethodRef (33 bytes)
Event: 1.453 Thread 0x0000018fb9c9d800 nmethod 1901 0x0000018fa3310790 code [0x0000018fa3310a60, 0x0000018fa33116c8]
Event: 1.454 Thread 0x0000018fb9c9d800 1902       3       java.lang.StringBuilder::append (8 bytes)
Event: 1.454 Thread 0x0000018fb9c9d800 nmethod 1902 0x0000018fa3311c10 code [0x0000018fa3311dc0, 0x0000018fa3311f08]
Event: 1.454 Thread 0x0000018fb9c9d800 1903       3       java.lang.AbstractStringBuilder::append (54 bytes)
Event: 1.455 Thread 0x0000018fb9c9d800 nmethod 1903 0x0000018fa3311f90 code [0x0000018fa33121c0, 0x0000018fa3312a88]
Event: 1.466 Thread 0x0000018fba04d000 nmethod 1894 0x0000018faa553090 code [0x0000018faa5532a0, 0x0000018faa5541f0]
Event: 1.468 Thread 0x0000018fb9c9d800 1906       3       java.lang.reflect.ProxyGenerator$ConstantPool::getFieldRef (33 bytes)
Event: 1.469 Thread 0x0000018fb9c9d800 nmethod 1906 0x0000018fa3312c10 code [0x0000018fa3312ee0, 0x0000018fa3313b48]
Event: 1.474 Thread 0x0000018fb9c9d800 1907       3       java.lang.invoke.TypeConvertingMethodAdapter::cast (42 bytes)
Event: 1.475 Thread 0x0000018fb9c9d800 nmethod 1907 0x0000018fa3314090 code [0x0000018fa33142a0, 0x0000018fa3314708]

GC Heap History (6 events):
Event: 0.418 GC heap before
{Heap before GC invocations=0 (full 0):
 garbage-first heap   total 126976K, used 29696K [0x0000000080000000, 0x0000000100000000)
  region size 1024K, 24 young (24576K), 0 survivors (0K)
 Metaspace       used 10242K, capacity 10491K, committed 10624K, reserved 1058816K
  class space    used 1072K, capacity 1141K, committed 1152K, reserved 1048576K
}
Event: 0.422 GC heap after
{Heap after GC invocations=1 (full 0):
 garbage-first heap   total 126976K, used 9244K [0x0000000080000000, 0x0000000100000000)
  region size 1024K, 3 young (3072K), 3 survivors (3072K)
 Metaspace       used 10242K, capacity 10491K, committed 10624K, reserved 1058816K
  class space    used 1072K, capacity 1141K, committed 1152K, reserved 1048576K
}
Event: 1.247 GC heap before
{Heap before GC invocations=1 (full 0):
 garbage-first heap   total 126976K, used 81948K [0x0000000080000000, 0x0000000100000000)
  region size 1024K, 74 young (75776K), 3 survivors (3072K)
 Metaspace       used 17555K, capacity 17928K, committed 18176K, reserved 1064960K
  class space    used 2077K, capacity 2219K, committed 2304K, reserved 1048576K
}
Event: 1.251 GC heap after
{Heap after GC invocations=2 (full 0):
 garbage-first heap   total 126976K, used 15844K [0x0000000080000000, 0x0000000100000000)
  region size 1024K, 10 young (10240K), 10 survivors (10240K)
 Metaspace       used 17555K, capacity 17928K, committed 18176K, reserved 1064960K
  class space    used 2077K, capacity 2219K, committed 2304K, reserved 1048576K
}
Event: 1.415 GC heap before
{Heap before GC invocations=2 (full 0):
 garbage-first heap   total 126976K, used 41444K [0x0000000080000000, 0x0000000100000000)
  region size 1024K, 36 young (36864K), 10 survivors (10240K)
 Metaspace       used 20678K, capacity 21081K, committed 21248K, reserved 1067008K
  class space    used 2543K, capacity 2695K, committed 2816K, reserved 1048576K
}
Event: 1.420 GC heap after
{Heap after GC invocations=3 (full 0):
 garbage-first heap   total 126976K, used 17188K [0x0000000080000000, 0x0000000100000000)
  region size 1024K, 2 young (2048K), 2 survivors (2048K)
 Metaspace       used 20678K, capacity 21081K, committed 21248K, reserved 1067008K
  class space    used 2543K, capacity 2695K, committed 2816K, reserved 1048576K
}

Deoptimization events (20 events):
Event: 1.400 Thread 0x0000018fbb372800 Uncommon trap: trap_request=0xffffffc6 fr.pc=0x0000018faa4d2e54 relative=0x0000000000000114
Event: 1.400 Thread 0x0000018fbb372800 Uncommon trap: reason=bimorphic_or_optimized_type_check action=maybe_recompile pc=0x0000018faa4d2e54 method=java.util.AbstractList$Itr.next()Ljava/lang/Object; @ 14 c2
Event: 1.400 Thread 0x0000018fbb372800 DEOPT PACKING pc=0x0000018faa4d2e54 sp=0x00000075cdcfa6d0
Event: 1.400 Thread 0x0000018fbb372800 DEOPT UNPACKING pc=0x0000018fa29985af sp=0x00000075cdcfa668 mode 2
Event: 1.401 Thread 0x0000018fbb372800 Uncommon trap: trap_request=0xffffff4d fr.pc=0x0000018faa4cfbf8 relative=0x00000000000005b8
Event: 1.401 Thread 0x0000018fbb372800 Uncommon trap: reason=unstable_if action=reinterpret pc=0x0000018faa4cfbf8 method=java.io.File.getName()Ljava/lang/String; @ 16 c2
Event: 1.401 Thread 0x0000018fbb372800 DEOPT PACKING pc=0x0000018faa4cfbf8 sp=0x00000075cdcfb0a0
Event: 1.401 Thread 0x0000018fbb372800 DEOPT UNPACKING pc=0x0000018fa29985af sp=0x00000075cdcfb070 mode 2
Event: 1.401 Thread 0x0000018fbb372800 Uncommon trap: trap_request=0xffffff4d fr.pc=0x0000018faa4cd410 relative=0x0000000000000450
Event: 1.401 Thread 0x0000018fbb372800 Uncommon trap: reason=unstable_if action=reinterpret pc=0x0000018faa4cd410 method=java.lang.String.substring(I)Ljava/lang/String; @ 34 c2
Event: 1.401 Thread 0x0000018fbb372800 DEOPT PACKING pc=0x0000018faa4cd410 sp=0x00000075cdcfb020
Event: 1.401 Thread 0x0000018fbb372800 DEOPT UNPACKING pc=0x0000018fa29985af sp=0x00000075cdcfaff8 mode 2
Event: 1.464 Thread 0x0000018fbb372800 Uncommon trap: trap_request=0xffffff4d fr.pc=0x0000018faa5510b0 relative=0x00000000000003b0
Event: 1.464 Thread 0x0000018fbb372800 Uncommon trap: reason=unstable_if action=reinterpret pc=0x0000018faa5510b0 method=jdk.internal.org.objectweb.asm.Type.getArgumentsAndReturnSizes(Ljava/lang/String;)I @ 88 c2
Event: 1.464 Thread 0x0000018fbb372800 DEOPT PACKING pc=0x0000018faa5510b0 sp=0x00000075cdcf9610
Event: 1.464 Thread 0x0000018fbb372800 DEOPT UNPACKING pc=0x0000018fa29985af sp=0x00000075cdcf9598 mode 2
Event: 1.468 Thread 0x0000018fbb372800 Uncommon trap: trap_request=0xffffffcc fr.pc=0x0000018faa548ff8 relative=0x00000000000002b8
Event: 1.468 Thread 0x0000018fbb372800 Uncommon trap: reason=intrinsic_or_type_checked_inlining action=make_not_entrant pc=0x0000018faa548ff8 method=java.util.Arrays.copyOf([Ljava/lang/Object;ILjava/lang/Class;)[Ljava/lang/Object; @ 35 c2
Event: 1.468 Thread 0x0000018fbb372800 DEOPT PACKING pc=0x0000018faa548ff8 sp=0x00000075cdcfb700
Event: 1.468 Thread 0x0000018fbb372800 DEOPT UNPACKING pc=0x0000018fa29985af sp=0x00000075cdcfb690 mode 2

Classes redefined (0 events):
No events

Internal exceptions (20 events):
Event: 0.318 Thread 0x0000018f9ee7d000 Exception <a 'java/lang/NoSuchMethodError'{0x0000000086ab32f8}: 'java.lang.Object java.lang.invoke.Invokers$Holder.invoker(java.lang.Object, java.lang.Object, java.lang.Object)'> (0x0000000086ab32f8) thrown at [./src/hotspot/share/interpreter/linkResolver.cpp, line 773]
Event: 0.321 Thread 0x0000018f9ee7d000 Exception <a 'java/lang/NoSuchMethodError'{0x0000000086ac4370}: 'void java.lang.invoke.DelegatingMethodHandle$Holder.delegate(java.lang.Object, java.lang.Object, int, java.lang.Object)'> (0x0000000086ac4370) thrown at [./src/hotspot/share/interpreter/linkResolver.cpp, line 773]
Event: 0.677 Thread 0x0000018f9ee7d000 Exception <a 'java/security/PrivilegedActionException'{0x0000000085664cb0}> (0x0000000085664cb0) thrown at [./src/hotspot/share/prims/jvm.cpp, line 1306]
Event: 0.677 Thread 0x0000018f9ee7d000 Exception <a 'java/security/PrivilegedActionException'{0x0000000085665228}> (0x0000000085665228) thrown at [./src/hotspot/share/prims/jvm.cpp, line 1306]
Event: 0.793 Thread 0x0000018f9ee7d000 Exception <a 'java/lang/NoSuchMethodError'{0x0000000084529100}: 'java.lang.Object java.lang.invoke.DirectMethodHandle$Holder.invokeStaticInit(java.lang.Object, java.lang.Object, java.lang.Object)'> (0x0000000084529100) thrown at [./src/hotspot/share/interpreter/linkResolver.cpp, line 773]
Event: 0.883 Thread 0x0000018f9ee7d000 Exception <a 'java/lang/NoSuchMethodError'{0x0000000083f8d780}: 'java.lang.Object java.lang.invoke.DirectMethodHandle$Holder.invokeStaticInit(java.lang.Object, int, int, int, int)'> (0x0000000083f8d780) thrown at [./src/hotspot/share/interpreter/linkResolver.cpp, line 773]
Event: 0.968 Thread 0x0000018f9ee7d000 Exception <a 'java/lang/NoSuchMethodError'{0x0000000083e30b70}: 'java.lang.Object java.lang.invoke.DirectMethodHandle$Holder.invokeStaticInit(java.lang.Object, java.lang.Object, int, int, int, int)'> (0x0000000083e30b70) thrown at [./src/hotspot/share/interpreter/linkResolver.cpp, line 773]
Event: 1.127 Thread 0x0000018f9ee7d000 Exception <a 'java/io/IOException'{0x0000000083deec28}> (0x0000000083deec28) thrown at [./src/hotspot/share/prims/jni.cpp, line 615]
Event: 1.206 Thread 0x0000018fbb372800 Exception <a 'java/lang/NoSuchMethodError'{0x00000000837a2580}: 'void java.lang.invoke.DirectMethodHandle$Holder.invokeVirtual(java.lang.Object, java.lang.Object, java.lang.Object, java.lang.Object)'> (0x00000000837a2580) thrown at [./src/hotspot/share/interpreter/linkResolver.cpp, line 773]
Event: 1.207 Thread 0x0000018fbb372800 Exception <a 'java/lang/NoSuchMethodError'{0x00000000837b1568}: 'void java.lang.invoke.DelegatingMethodHandle$Holder.reinvoke_L(java.lang.Object, java.lang.Object, java.lang.Object, java.lang.Object)'> (0x00000000837b1568) thrown at [./src/hotspot/share/interpreter/linkResolver.cpp, line 773]
Event: 1.211 Thread 0x0000018fbb372800 Exception <a 'java/lang/NoSuchMethodError'{0x00000000837e2720}: 'long java.lang.invoke.DirectMethodHandle$Holder.invokeInterface(java.lang.Object, java.lang.Object)'> (0x00000000837e2720) thrown at [./src/hotspot/share/interpreter/linkResolver.cpp, line 773]
Event: 1.213 Thread 0x0000018fbb372800 Exception <a 'java/lang/NoSuchMethodError'{0x0000000083606370}: 'void java.lang.invoke.DelegatingMethodHandle$Holder.reinvoke_L(java.lang.Object, java.lang.Object, java.lang.Object, java.lang.Object, java.lang.Object, java.lang.Object, java.lang.Object)'> (0x0000000083606370) thrown at [./src/hotspot/share/interpreter/linkResolver.cpp, line 773]
Event: 1.358 Thread 0x0000018fbb372800 Exception <a 'java/lang/NoSuchMethodError'{0x00000000868e97a0}: 'void java.lang.invoke.DirectMethodHandle$Holder.invokeStaticInit(java.lang.Object)'> (0x00000000868e97a0) thrown at [./src/hotspot/share/interpreter/linkResolver.cpp, line 773]
Event: 1.380 Thread 0x0000018fbb372800 Exception <a 'java/lang/NoSuchMethodError'{0x000000008650a448}: 'java.lang.Object java.lang.invoke.DirectMethodHandle$Holder.invokeStatic(java.lang.Object, java.lang.Object, java.lang.Object, int)'> (0x000000008650a448) thrown at [./src/hotspot/share/interpreter/linkResolver.cpp, line 773]
Event: 1.381 Thread 0x0000018fbb372800 Exception <a 'java/lang/NoSuchMethodError'{0x000000008650e8b8}: 'java.lang.Object java.lang.invoke.DirectMethodHandle$Holder.invokeSpecial(java.lang.Object, java.lang.Object, java.lang.Object, java.lang.Object, int)'> (0x000000008650e8b8) thrown at [./src/hotspot/share/interpreter/linkResolver.cpp, line 773]
Event: 1.381 Thread 0x0000018fbb372800 Exception <a 'java/lang/NoSuchMethodError'{0x0000000086512548}: 'java.lang.Object java.lang.invoke.Invokers$Holder.linkToTargetMethod(java.lang.Object, java.lang.Object, int, java.lang.Object)'> (0x0000000086512548) thrown at [./src/hotspot/share/interpreter/linkResolver.cpp, line 773]
Event: 1.432 Thread 0x0000018fbb372800 Exception <a 'java/lang/NoSuchMethodError'{0x0000000087a56c30}: 'int java.lang.invoke.DirectMethodHandle$Holder.invokeSpecialIFC(java.lang.Object, java.lang.Object, java.lang.Object, java.lang.Object)'> (0x0000000087a56c30) thrown at [./src/hotspot/share/interpreter/linkResolver.cpp, line 773]
Event: 1.433 Thread 0x0000018fbb372800 Exception <a 'java/lang/NoSuchMethodError'{0x0000000087a64ea8}: 'java.lang.Object java.lang.invoke.DirectMethodHandle$Holder.invokeInterface(java.lang.Object, java.lang.Object, java.lang.Object)'> (0x0000000087a64ea8) thrown at [./src/hotspot/share/interpreter/linkResolver.cpp, line 773]
Event: 1.433 Thread 0x0000018fbb372800 Exception <a 'java/lang/IncompatibleClassChangeError'{0x0000000087a68380}: Found class java.lang.Object, but interface was expected> (0x0000000087a68380) thrown at [./src/hotspot/share/interpreter/linkResolver.cpp, line 839]
Event: 1.447 Thread 0x0000018fbb372800 Exception <a 'java/lang/NoSuchMethodError'{0x0000000087865f00}: 'void java.lang.invoke.DirectMethodHandle$Holder.invokeStatic(java.lang.Object, java.lang.Object, java.lang.Object, java.lang.Object, java.lang.Object)'> (0x0000000087865f00) thrown at [./src/hotspot/share/interpreter/linkResolver.cpp, line 773]

Events (20 events):
Event: 1.474 loading class org/gradle/internal/buildtree/ProblemReportingBuildActionRunner
Event: 1.474 loading class org/gradle/internal/buildtree/ProblemReportingBuildActionRunner done
Event: 1.474 loading class org/gradle/launcher/exec/ChainingBuildActionRunner
Event: 1.474 loading class org/gradle/launcher/exec/ChainingBuildActionRunner done
Event: 1.474 loading class org/gradle/problems/buildtree/ProblemReporter
Event: 1.474 loading class org/gradle/problems/buildtree/ProblemReporter done
Event: 1.475 loading class org/gradle/api/internal/BuildDefinition
Event: 1.475 loading class org/gradle/api/internal/BuildDefinition done
Event: 1.475 loading class org/gradle/plugin/management/internal/PluginRequests
Event: 1.475 loading class org/gradle/plugin/management/internal/PluginRequests done
Event: 1.475 loading class org/gradle/plugin/management/internal/PluginRequests$EmptyPluginRequests
Event: 1.475 loading class org/gradle/plugin/management/internal/PluginRequests$EmptyPluginRequests done
Event: 1.475 loading class org/gradle/internal/Actions
Event: 1.475 loading class org/gradle/internal/Actions done
Event: 1.476 loading class org/gradle/internal/Actions$NullAction
Event: 1.476 loading class org/gradle/internal/Actions$NullAction done
Event: 1.476 loading class org/gradle/composite/internal/DefaultRootBuildState
Event: 1.476 loading class org/gradle/composite/internal/DefaultRootBuildState done
Event: 1.476 loading class org/gradle/composite/internal/AbstractCompositeParticipantBuildState
Event: 1.476 loading class org/gradle/composite/internal/AbstractCompositeParticipantBuildState done


Dynamic libraries:
0x00007ff6f7a00000 - 0x00007ff6f7a0a000 	C:\Program Files\Android\Android Studio\jre\bin\java.exe
0x00007ff991e30000 - 0x00007ff992028000 	C:\windows\SYSTEM32\ntdll.dll
0x00007ff991d30000 - 0x00007ff991def000 	C:\windows\System32\KERNEL32.DLL
0x00007ff98f9c0000 - 0x00007ff98fcb6000 	C:\windows\System32\KERNELBASE.dll
0x00007ff98f8c0000 - 0x00007ff98f9c0000 	C:\windows\System32\ucrtbase.dll
0x00007ff98c750000 - 0x00007ff98c769000 	C:\Program Files\Android\Android Studio\jre\bin\jli.dll
0x00007ff95d730000 - 0x00007ff95d747000 	C:\Program Files\Android\Android Studio\jre\bin\VCRUNTIME140.dll
0x00007ff990aa0000 - 0x00007ff990c3d000 	C:\windows\System32\USER32.dll
0x00007ff98f750000 - 0x00007ff98f772000 	C:\windows\System32\win32u.dll
0x00007ff973ba0000 - 0x00007ff973e3a000 	C:\windows\WinSxS\amd64_microsoft.windows.common-controls_6595b64144ccf1df_6.0.19041.1110_none_60b5254171f9507e\COMCTL32.dll
0x00007ff991af0000 - 0x00007ff991b1c000 	C:\windows\System32\GDI32.dll
0x00007ff990950000 - 0x00007ff9909ee000 	C:\windows\System32\msvcrt.dll
0x00007ff98fcc0000 - 0x00007ff98fdd5000 	C:\windows\System32\gdi32full.dll
0x00007ff98f820000 - 0x00007ff98f8bd000 	C:\windows\System32\msvcp_win.dll
0x00007ff990ea0000 - 0x00007ff990ed0000 	C:\windows\System32\IMM32.DLL
0x00007ff9557c0000 - 0x00007ff95585d000 	C:\Program Files\Android\Android Studio\jre\bin\msvcp140.dll
0x00007ff92de20000 - 0x00007ff92e905000 	C:\Program Files\Android\Android Studio\jre\bin\server\jvm.dll
0x00007ff9909f0000 - 0x00007ff990a9f000 	C:\windows\System32\ADVAPI32.dll
0x00007ff9903e0000 - 0x00007ff99047c000 	C:\windows\System32\sechost.dll
0x00007ff991010000 - 0x00007ff991136000 	C:\windows\System32\RPCRT4.dll
0x00007ff990010000 - 0x00007ff990018000 	C:\windows\System32\PSAPI.DLL
0x00007ff96e4b0000 - 0x00007ff96e4d7000 	C:\windows\SYSTEM32\WINMM.dll
0x00007ff989100000 - 0x00007ff989109000 	C:\windows\SYSTEM32\WSOCK32.dll
0x00007ff991a80000 - 0x00007ff991aeb000 	C:\windows\System32\WS2_32.dll
0x00007ff988680000 - 0x00007ff98868a000 	C:\windows\SYSTEM32\VERSION.dll
0x00007ff98dd20000 - 0x00007ff98dd32000 	C:\windows\SYSTEM32\kernel.appcore.dll
0x00007ff973770000 - 0x00007ff973781000 	C:\Program Files\Android\Android Studio\jre\bin\verify.dll
0x00007ff98d250000 - 0x00007ff98d434000 	C:\windows\SYSTEM32\DBGHELP.DLL
0x00007ff970560000 - 0x00007ff970594000 	C:\windows\SYSTEM32\dbgcore.DLL
0x00007ff98f560000 - 0x00007ff98f5e2000 	C:\windows\System32\bcryptPrimitives.dll
0x00007ff9599f0000 - 0x00007ff959a19000 	C:\Program Files\Android\Android Studio\jre\bin\java.dll
0x00007ff97bde0000 - 0x00007ff97bdeb000 	C:\Program Files\Android\Android Studio\jre\bin\jimage.dll
0x00007ff9599d0000 - 0x00007ff9599e8000 	C:\Program Files\Android\Android Studio\jre\bin\zip.dll
0x00007ff991210000 - 0x00007ff991954000 	C:\windows\System32\SHELL32.dll
0x00007ff98d570000 - 0x00007ff98dd03000 	C:\windows\SYSTEM32\windows.storage.dll
0x00007ff990080000 - 0x00007ff9903d4000 	C:\windows\System32\combase.dll
0x00007ff98ef00000 - 0x00007ff98ef2e000 	C:\windows\SYSTEM32\Wldp.dll
0x00007ff990f60000 - 0x00007ff99100d000 	C:\windows\System32\SHCORE.dll
0x00007ff9908f0000 - 0x00007ff990945000 	C:\windows\System32\shlwapi.dll
0x00007ff98f450000 - 0x00007ff98f46f000 	C:\windows\SYSTEM32\profapi.dll
0x00007ff9599b0000 - 0x00007ff9599ca000 	C:\Program Files\Android\Android Studio\jre\bin\net.dll
0x00007ff98a4b0000 - 0x00007ff98a5ba000 	C:\windows\SYSTEM32\WINHTTP.dll
0x00007ff98ebd0000 - 0x00007ff98ec3a000 	C:\windows\system32\mswsock.dll
0x00007ff959990000 - 0x00007ff9599a4000 	C:\Program Files\Android\Android Studio\jre\bin\nio.dll
0x00007ff988f10000 - 0x00007ff988f37000 	C:\Users\Anchal\.gradle\native\e1d6ef7f7dcc3fd88c89a11ec53ec762bb8ba0a96d01ffa2cd45eb1d1d8dd5c5\windows-amd64\native-platform.dll
0x00007ff954cf0000 - 0x00007ff954e34000 	C:\Users\Anchal\.gradle\native\5664cfc778a61ccfe75a443a1ab52a65af34e5dc3c78e0209fed803814484fcb\windows-amd64\native-platform-file-events.dll
0x00007ff96fa00000 - 0x00007ff96fa0a000 	C:\Program Files\Android\Android Studio\jre\bin\management.dll
0x00007ff96f980000 - 0x00007ff96f98d000 	C:\Program Files\Android\Android Studio\jre\bin\management_ext.dll
0x00007ff98ede0000 - 0x00007ff98edf8000 	C:\windows\SYSTEM32\CRYPTSP.dll
0x00007ff98e4d0000 - 0x00007ff98e504000 	C:\windows\system32\rsaenh.dll
0x00007ff98f7f0000 - 0x00007ff98f817000 	C:\windows\System32\bcrypt.dll
0x00007ff98f3d0000 - 0x00007ff98f3fe000 	C:\windows\SYSTEM32\USERENV.dll
0x00007ff98ee00000 - 0x00007ff98ee0c000 	C:\windows\SYSTEM32\CRYPTBASE.dll
0x00007ff98e8b0000 - 0x00007ff98e8ec000 	C:\windows\SYSTEM32\IPHLPAPI.DLL
0x00007ff991a70000 - 0x00007ff991a78000 	C:\windows\System32\NSI.dll
0x00007ff988560000 - 0x00007ff988577000 	C:\windows\SYSTEM32\dhcpcsvc6.DLL
0x00007ff988540000 - 0x00007ff98855d000 	C:\windows\SYSTEM32\dhcpcsvc.DLL
0x00007ff98e8f0000 - 0x00007ff98e9bb000 	C:\windows\SYSTEM32\DNSAPI.dll

dbghelp: loaded successfully - version: 4.0.5 - missing functions: none
symbol engine: initialized successfully - sym options: 0x614 - pdb path: .;C:\Program Files\Android\Android Studio\jre\bin;C:\windows\SYSTEM32;C:\windows\WinSxS\amd64_microsoft.windows.common-controls_6595b64144ccf1df_6.0.19041.1110_none_60b5254171f9507e;C:\Program Files\Android\Android Studio\jre\bin\server;C:\Users\Anchal\.gradle\native\e1d6ef7f7dcc3fd88c89a11ec53ec762bb8ba0a96d01ffa2cd45eb1d1d8dd5c5\windows-amd64;C:\Users\Anchal\.gradle\native\5664cfc778a61ccfe75a443a1ab52a65af34e5dc3c78e0209fed803814484fcb\windows-amd64

VM Arguments:
jvm_args: --add-opens=java.base/java.util=ALL-UNNAMED --add-opens=java.base/java.lang=ALL-UNNAMED --add-opens=java.base/java.lang.invoke=ALL-UNNAMED --add-opens=java.base/java.util=ALL-UNNAMED --add-opens=java.prefs/java.util.prefs=ALL-UNNAMED --add-opens=java.prefs/java.util.prefs=ALL-UNNAMED --add-opens=java.base/java.nio.charset=ALL-UNNAMED --add-opens=java.base/java.net=ALL-UNNAMED --add-opens=java.base/java.util.concurrent.atomic=ALL-UNNAMED -Xmx2048m -Dfile.encoding=UTF-8 -Duser.country=IN -Duser.language=en -Duser.variant 
java_command: org.gradle.launcher.daemon.bootstrap.GradleDaemon 7.2
java_class_path (initial): C:\Users\Anchal\.gradle\wrapper\dists\gradle-7.2-bin\2dnblmf4td7x66yl1d74lt32g\gradle-7.2\lib\gradle-launcher-7.2.jar
Launcher Type: SUN_STANDARD

[Global flags]
     intx CICompilerCount                          = 4                                         {product} {ergonomic}
     uint ConcGCThreads                            = 2                                         {product} {ergonomic}
     uint G1ConcRefinementThreads                  = 8                                         {product} {ergonomic}
   size_t G1HeapRegionSize                         = 1048576                                   {product} {ergonomic}
    uintx GCDrainStackTargetSize                   = 64                                        {product} {ergonomic}
   size_t InitialHeapSize                          = 130023424                                 {product} {ergonomic}
   size_t MarkStackSize                            = 4194304                                   {product} {ergonomic}
   size_t MaxHeapSize                              = 2147483648                                {product} {command line}
   size_t MaxNewSize                               = 1287651328                                {product} {ergonomic}
   size_t MinHeapDeltaBytes                        = 1048576                                   {product} {ergonomic}
    uintx NonNMethodCodeHeapSize                   = 5836300                                {pd product} {ergonomic}
    uintx NonProfiledCodeHeapSize                  = 122910970                              {pd product} {ergonomic}
    uintx ProfiledCodeHeapSize                     = 122910970                              {pd product} {ergonomic}
    uintx ReservedCodeCacheSize                    = 251658240                              {pd product} {ergonomic}
     bool SegmentedCodeCache                       = true                                      {product} {ergonomic}
     bool UseCompressedClassPointers               = true                                 {lp64_product} {ergonomic}
     bool UseCompressedOops                        = true                                 {lp64_product} {ergonomic}
     bool UseG1GC                                  = true                                      {product} {ergonomic}
     bool UseLargePagesIndividualAllocation        = false                                  {pd product} {ergonomic}

Logging:
Log output configuration:
 #0: stdout all=warning uptime,level,tags
 #1: stderr all=off uptime,level,tags

Environment Variables:
JAVA_HOME=C:\Program Files\Java\jdk-20
PATH=C:\Program Files\Python311\Scripts\;C:\Program Files\Python311\;C:\Program Files\Common Files\Oracle\Java\javapath;C:\Python39\Scripts\;C:\Python39\;C:\windows\system32;C:\windows;C:\windows\System32\Wbem;C:\windows\System32\WindowsPowerShell\v1.0\;C:\windows\System32\OpenSSH\;C:\Program Files\Android\Android Studio\gradle-7.1-bin\gradle-7.1\bin\;C:\MinGW\bin\;C:\ProgramData\chocolatey\bin;C:\Program Files\nodejs\;C:\Users\Anchal\Documents\mysql\mysql-5.7.38-winx64\bin;C:\Program Files\Java\jdk-20\bin;C:\Program Files\Git\cmd;C:\Users\Anchal\anaconda3;C:\Users\Anchal\anaconda3\Library\mingw-w64\bin;C:\Users\Anchal\anaconda3\Library\usr\bin;C:\Users\Anchal\anaconda3\Library\bin;C:\Users\Anchal\anaconda3\Scripts;C:\Users\Anchal\AppData\Local\Microsoft\WindowsApps;C:\Users\Anchal\AppData\Local\Programs\Microsoft VS Code\bin;C:\Users\Anchal\AppData\Local\atom\bin;C:\Program Files\JetBrains\IntelliJ IDEA Community Edition 2021.1.2\bin;;C:\Users\Anchal\AppData\Roaming\npm;C:\Program Files\MongoDB\Server\4.4\bin
USERNAME=Anchal
OS=Windows_NT
PROCESSOR_IDENTIFIER=Intel64 Family 6 Model 140 Stepping 1, GenuineIntel



---------------  S Y S T E M  ---------------

OS: Windows 10 , 64 bit Build 19041 (10.0.19041.2913)
OS uptime: 6 days 19:46 hours
Hyper-V role detected

CPU:total 8 (initial active 8) (4 cores per cpu, 2 threads per core) family 6 model 140 stepping 1 microcode 0x8a, cmov, cx8, fxsr, mmx, sse, sse2, sse3, ssse3, sse4.1, sse4.2, popcnt, avx, avx2, aes, clmul, erms, 3dnowpref, lzcnt, ht, tsc, tscinvbit, bmi1, bmi2, adx, evex, sha, fma

Memory: 4k page, system-wide physical 7834M (464M free)
TotalPageFile size 12834M (AvailPageFile size 5M)
current process WorkingSet (physical memory assigned to process): 207M, peak: 207M
current process commit charge ("private bytes"): 274M, peak: 275M

vm_info: OpenJDK 64-Bit Server VM (11.0.12+7-b1504.28-7817840) for windows-amd64 JRE (11.0.12+7-b1504.28-7817840), built on Oct 13 2021 22:12:33 by "builder" with MS VC++ 14.0 (VS2015)

END.
